**************************************************************
* Voltage Drop Report file

* Units:
*   Length Unit         : um
*   Length Scale        : 0.001
*   Voltage Unit        : mV
*
* Cell Name : fa_4bit
* Net Name   : VDD
* Number of Resistors: 1983
* Threshold V: (min, max)=(1.634170 434.983462)
* Format: [left bottom right top] on Layer is voltage
*
[0 20080 720 20560] on M9 is 2.613
[720 20080 960 20560] on M9 is 2.613
[480 20080 960 20560] on VIA8 is 12.102
[480 18035 960 20320] on M8 is 16.739
[480 20320 960 20535] on M8 is 14.174
[480 20535 960 23035] on M8 is 20.414
[480 20310 960 20760] on VIA8 is 19.983
[720 20310 3380 20760] on M9 is 26.287
[480 20310 720 20760] on M9 is 19.983
[3380 20310 5180 20760] on M9 is 30.414
[3260 20310 3500 20760] on VIA8 is 26.476
[3260 18035 3500 20535] on M8 is 26.476
[3260 20535 3500 23035] on M8 is 29.431
[3260 23035 3500 25535] on M8 is 29.431
[3260 22810 3500 23260] on VIA8 is 29.953
[3380 22810 5180 23260] on M9 is 33.695
[720 22810 3380 23260] on M9 is 29.953
[480 22810 720 23260] on M9 is 24.989
[480 22810 960 23260] on VIA8 is 24.989
[480 23035 960 25280] on M8 is 20.414
[480 25280 960 25535] on M8 is 15.887
[480 25040 960 25520] on VIA8 is 13.392
[720 25040 960 25520] on M9 is 2.892
[0 25040 720 25520] on M9 is 2.892
[480 25535 960 28035] on M8 is 20.982
[480 25310 960 25760] on VIA8 is 22.185
[720 25310 3380 25760] on M9 is 29.021
[480 25310 720 25760] on M9 is 22.185
[3380 25310 5180 25760] on M9 is 33.529
[3260 25310 3500 25760] on VIA8 is 29.181
[3260 25535 3500 28035] on M8 is 29.913
[3260 28035 3500 30535] on M8 is 29.913
[3260 27810 3500 28260] on VIA8 is 30.355
[3380 27810 5180 28260] on M9 is 33.98
[720 27810 3380 28260] on M9 is 30.355
[480 27810 720 28260] on M9 is 25.477
[480 27810 960 28260] on VIA8 is 25.477
[480 28035 960 30240] on M8 is 20.982
[480 30240 960 30535] on M8 is 16.043
[480 30000 960 30480] on VIA8 is 13.292
[720 30000 960 30480] on M9 is 2.87
[0 30000 720 30480] on M9 is 2.87
[480 30535 960 33535] on M8 is 23.597
[480 30310 960 30760] on VIA8 is 21.579
[720 30310 3380 30760] on M9 is 27.588
[480 30310 720 30760] on M9 is 21.579
[3380 30310 5180 30760] on M9 is 31.403
[3260 30310 3500 30760] on VIA8 is 27.931
[3260 30535 3500 33535] on M8 is 28.08
[3260 33535 3500 36035] on M8 is 28.08
[3260 33310 3500 33760] on VIA8 is 28.484
[3380 33310 5180 33760] on M9 is 30.502
[720 33310 3380 33760] on M9 is 28.484
[480 33310 720 33760] on M9 is 25.94
[480 33310 960 33760] on VIA8 is 25.94
[480 33535 960 33550] on M8 is 23.597
[480 33550 960 36035] on M8 is 23.591
[480 33310 960 33790] on VIA8 is 23.591
[480 36035 960 38535] on M8 is 22.689
[480 35810 960 36260] on VIA8 is 24.305
[720 35810 3380 36260] on M9 is 26.059
[480 35810 720 36260] on M9 is 24.305
[3380 35810 5180 36260] on M9 is 27.494
[3260 35810 3500 36260] on VIA8 is 26.059
[3260 36035 3500 38535] on M8 is 25.721
[3260 38535 3500 41035] on M8 is 21.281
[3260 38310 3500 38760] on VIA8 is 21.281
[3380 38310 5180 38760] on M9 is 22.755
[720 38310 3380 38760] on M9 is 21.233
[480 38310 720 38760] on M9 is 18.933
[480 38310 960 38760] on VIA8 is 18.933
[480 38535 960 40160] on M8 is 16.814
[480 40160 960 41035] on M8 is 11.815
[480 39920 960 40400] on VIA8 is 8.761
[720 39920 960 40400] on M9 is 1.892
[0 39920 720 40400] on M9 is 1.892
[480 41035 960 43535] on M8 is 13.186
[480 40810 960 41260] on VIA8 is 14.208
[720 40810 3380 41260] on M9 is 16.804
[480 40810 720 41260] on M9 is 14.208
[3380 40810 5180 41260] on M9 is 18.32
[3260 40810 3500 41260] on VIA8 is 17.132
[3260 41035 3500 43535] on M8 is 17.132
[3260 43535 3500 48670] on M8 is 15.002
[3260 43310 3500 43760] on VIA8 is 15.045
[3380 43310 5180 43760] on M9 is 15.732
[720 43310 3380 43760] on M9 is 15.045
[480 43310 720 43760] on M9 is 14.078
[480 43310 960 43760] on VIA8 is 14.078
[480 43535 960 48670] on M8 is 13.186
[480 48670 960 49120] on M8 is 10.375
[480 48220 960 49120] on VIA8 is 10.375
[720 48220 3380 49120] on M9 is 9.93
[480 48220 720 49120] on M9 is 9.93
[3380 48220 5180 49120] on M9 is 9.688
[3260 48220 3500 49120] on VIA8 is 10.078
[3260 48670 3500 49120] on M8 is 10.078
[5180 48220 7340 49120] on M9 is 9.381
[5060 48220 5300 49120] on VIA8 is 9.847
[5060 43535 5300 48670] on M8 is 15.726
[5060 48670 5300 49120] on M8 is 9.847
[5060 41035 5300 43535] on M8 is 18.551
[5060 43310 5300 43760] on VIA8 is 15.732
[5180 43310 7340 43760] on M9 is 16.561
[7340 43310 9140 43760] on M9 is 17.249
[7220 43310 7460 43760] on VIA8 is 16.566
[7220 41035 7460 43535] on M8 is 20.093
[7220 43535 7460 48670] on M8 is 16.566
[7220 48670 7460 49120] on M8 is 9.377
[7220 48220 7460 49120] on VIA8 is 9.377
[7340 48220 9140 49120] on M9 is 8.808
[9140 48220 10210 49120] on M9 is 8.121
[9020 48220 9260 49120] on VIA8 is 8.79
[9020 43535 9260 48670] on M8 is 17.239
[9020 48670 9260 49120] on M8 is 8.79
[9020 41035 9260 43535] on M8 is 21.287
[9020 43310 9260 43760] on VIA8 is 17.249
[9140 43310 11300 43760] on M9 is 18.084
[11300 43310 13100 43760] on M9 is 18.777
[11180 43310 11420 43760] on VIA8 is 18.088
[11180 41035 11420 43535] on M8 is 22.643
[11180 43535 11420 48670] on M8 is 18.088
[11180 48670 11420 49120] on M8 is 8.784
[11180 48220 11420 49120] on VIA8 is 8.784
[10210 48220 11300 49120] on M9 is 8.047
[11300 48220 13100 49120] on M9 is 8.57
[13100 48220 15260 49120] on M9 is 8.867
[12980 48220 13220 49120] on VIA8 is 9.323
[12980 43535 13220 48670] on M8 is 18.821
[12980 48670 13220 49120] on M8 is 9.323
[12980 41035 13220 43535] on M8 is 23.717
[12980 43310 13220 43760] on VIA8 is 18.821
[13100 43310 15260 43760] on M9 is 19.569
[15260 43310 17060 43760] on M9 is 20.178
[15140 43310 15380 43760] on VIA8 is 19.638
[15140 41035 15380 43535] on M8 is 24.925
[15140 43535 15380 48670] on M8 is 19.638
[15140 48670 15380 49120] on M8 is 9.657
[15140 48220 15380 49120] on VIA8 is 9.657
[15260 48220 16690 49120] on M9 is 8.867
[16690 48220 17060 49120] on M9 is 8.832
[16240 48220 17140 49120] on VIA8 is 8.832
[17060 48220 19220 49120] on M9 is 8.823
[16940 48220 17180 49120] on VIA8 is 9.662
[16940 43535 17180 48670] on M8 is 20.251
[16940 48670 17180 49120] on M8 is 9.662
[16940 41035 17180 43535] on M8 is 25.854
[16940 43310 17180 43760] on VIA8 is 20.251
[17060 43310 19220 43760] on M9 is 20.845
[19220 43310 20000 43760] on M9 is 21.069
[19100 43310 19340 43760] on VIA8 is 20.898
[19100 41035 19340 43535] on M8 is 26.865
[19100 43535 19340 48670] on M8 is 20.898
[19100 48670 19340 49120] on M8 is 9.318
[19100 48220 19340 49120] on VIA8 is 9.318
[19220 48220 19940 49120] on M9 is 8.401
[19940 48220 20000 49120] on M9 is 8.165
[19490 48220 20390 49120] on VIA8 is 8.126
[19490 48220 20390 48670] on M8 is 3.078
[19490 48670 20390 49600] on M8 is 3.078
[20000 48220 21020 49120] on M9 is 8.704
[19920 48220 20080 49120] on VIA8 is 8.747
[19920 48220 20080 49120] on VIA7 is 9.892
[19920 48220 20080 49120] on VIA6 is 11.037
[19920 48220 20080 49120] on VIA5 is 12.182
[19920 48220 20080 49120] on VIA4 is 13.327
[19920 48220 20080 49120] on VIA3 is 14.472
[19920 48220 20080 49120] on VIA2 is 15.618
[19920 48220 20080 49120] on VIA1 is 16.763
[19920 43535 20080 48670] on M1 is 27.788
[19920 48670 20080 49120] on M1 is 16.763
[19920 41035 20080 43535] on M1 is 36.016
[19920 43310 20080 43760] on VIA1 is 27.788
[19920 43310 20080 43760] on VIA2 is 26.872
[19920 43310 20080 43760] on VIA3 is 25.957
[19920 43310 20080 43760] on VIA4 is 25.041
[19920 43310 20080 43760] on VIA5 is 24.125
[19920 43310 20080 43760] on VIA6 is 23.21
[19920 43310 20080 43760] on VIA7 is 22.294
[19920 43310 20080 43760] on VIA8 is 21.379
[20000 43310 21020 43760] on M9 is 21.232
[21020 43310 22820 43760] on M9 is 21.467
[20900 43310 21140 43760] on VIA8 is 21.305
[20900 41035 21140 43535] on M8 is 27.437
[20900 43535 21140 48670] on M8 is 21.305
[20900 48670 21140 49120] on M8 is 9.629
[20900 48220 21140 49120] on VIA8 is 9.629
[21020 48220 22820 49120] on M9 is 9.316
[22820 48220 22880 49120] on M9 is 9.326
[22700 48220 22940 49120] on VIA8 is 10.216
[22700 43535 22940 48670] on M8 is 21.575
[22700 48670 22940 49120] on M8 is 10.216
[22700 41035 22940 43535] on M8 is 27.769
[22700 43310 22940 43760] on VIA8 is 21.575
[22820 43310 22880 43760] on M9 is 21.472
[22880 43310 24980 43760] on M9 is 21.528
[22800 43310 22960 43760] on VIA8 is 21.619
[22800 43310 22960 43760] on VIA7 is 22.054
[22800 43310 22960 43760] on VIA6 is 22.488
[22800 43310 22960 43760] on VIA5 is 22.922
[22800 43310 22960 43760] on VIA4 is 23.357
[22800 43310 22960 43760] on VIA3 is 23.791
[22800 43310 22960 43760] on VIA2 is 24.225
[22800 43310 22960 43760] on VIA1 is 24.659
[22800 41035 22960 43535] on M1 is 30.211
[22800 43535 22960 48670] on M1 is 24.659
[22800 48670 22960 49120] on M1 is 16.044
[22800 48220 22960 49120] on VIA1 is 16.044
[22800 48220 22960 49120] on VIA2 is 15.149
[22800 48220 22960 49120] on VIA3 is 14.255
[22800 48220 22960 49120] on VIA4 is 13.36
[22800 48220 22960 49120] on VIA5 is 12.465
[22800 48220 22960 49120] on VIA6 is 11.57
[22800 48220 22960 49120] on VIA7 is 10.675
[22800 48220 22960 49120] on VIA8 is 9.781
[22880 48220 24800 49120] on M9 is 9.448
[24800 48220 24980 49120] on M9 is 9.46
[24350 48220 25250 49120] on VIA8 is 9.448
[24980 48220 25760 49120] on M9 is 9.46
[24860 48220 25100 49120] on VIA8 is 10.354
[24860 43535 25100 48670] on M8 is 21.653
[24860 48670 25100 49120] on M8 is 10.354
[24860 41035 25100 43535] on M8 is 27.922
[24860 43310 25100 43760] on VIA8 is 21.653
[24980 43310 25760 43760] on M9 is 21.528
[25760 43310 26780 43760] on M9 is 21.509
[25680 43310 25840 43760] on VIA8 is 22.011
[25680 43310 25840 43760] on VIA7 is 23.492
[25680 43310 25840 43760] on VIA6 is 24.973
[25680 43310 25840 43760] on VIA5 is 26.454
[25680 43310 25840 43760] on VIA4 is 27.936
[25680 43310 25840 43760] on VIA3 is 29.417
[25680 43310 25840 43760] on VIA2 is 30.898
[25680 43310 25840 43760] on VIA1 is 32.379
[25680 41035 25840 43535] on M1 is 43.302
[25680 43535 25840 48670] on M1 is 32.379
[25680 48670 25840 49120] on M1 is 19.45
[25680 48220 25840 49120] on VIA1 is 19.45
[25680 48220 25840 49120] on VIA2 is 18.107
[25680 48220 25840 49120] on VIA3 is 16.764
[25680 48220 25840 49120] on VIA4 is 15.421
[25680 48220 25840 49120] on VIA5 is 14.078
[25680 48220 25840 49120] on VIA6 is 12.735
[25680 48220 25840 49120] on VIA7 is 11.392
[25680 48220 25840 49120] on VIA8 is 10.05
[25760 48220 26780 49120] on M9 is 9.367
[26780 48220 28940 49120] on M9 is 9.104
[26660 48220 26900 49120] on VIA8 is 10.005
[26660 43535 26900 48670] on M8 is 21.385
[26660 48670 26900 49120] on M8 is 10.005
[26660 41035 26900 43535] on M8 is 27.601
[26660 43310 26900 43760] on VIA8 is 21.385
[26780 43310 28940 43760] on M9 is 21.275
[28940 43310 30740 43760] on M9 is 20.683
[28820 43310 29060 43760] on VIA8 is 20.741
[28820 41035 29060 43535] on M8 is 26.779
[28820 43535 29060 48670] on M8 is 20.741
[28820 48670 29060 49120] on M8 is 9.073
[28820 48220 29060 49120] on VIA8 is 9.073
[28940 48220 29670 49120] on M9 is 8.149
[29670 48220 30740 49120] on M9 is 8.057
[29220 48220 30120 49120] on VIA8 is 7.689
[29220 48220 30120 48670] on M8 is 2.913
[29220 48670 30120 49600] on M8 is 2.913
[30740 48220 32900 49120] on M9 is 8.407
[30620 48220 30860 49120] on VIA8 is 8.948
[30620 43535 30860 48670] on M8 is 20.2
[30620 48670 30860 49120] on M8 is 8.948
[30620 41035 30860 43535] on M8 is 26.005
[30620 43310 30860 43760] on VIA8 is 20.2
[30740 43310 32900 43760] on M9 is 20.147
[32900 43310 34700 43760] on M9 is 19.457
[32780 43310 33020 43760] on VIA8 is 19.528
[32780 41035 33020 43535] on M8 is 24.978
[32780 43535 33020 48670] on M8 is 19.528
[32780 48670 33020 49120] on M8 is 9.223
[32780 48220 33020 49120] on VIA8 is 9.223
[32900 48220 32910 49120] on M9 is 8.407
[32910 48220 34700 49120] on M9 is 8.407
[32460 48220 33360 49120] on VIA8 is 8.407
[34700 48220 36860 49120] on M9 is 8.399
[34580 48220 34820 49120] on VIA8 is 9.17
[34580 43535 34820 48670] on M8 is 18.897
[34580 48670 34820 49120] on M8 is 9.17
[34580 41035 34820 43535] on M8 is 24.041
[34580 43310 34820 43760] on VIA8 is 18.897
[34700 43310 36860 43760] on M9 is 18.83
[36860 43310 38660 43760] on M9 is 18.02
[36740 43310 36980 43760] on VIA8 is 18.06
[36740 41035 36980 43535] on M8 is 22.824
[36740 43535 36980 48670] on M8 is 18.06
[36740 48670 36980 49120] on M8 is 8.785
[36740 48220 36980 49120] on VIA8 is 8.785
[36860 48220 38660 49120] on M9 is 8.05
[38660 48220 39390 49120] on M9 is 7.49
[38540 48220 38780 49120] on VIA8 is 8.211
[38540 43535 38780 48670] on M8 is 17.313
[38540 48670 38780 49120] on M8 is 8.211
[38540 41035 38780 43535] on M8 is 21.735
[38540 43310 38780 43760] on VIA8 is 17.315
[38660 43310 40460 43760] on M9 is 17.315
[40460 43310 42620 43760] on M9 is 16.611
[40340 43310 40580 43760] on VIA8 is 16.611
[40340 41035 40580 43535] on M8 is 20.578
[40340 43535 40580 48670] on M8 is 16.6
[40340 48670 40580 49120] on M8 is 8.293
[40340 48220 40580 49120] on VIA8 is 8.293
[39390 48220 40460 49120] on M9 is 7.635
[40460 48220 42620 49120] on M9 is 8.313
[42620 48220 44420 49120] on M9 is 8.678
[42500 48220 42740 49120] on VIA8 is 8.86
[42500 43535 42740 48670] on M8 is 15.768
[42500 48670 42740 49120] on M8 is 8.86
[42500 41035 42740 43535] on M8 is 19.083
[42500 43310 42740 43760] on VIA8 is 15.776
[42620 43310 44420 43760] on M9 is 15.776
[44420 43310 47920 43760] on M9 is 15.086
[44300 43310 44540 43760] on VIA8 is 15.086
[44300 41035 44540 43535] on M8 is 17.703
[44300 43535 44540 48670] on M8 is 15.05
[44300 48670 44540 49120] on M8 is 9.145
[44300 48220 44540 49120] on VIA8 is 9.145
[44420 48220 47920 49120] on M9 is 9.053
[47920 48220 48160 49120] on M9 is 9.053
[47680 48220 48160 49120] on VIA8 is 9.578
[47680 43535 48160 48670] on M8 is 12.892
[47680 48670 48160 49120] on M8 is 9.578
[47680 41035 48160 43535] on M8 is 12.892
[47680 43310 48160 43760] on VIA8 is 13.795
[47920 43310 48160 43760] on M9 is 13.795
[47680 40160 48160 41035] on M8 is 11.728
[47680 40810 48160 41260] on VIA8 is 14.056
[47920 40810 48160 41260] on M9 is 14.056
[44420 40810 47920 41260] on M9 is 17.381
[42620 40810 44420 41260] on M9 is 18.854
[44300 40810 44540 41260] on VIA8 is 17.703
[44300 38535 44540 41035] on M8 is 22.336
[44300 36035 44540 38535] on M8 is 27.391
[44300 38310 44540 38760] on VIA8 is 22.336
[44420 38310 47920 38760] on M9 is 22.267
[42620 38310 44420 38760] on M9 is 23.744
[40460 38310 42620 38760] on M9 is 25.467
[42500 38310 42740 38760] on VIA8 is 23.802
[42500 36035 42740 38535] on M8 is 28.871
[42500 38535 42740 41035] on M8 is 23.802
[42500 40810 42740 41260] on VIA8 is 19.083
[40460 40810 42620 41260] on M9 is 20.421
[38660 40810 40460 41260] on M9 is 21.611
[40340 40810 40580 41260] on VIA8 is 20.578
[40340 38535 40580 41035] on M8 is 25.52
[40340 36035 40580 38535] on M8 is 30.787
[40340 38310 40580 38760] on VIA8 is 25.52
[38660 38310 40460 38760] on M9 is 26.863
[36860 38310 38660 38760] on M9 is 28.218
[38540 38310 38780 38760] on VIA8 is 26.92
[38540 36035 38780 38535] on M8 is 32.454
[38540 38535 38780 41035] on M8 is 26.92
[38540 40810 38780 41260] on VIA8 is 21.735
[36860 40810 38660 41260] on M9 is 22.71
[34700 40810 36860 41260] on M9 is 23.929
[36740 40810 36980 41260] on VIA8 is 22.824
[36740 38535 36980 41035] on M8 is 28.285
[36740 36035 36980 38535] on M8 is 34.162
[36740 38310 36980 38760] on VIA8 is 28.285
[34700 38310 36860 38760] on M9 is 29.784
[32900 38310 34700 38760] on M9 is 31.025
[34580 38310 34820 38760] on VIA8 is 29.87
[34580 36035 34820 38535] on M8 is 36.229
[34580 38535 34820 41035] on M8 is 29.87
[34580 40810 34820 41260] on VIA8 is 24.041
[32900 40810 34700 41260] on M9 is 24.863
[30740 40810 32900 41260] on M9 is 25.883
[32780 40810 33020 41260] on VIA8 is 24.978
[32780 38535 33020 41035] on M8 is 31.131
[32780 36035 33020 38535] on M8 is 37.936
[32780 38310 33020 38760] on VIA8 is 31.131
[30740 38310 32900 38760] on M9 is 32.422
[28940 38310 30740 38760] on M9 is 33.487
[30620 38310 30860 38760] on VIA8 is 32.556
[30620 36035 30860 38535] on M8 is 39.936
[30620 38535 30860 41035] on M8 is 32.556
[30620 40810 30860 41260] on VIA8 is 26.005
[28940 40810 30740 41260] on M9 is 26.644
[26780 40810 28940 41260] on M9 is 27.437
[28820 40810 29060 41260] on VIA8 is 26.779
[28820 38535 29060 41035] on M8 is 33.651
[28820 36035 29060 38535] on M8 is 41.528
[28820 38310 29060 38760] on VIA8 is 33.651
[26780 38310 28940 38760] on M9 is 34.621
[25760 38310 26780 38760] on M9 is 35.071
[26660 38310 26900 38760] on VIA8 is 34.825
[26660 36035 26900 38535] on M8 is 43.307
[26660 38535 26900 41035] on M8 is 34.825
[26660 40810 26900 41260] on VIA8 is 27.601
[25760 40810 26780 41260] on M9 is 27.743
[24980 40810 25760 41260] on M9 is 27.749
[25680 40810 25840 41260] on VIA8 is 28.462
[25680 40810 25840 41260] on VIA7 is 30.582
[25680 40810 25840 41260] on VIA6 is 32.702
[25680 40810 25840 41260] on VIA5 is 34.822
[25680 40810 25840 41260] on VIA4 is 36.942
[25680 40810 25840 41260] on VIA3 is 39.062
[25680 40810 25840 41260] on VIA2 is 41.182
[25680 40810 25840 41260] on VIA1 is 43.302
[25680 38535 25840 41035] on M1 is 60.851
[25680 36035 25840 38535] on M1 is 89.377
[25680 38310 25840 38760] on VIA1 is 60.851
[25680 38310 25840 38760] on VIA2 is 57.338
[25680 38310 25840 38760] on VIA3 is 53.825
[25680 38310 25840 38760] on VIA4 is 50.312
[25680 38310 25840 38760] on VIA5 is 46.8
[25680 38310 25840 38760] on VIA6 is 43.287
[25680 38310 25840 38760] on VIA7 is 39.774
[25680 38310 25840 38760] on VIA8 is 36.261
[24980 38310 25760 38760] on M9 is 35.071
[22880 38310 24980 38760] on M9 is 35.036
[24860 38310 25100 38760] on VIA8 is 35.253
[24860 36035 25100 38535] on M8 is 43.919
[24860 38535 25100 41035] on M8 is 35.253
[24860 40810 25100 41260] on VIA8 is 27.922
[22880 40810 24980 41260] on M9 is 27.749
[22820 40810 22880 41260] on M9 is 27.616
[22800 40810 22960 41260] on VIA8 is 27.736
[22800 40810 22960 41260] on VIA7 is 28.089
[22800 40810 22960 41260] on VIA6 is 28.443
[22800 40810 22960 41260] on VIA5 is 28.796
[22800 40810 22960 41260] on VIA4 is 29.15
[22800 40810 22960 41260] on VIA3 is 29.504
[22800 40810 22960 41260] on VIA2 is 29.857
[22800 40810 22960 41260] on VIA1 is 30.211
[22800 38535 22960 41035] on M1 is 36.867
[22800 36035 22960 38535] on M1 is 44.422
[22800 38310 22960 38760] on VIA1 is 36.867
[22800 38310 22960 38760] on VIA2 is 36.58
[22800 38310 22960 38760] on VIA3 is 36.292
[22800 38310 22960 38760] on VIA4 is 36.005
[22800 38310 22960 38760] on VIA5 is 35.717
[22800 38310 22960 38760] on VIA6 is 35.43
[22800 38310 22960 38760] on VIA7 is 35.142
[22800 38310 22960 38760] on VIA8 is 34.855
[22820 38310 22880 38760] on M9 is 34.757
[21020 38310 22820 38760] on M9 is 34.747
[22700 38310 22940 38760] on VIA8 is 34.943
[22700 36035 22940 38535] on M8 is 43.325
[22700 38535 22940 41035] on M8 is 34.943
[22700 40810 22940 41260] on VIA8 is 27.769
[21020 40810 22820 41260] on M9 is 27.609
[20000 40810 21020 41260] on M9 is 27.29
[20900 40810 21140 41260] on VIA8 is 27.437
[20900 38535 21140 41035] on M8 is 34.476
[20900 36035 21140 38535] on M8 is 42.647
[20900 38310 21140 38760] on VIA8 is 34.476
[20000 38310 21020 38760] on M9 is 34.292
[19220 38310 20000 38760] on M9 is 33.957
[19920 38310 20080 38760] on VIA8 is 34.609
[19920 38310 20080 38760] on VIA7 is 36.531
[19920 38310 20080 38760] on VIA6 is 38.453
[19920 38310 20080 38760] on VIA5 is 40.375
[19920 38310 20080 38760] on VIA4 is 42.298
[19920 38310 20080 38760] on VIA3 is 44.22
[19920 38310 20080 38760] on VIA2 is 46.142
[19920 38310 20080 38760] on VIA1 is 48.064
[19920 36035 20080 38535] on M1 is 66.119
[19920 38535 20080 41035] on M1 is 48.064
[19920 40810 20080 41260] on VIA1 is 36.016
[19920 40810 20080 41260] on VIA2 is 34.794
[19920 40810 20080 41260] on VIA3 is 33.572
[19920 40810 20080 41260] on VIA4 is 32.35
[19920 40810 20080 41260] on VIA5 is 31.128
[19920 40810 20080 41260] on VIA6 is 29.906
[19920 40810 20080 41260] on VIA7 is 28.684
[19920 40810 20080 41260] on VIA8 is 27.462
[19220 40810 20000 41260] on M9 is 27.047
[17060 40810 19220 41260] on M9 is 26.73
[19100 40810 19340 41260] on VIA8 is 26.865
[19100 38535 19340 41035] on M8 is 33.658
[19100 36035 19340 38535] on M8 is 41.459
[19100 38310 19340 38760] on VIA8 is 33.658
[17060 38310 19220 38760] on M9 is 33.494
[15260 38310 17060 38760] on M9 is 32.067
[16940 38310 17180 38760] on VIA8 is 32.193
[16940 36035 17180 38535] on M8 is 39.308
[16940 38535 17180 41035] on M8 is 32.193
[16940 40810 17180 41260] on VIA8 is 25.854
[15260 40810 17060 41260] on M9 is 25.734
[13100 40810 15260 41260] on M9 is 24.815
[15140 40810 15380 41260] on VIA8 is 24.925
[15140 38535 15380 41035] on M8 is 30.884
[15140 36035 15380 38535] on M8 is 37.45
[15140 38310 15380 38760] on VIA8 is 30.884
[13100 38310 15260 38760] on M9 is 30.785
[11300 38310 13100 38760] on M9 is 29.16
[12980 38310 13220 38760] on VIA8 is 29.231
[12980 36035 13220 38535] on M8 is 35.179
[12980 38535 13220 41035] on M8 is 29.231
[12980 40810 13220 41260] on VIA8 is 23.717
[11300 40810 13100 41260] on M9 is 23.616
[9140 40810 11300 41260] on M9 is 22.544
[11180 40810 11420 41260] on VIA8 is 22.643
[11180 38535 11420 41035] on M8 is 27.806
[11180 36035 11420 38535] on M8 is 33.289
[11180 38310 11420 38760] on VIA8 is 27.806
[9140 38310 11300 38760] on M9 is 27.754
[7340 38310 9140 38760] on M9 is 26.021
[9020 38310 9260 38760] on VIA8 is 26.059
[9020 36035 9260 38535] on M8 is 31.06
[9020 38535 9260 41035] on M8 is 26.059
[9020 40810 9260 41260] on VIA8 is 21.287
[7340 40810 9140 41260] on M9 is 21.169
[5180 40810 7340 41260] on M9 is 19.937
[7220 40810 7460 41260] on VIA8 is 20.093
[7220 38535 7460 41035] on M8 is 24.582
[7220 36035 7460 38535] on M8 is 29.272
[7220 38310 7460 38760] on VIA8 is 24.582
[5180 38310 7340 38760] on M9 is 24.55
[5060 38310 5300 38760] on VIA8 is 22.791
[5060 36035 5300 38535] on M8 is 27.25
[5060 38535 5300 41035] on M8 is 22.791
[5060 40810 5300 41260] on VIA8 is 18.551
[5060 33535 5300 36035] on M8 is 30.204
[5060 35810 5300 36260] on VIA8 is 27.494
[5180 35810 7340 36260] on M9 is 29.432
[7340 35810 9140 36260] on M9 is 31.165
[7220 35810 7460 36260] on VIA8 is 29.432
[7220 33535 7460 36035] on M8 is 32.973
[7220 30535 7460 33535] on M8 is 35.855
[7220 33310 7460 33760] on VIA8 is 33.185
[7340 33310 9140 33760] on M9 is 35.576
[5180 33310 7340 33760] on M9 is 33.185
[5060 33310 5300 33760] on VIA8 is 30.502
[5060 30535 5300 33535] on M8 is 31.556
[5060 28035 5300 30535] on M8 is 33.625
[5060 30310 5300 30760] on VIA8 is 31.556
[5180 30310 7340 30760] on M9 is 35.845
[7340 30310 9140 30760] on M9 is 39.54
[7220 30310 7460 30760] on VIA8 is 35.855
[7220 28035 7460 30535] on M8 is 38.319
[7220 25535 7460 28035] on M8 is 38.782
[7220 27810 7460 28260] on VIA8 is 38.644
[7340 27810 9140 28260] on M9 is 42.769
[5180 27810 7340 28260] on M9 is 38.644
[5060 27810 5300 28260] on VIA8 is 33.98
[5060 25535 5300 28035] on M8 is 33.625
[5060 23035 5300 25535] on M8 is 33.509
[5060 25310 5300 25760] on VIA8 is 33.529
[5180 25310 7340 25760] on M9 is 38.956
[7340 25310 9140 25760] on M9 is 43.606
[7220 25310 7460 25760] on VIA8 is 38.956
[7220 23035 7460 25535] on M8 is 38.782
[7220 20535 7460 23035] on M8 is 38.179
[7220 22810 7460 23260] on VIA8 is 38.557
[7340 22810 9140 23260] on M9 is 42.886
[5180 22810 7340 23260] on M9 is 38.557
[5060 22810 5300 23260] on VIA8 is 33.695
[5060 20535 5300 23035] on M8 is 33.275
[5060 18035 5300 20535] on M8 is 30.454
[5060 20310 5300 20760] on VIA8 is 30.454
[5180 20310 7340 20760] on M9 is 35.331
[7340 20310 9140 20760] on M9 is 39.486
[7220 20310 7460 20760] on VIA8 is 35.331
[7220 18035 7460 20535] on M8 is 35.253
[7220 15035 7460 18035] on M8 is 31.849
[7220 17810 7460 18260] on VIA8 is 31.999
[7340 17810 9140 18260] on M9 is 35.371
[5180 17810 7340 18260] on M9 is 31.999
[3380 17810 5180 18260] on M9 is 28.084
[5060 17810 5300 18260] on VIA8 is 28.084
[5060 15035 5300 18035] on M8 is 27.88
[5060 12535 5300 15035] on M8 is 23.283
[5060 14810 5300 15260] on VIA8 is 23.283
[5180 14810 7340 15260] on M9 is 26.556
[3380 14810 5180 15260] on M9 is 23.12
[720 14810 3380 15260] on M9 is 20.136
[3260 14810 3500 15260] on VIA8 is 20.387
[3260 12535 3500 15035] on M8 is 20.387
[3260 15035 3500 18035] on M8 is 24.681
[3260 17810 3500 18260] on VIA8 is 24.971
[720 17810 3380 18260] on M9 is 24.971
[480 17810 720 18260] on M9 is 20.687
[480 17810 960 18260] on VIA8 is 20.687
[480 17010 960 18035] on M8 is 16.739
[480 15360 960 17010] on M8 is 13.844
[480 16770 960 17250] on VIA8 is 13.844
[480 15035 960 15360] on M8 is 11.143
[480 15120 960 15600] on VIA8 is 9.184
[720 15120 960 15600] on M9 is 1.983
[0 15120 720 15600] on M9 is 1.983
[480 12535 960 15035] on M8 is 12.958
[480 14810 960 15260] on VIA8 is 15.456
[480 14810 720 15260] on M9 is 15.456
[480 10400 960 12535] on M8 is 12.958
[480 12310 960 12760] on VIA8 is 15.601
[720 12310 3380 12760] on M9 is 18.471
[480 12310 720 12760] on M9 is 15.601
[3380 12310 5180 12760] on M9 is 20.501
[3260 12310 3500 12760] on VIA8 is 18.471
[3260 10035 3500 12535] on M8 is 18.35
[3260 7535 3500 10035] on M8 is 15.571
[3260 9810 3500 10260] on VIA8 is 15.571
[3380 9810 5180 10260] on M9 is 17.16
[720 9810 3380 10260] on M9 is 15.276
[480 9810 720 10260] on M9 is 12.17
[480 9810 960 10260] on VIA8 is 12.17
[480 10035 960 10400] on M8 is 9.309
[480 7535 960 10035] on M8 is 12.442
[480 5035 960 7535] on M8 is 12.442
[480 7310 960 7760] on VIA8 is 13.534
[720 7310 3380 7760] on M9 is 14.719
[480 7310 720 7760] on M9 is 13.534
[3380 7310 5180 7760] on M9 is 15.601
[3260 7310 3500 7760] on VIA8 is 14.719
[3260 5035 3500 7535] on M8 is 14.61
[3260 930 3500 5035] on M8 is 12.979
[3260 4810 3500 5260] on VIA8 is 13.068
[3380 4810 5180 5260] on M9 is 13.433
[720 4810 3380 5260] on M9 is 13.068
[480 4810 720 5260] on M9 is 12.625
[480 4810 960 5260] on VIA8 is 12.625
[480 930 960 5035] on M8 is 12.217
[480 480 960 930] on M8 is 9.787
[480 480 960 1380] on VIA8 is 9.787
[720 480 3380 1380] on M9 is 9.305
[480 480 720 1380] on M9 is 9.305
[3380 480 5180 1380] on M9 is 9.044
[3260 480 3500 1380] on VIA8 is 9.399
[3260 480 3500 930] on M8 is 9.399
[5180 480 7340 1380] on M9 is 8.737
[5060 480 5300 1380] on VIA8 is 9.155
[5060 480 5300 930] on M8 is 9.155
[5060 930 5300 5035] on M8 is 13.37
[5060 5035 5300 7535] on M8 is 15.544
[5060 4810 5300 5260] on VIA8 is 13.433
[5180 4810 7340 5260] on M9 is 13.928
[7340 4810 9140 5260] on M9 is 14.38
[7220 4810 7460 5260] on VIA8 is 13.928
[7220 930 7460 5035] on M8 is 13.874
[7220 5035 7460 7535] on M8 is 16.691
[7220 7535 7460 10035] on M8 is 19.386
[7220 7310 7460 7760] on VIA8 is 16.711
[7340 7310 9140 7760] on M9 is 17.65
[5180 7310 7340 7760] on M9 is 16.711
[5060 7310 5300 7760] on VIA8 is 15.601
[5060 7535 5300 10035] on M8 is 17.366
[5060 10035 5300 12535] on M8 is 20.458
[5060 9810 5300 10260] on VIA8 is 17.366
[5180 9810 7340 10260] on M9 is 19.239
[7340 9810 9140 10260] on M9 is 20.863
[7220 9810 7460 10260] on VIA8 is 19.386
[7220 10035 7460 12535] on M8 is 22.987
[7220 12535 7460 15035] on M8 is 26.661
[7220 12310 7460 12760] on VIA8 is 22.987
[7340 12310 9140 12760] on M9 is 25.028
[5180 12310 7340 12760] on M9 is 22.975
[5060 12310 5300 12760] on VIA8 is 20.501
[9140 12310 11300 12760] on M9 is 27.454
[9020 12310 9260 12760] on VIA8 is 25.072
[9020 10035 9260 12535] on M8 is 25.072
[9020 12535 9260 15035] on M8 is 29.423
[9020 15035 9260 18035] on M8 is 35.247
[9020 14810 9260 15260] on VIA8 is 29.423
[9140 14810 11300 15260] on M9 is 32.612
[7340 14810 9140 15260] on M9 is 29.341
[7220 14810 7460 15260] on VIA8 is 26.661
[11300 14810 13100 15260] on M9 is 35.284
[11180 14810 11420 15260] on VIA8 is 32.686
[11180 12535 11420 15035] on M8 is 32.686
[11180 15035 11420 18035] on M8 is 39.422
[11180 18035 11420 20535] on M8 is 44.384
[11180 17810 11420 18260] on VIA8 is 39.528
[11300 17810 13100 18260] on M9 is 43.069
[9140 17810 11300 18260] on M9 is 39.528
[9020 17810 9260 18260] on VIA8 is 35.371
[9020 18035 9260 20535] on M8 is 39.336
[9020 20535 9260 23035] on M8 is 42.504
[9020 20310 9260 20760] on VIA8 is 39.486
[9140 20310 11300 20760] on M9 is 44.604
[11300 20310 13100 20760] on M9 is 49.03
[11180 20310 11420 20760] on VIA8 is 44.604
[11180 20535 11420 23035] on M8 is 47.998
[11180 23035 11420 25535] on M8 is 49.035
[11180 22810 11420 23260] on VIA8 is 48.417
[11300 22810 13100 23260] on M9 is 53.333
[9140 22810 11300 23260] on M9 is 48.417
[9020 22810 9260 23260] on VIA8 is 42.886
[9020 23035 9260 25535] on M8 is 43.327
[9020 25535 9260 28035] on M8 is 43.327
[9020 25310 9260 25760] on VIA8 is 43.606
[9140 25310 11300 25760] on M9 is 49.432
[11300 25310 13100 25760] on M9 is 54.578
[11180 25310 11420 25760] on VIA8 is 49.432
[11180 25535 11420 28035] on M8 is 49.035
[11180 28035 11420 30535] on M8 is 47.636
[11180 27810 11420 28260] on VIA8 is 48.015
[11300 27810 13100 28260] on M9 is 52.666
[9140 27810 11300 28260] on M9 is 48.015
[9020 27810 9260 28260] on VIA8 is 42.769
[9020 28035 9260 30535] on M8 is 42.433
[9020 30535 9260 33535] on M8 is 39.472
[9020 30310 9260 30760] on VIA8 is 39.54
[9140 30310 11300 30760] on M9 is 44.034
[11300 30310 13100 30760] on M9 is 47.873
[11180 30310 11420 30760] on VIA8 is 44.034
[11180 30535 11420 33535] on M8 is 43.905
[11180 33535 11420 36035] on M8 is 38.478
[11180 33310 11420 33760] on VIA8 is 38.586
[11300 33310 13100 33760] on M9 is 41.174
[9140 33310 11300 33760] on M9 is 38.586
[9020 33310 9260 33760] on VIA8 is 35.576
[9020 33535 9260 36035] on M8 is 35.417
[9020 35810 9260 36260] on VIA8 is 31.165
[9140 35810 11300 36260] on M9 is 33.337
[11300 35810 13100 36260] on M9 is 35.182
[11180 35810 11420 36260] on VIA8 is 33.337
[13100 35810 15260 36260] on M9 is 37.4
[12980 35810 13220 36260] on VIA8 is 35.182
[12980 33535 13220 36035] on M8 is 41.106
[12980 30535 13220 33535] on M8 is 47.713
[12980 33310 13220 33760] on VIA8 is 41.174
[13100 33310 15260 33760] on M9 is 44.34
[15260 33310 17060 33760] on M9 is 46.991
[15140 33310 15380 33760] on VIA8 is 44.34
[15140 30535 15380 33535] on M8 is 52.442
[15140 33535 15380 36035] on M8 is 44.323
[15140 35810 15380 36260] on VIA8 is 37.45
[15260 35810 17060 36260] on M9 is 39.211
[17060 35810 19220 36260] on M9 is 41.298
[16940 35810 17180 36260] on VIA8 is 39.308
[16940 33535 17180 36035] on M8 is 47.025
[16940 30535 17180 33535] on M8 is 56.533
[16940 33310 17180 33760] on VIA8 is 47.025
[17060 33310 19220 33760] on M9 is 50.143
[19220 33310 20000 33760] on M9 is 51.246
[19100 33310 19340 33760] on VIA8 is 50.254
[19100 30535 19340 33535] on M8 is 61.625
[19100 33535 19340 36035] on M8 is 50.254
[19100 35810 19340 36260] on VIA8 is 41.459
[19220 35810 20000 36260] on M9 is 42
[20000 35810 21020 36260] on M9 is 42.455
[19920 35810 20080 36260] on VIA8 is 43.114
[19920 35810 20080 36260] on VIA7 is 46.4
[19920 35810 20080 36260] on VIA6 is 49.687
[19920 35810 20080 36260] on VIA5 is 52.973
[19920 35810 20080 36260] on VIA4 is 56.26
[19920 35810 20080 36260] on VIA3 is 59.546
[19920 35810 20080 36260] on VIA2 is 62.833
[19920 35810 20080 36260] on VIA1 is 66.119
[19920 33535 20080 36035] on M1 is 94.444
[19920 30535 20080 33535] on M1 is 150.508
[19920 33310 20080 33760] on VIA1 is 94.444
[19920 33310 20080 33760] on VIA2 is 88.558
[19920 33310 20080 33760] on VIA3 is 82.672
[19920 33310 20080 33760] on VIA4 is 76.785
[19920 33310 20080 33760] on VIA5 is 70.899
[19920 33310 20080 33760] on VIA6 is 65.013
[19920 33310 20080 33760] on VIA7 is 59.127
[19920 33310 20080 33760] on VIA8 is 53.24
[20000 33310 21020 33760] on M9 is 51.857
[21020 33310 22820 33760] on M9 is 52.832
[20900 33310 21140 33760] on VIA8 is 52.001
[20900 30535 21140 33535] on M8 is 64.288
[20900 33535 21140 36035] on M8 is 52.001
[20900 35810 21140 36260] on VIA8 is 42.647
[21020 35810 22820 36260] on M9 is 43.116
[22820 35810 22880 36260] on M9 is 43.133
[22700 35810 22940 36260] on VIA8 is 43.325
[22700 33535 22940 36035] on M8 is 52.992
[22700 30535 22940 33535] on M8 is 65.778
[22700 33310 22940 33760] on VIA8 is 52.992
[22820 33310 22880 33760] on M9 is 52.86
[22880 33310 24980 33760] on M9 is 53.872
[22800 33310 22960 33760] on VIA8 is 52.86
[22800 33310 22960 33760] on VIA7 is 52.845
[22800 33310 22960 33760] on VIA6 is 52.799
[22800 33310 22960 33760] on VIA5 is 52.754
[22800 33310 22960 33760] on VIA4 is 52.708
[22800 33310 22960 33760] on VIA3 is 52.663
[22800 33310 22960 33760] on VIA2 is 52.617
[22800 33310 22960 33760] on VIA1 is 52.572
[22800 30535 22960 33535] on M1 is 62.08
[22800 33535 22960 36035] on M1 is 52.526
[22800 35810 22960 36260] on VIA1 is 44.422
[22800 35810 22960 36260] on VIA2 is 44.246
[22800 35810 22960 36260] on VIA3 is 44.071
[22800 35810 22960 36260] on VIA4 is 43.895
[22800 35810 22960 36260] on VIA5 is 43.719
[22800 35810 22960 36260] on VIA6 is 43.544
[22800 35810 22960 36260] on VIA7 is 43.368
[22800 35810 22960 36260] on VIA8 is 43.192
[22880 35810 24980 36260] on M9 is 43.674
[24980 35810 25760 36260] on M9 is 43.797
[24860 35810 25100 36260] on VIA8 is 43.919
[24860 33535 25100 36035] on M8 is 54.09
[24860 30535 25100 33535] on M8 is 67.903
[24860 33310 25100 33760] on VIA8 is 54.09
[24980 33310 25760 33760] on M9 is 54.179
[25760 33310 26780 33760] on M9 is 54.179
[25680 33310 25840 33760] on VIA8 is 58.018
[25680 33310 25840 33760] on VIA7 is 69.345
[25680 33310 25840 33760] on VIA6 is 80.673
[25680 33310 25840 33760] on VIA5 is 92.001
[25680 33310 25840 33760] on VIA4 is 103.329
[25680 33310 25840 33760] on VIA3 is 114.657
[25680 33310 25840 33760] on VIA2 is 125.984
[25680 33310 25840 33760] on VIA1 is 137.312
[25680 30535 25840 33535] on M1 is 237.313
[25680 33535 25840 36035] on M1 is 137.312
[25680 35810 25840 36260] on VIA1 is 89.377
[25680 35810 25840 36260] on VIA2 is 83.166
[25680 35810 25840 36260] on VIA3 is 76.956
[25680 35810 25840 36260] on VIA4 is 70.745
[25680 35810 25840 36260] on VIA5 is 64.534
[25680 35810 25840 36260] on VIA6 is 58.323
[25680 35810 25840 36260] on VIA7 is 52.113
[25680 35810 25840 36260] on VIA8 is 45.902
[25760 35810 26780 36260] on M9 is 43.797
[26780 35810 28940 36260] on M9 is 43.082
[26660 35810 26900 36260] on VIA8 is 43.307
[26660 33535 26900 36035] on M8 is 53.175
[26660 30535 26900 33535] on M8 is 66.44
[26660 33310 26900 33760] on VIA8 is 53.175
[26780 33310 28940 33760] on M9 is 52.982
[28940 33310 30740 33760] on M9 is 50.278
[28820 33310 29060 33760] on VIA8 is 50.38
[28820 30535 29060 33535] on M8 is 61.754
[28820 33535 29060 36035] on M8 is 50.38
[28820 35810 29060 36260] on VIA8 is 41.528
[28940 35810 30740 36260] on M9 is 41.369
[30740 35810 32900 36260] on M9 is 39.826
[30620 35810 30860 36260] on VIA8 is 39.936
[30620 33535 30860 36035] on M8 is 47.994
[30620 30535 30860 33535] on M8 is 58
[30620 33310 30860 33760] on VIA8 is 47.994
[30740 33310 32900 33760] on M9 is 47.949
[32900 33310 34700 33760] on M9 is 45.115
[32780 33310 33020 33760] on VIA8 is 45.115
[32780 30535 33020 33535] on M8 is 53.679
[32780 33535 33020 36035] on M8 is 45.11
[32780 35810 33020 36260] on VIA8 is 37.936
[32900 35810 34700 36260] on M9 is 37.876
[34700 35810 36860 36260] on M9 is 36.208
[34580 35810 34820 36260] on VIA8 is 36.229
[34580 33535 34820 36035] on M8 is 42.718
[34580 30535 34820 33535] on M8 is 50.222
[34580 33310 34820 33760] on VIA8 is 42.757
[34700 33310 36860 33760] on M9 is 42.757
[36860 33310 38660 33760] on M9 is 39.961
[36740 33310 36980 33760] on VIA8 is 39.961
[36740 30535 36980 33535] on M8 is 46.221
[36740 33535 36980 36035] on M8 is 39.888
[36740 35810 36980 36260] on VIA8 is 34.186
[36860 35810 38660 36260] on M9 is 34.186
[38660 35810 40460 36260] on M9 is 32.52
[38540 35810 38780 36260] on VIA8 is 32.52
[38540 33535 38780 36035] on M8 is 37.581
[38540 30535 38780 33535] on M8 is 42.973
[38540 33310 38780 33760] on VIA8 is 37.685
[38660 33310 40460 33760] on M9 is 37.685
[40460 33310 42620 33760] on M9 is 35.484
[40340 33310 40580 33760] on VIA8 is 35.484
[40340 30535 40580 33535] on M8 is 39.768
[40340 33535 40580 36035] on M8 is 35.343
[40340 35810 40580 36260] on VIA8 is 30.902
[40460 35810 42620 36260] on M9 is 30.902
[42620 35810 44420 36260] on M9 is 29.063
[42500 35810 42740 36260] on VIA8 is 29.063
[42500 33535 42740 36035] on M8 is 32.76
[42500 30535 42740 33535] on M8 is 35.894
[42500 33310 42740 33760] on VIA8 is 32.968
[42620 33310 44420 33760] on M9 is 32.968
[44420 33310 47920 33760] on M9 is 31.023
[44300 33310 44540 33760] on VIA8 is 31.023
[44300 30535 44540 33535] on M8 is 32.528
[44300 33535 44540 36035] on M8 is 30.725
[44300 35810 44540 36260] on VIA8 is 27.671
[44420 35810 47920 36260] on M9 is 27.671
[47920 35810 48160 36260] on M9 is 25.365
[47680 35810 48160 36260] on VIA8 is 25.365
[47680 33550 48160 36035] on M8 is 25.31
[47680 36035 48160 38535] on M8 is 23.75
[47680 38535 48160 40160] on M8 is 17.217
[47680 38310 48160 38760] on VIA8 is 19.297
[47920 38310 48160 38760] on M9 is 19.297
[47680 39920 48160 40400] on VIA8 is 8.816
[47920 39920 48640 40400] on M9 is 1.904
[47680 39920 47920 40400] on M9 is 1.904
[47680 33535 48160 33550] on M8 is 25.319
[47680 33310 48160 33790] on VIA8 is 25.31
[47680 30535 48160 33535] on M8 is 25.319
[47680 33310 48160 33760] on VIA8 is 27.668
[47920 33310 48160 33760] on M9 is 27.668
[47680 30240 48160 30535] on M8 is 18.536
[47680 30310 48160 30760] on VIA8 is 24.06
[47920 30310 48160 30760] on M9 is 24.06
[44420 30310 47920 30760] on M9 is 31.948
[42620 30310 44420 30760] on M9 is 35.579
[44300 30310 44540 30760] on VIA8 is 32.528
[44300 28035 44540 30535] on M8 is 37.597
[44300 25535 44540 28035] on M8 is 40.29
[44300 27810 44540 28260] on VIA8 is 37.983
[44420 27810 47920 28260] on M9 is 37.983
[42620 27810 44420 28260] on M9 is 40.794
[40460 27810 42620 28260] on M9 is 44.478
[42500 27810 42740 28260] on VIA8 is 40.794
[42500 25535 42740 28035] on M8 is 42.814
[42500 28035 42740 30535] on M8 is 40.44
[42500 30310 42740 30760] on VIA8 is 35.894
[40460 30310 42620 30760] on M9 is 39.659
[38660 30310 40460 30760] on M9 is 42.979
[40340 30310 40580 30760] on VIA8 is 39.768
[40340 28035 40580 30535] on M8 is 44.127
[40340 25535 40580 28035] on M8 is 46.323
[40340 27810 40580 28260] on VIA8 is 44.478
[38660 27810 40460 28260] on M9 is 47.807
[36860 27810 38660 28260] on M9 is 51.409
[38540 27810 38780 28260] on VIA8 is 47.807
[38540 25535 38780 28035] on M8 is 49.617
[38540 28035 38780 30535] on M8 is 47.436
[38540 30310 38780 30760] on VIA8 is 42.979
[36860 30310 38660 30760] on M9 is 46.302
[34700 30310 36860 30760] on M9 is 50.361
[36740 30310 36980 30760] on VIA8 is 46.302
[36740 28035 36980 30535] on M8 is 51.001
[36740 25535 36980 28035] on M8 is 53.275
[36740 27810 36980 28260] on VIA8 is 51.409
[34700 27810 36860 28260] on M9 is 56.089
[32900 27810 34700 28260] on M9 is 60.336
[34580 27810 34820 28260] on VIA8 is 56.089
[34580 25535 34820 28035] on M8 is 58.119
[34580 28035 34820 30535] on M8 is 55.618
[34580 30310 34820 30760] on VIA8 is 50.361
[32900 30310 34700 30760] on M9 is 53.847
[30740 30310 32900 30760] on M9 is 58.176
[32780 30310 33020 30760] on VIA8 is 53.847
[32780 28035 33020 30535] on M8 is 59.794
[32780 25535 33020 28035] on M8 is 62.573
[32780 27810 33020 28260] on VIA8 is 60.336
[30740 27810 32900 28260] on M9 is 65.91
[28940 27810 30740 28260] on M9 is 71.037
[30620 27810 30860 28260] on VIA8 is 65.91
[30620 25535 30860 28035] on M8 is 68.473
[30620 28035 30860 30535] on M8 is 65.254
[30620 30310 30860 30760] on VIA8 is 58.176
[28940 30310 30740 30760] on M9 is 61.913
[26780 30310 28940 30760] on M9 is 66.539
[28820 30310 29060 30760] on VIA8 is 61.913
[28820 28035 29060 30535] on M8 is 70.253
[28820 25535 29060 28035] on M8 is 73.929
[28820 27810 29060 28260] on VIA8 is 71.037
[26780 27810 28940 28260] on M9 is 77.881
[25760 27810 26780 28260] on M9 is 81.527
[26660 27810 26900 28260] on VIA8 is 77.881
[26660 25535 26900 28035] on M8 is 81.218
[26660 28035 26900 30535] on M8 is 76.886
[26660 30310 26900 30760] on VIA8 is 66.539
[25760 30310 26780 30760] on M9 is 68.764
[24980 30310 25760 30760] on M9 is 68.764
[25680 30310 25840 30760] on VIA8 is 76.547
[25680 30310 25840 30760] on VIA7 is 99.514
[25680 30310 25840 30760] on VIA6 is 122.48
[25680 30310 25840 30760] on VIA5 is 145.447
[25680 30310 25840 30760] on VIA4 is 168.413
[25680 30310 25840 30760] on VIA3 is 191.38
[25680 30310 25840 30760] on VIA2 is 214.347
[25680 30310 25840 30760] on VIA1 is 237.313
[25680 28320 25840 30535] on M1 is 374.736
[25680 28035 25840 28320] on M1 is 379.695
[25680 27520 25840 28035] on M1 is 414.81
[25680 27810 25840 28260] on VIA1 is 379.695
[25680 27810 25840 28260] on VIA2 is 339.066
[25680 27810 25840 28260] on VIA3 is 298.438
[25680 27810 25840 28260] on VIA4 is 257.809
[25680 27810 25840 28260] on VIA5 is 217.181
[25680 27810 25840 28260] on VIA6 is 176.552
[25680 27810 25840 28260] on VIA7 is 135.924
[25680 27810 25840 28260] on VIA8 is 95.295
[24980 27810 25760 28260] on M9 is 81.527
[22880 27810 24980 28260] on M9 is 79.933
[24860 27810 25100 28260] on VIA8 is 79.933
[24860 25535 25100 28035] on M8 is 83.429
[24860 28035 25100 30535] on M8 is 78.885
[24860 30310 25100 30760] on VIA8 is 67.989
[22880 30310 24980 30760] on M9 is 67.989
[22820 30310 22880 30760] on M9 is 65.975
[22800 30310 22960 30760] on VIA8 is 65.975
[22800 30310 22960 30760] on VIA7 is 65.795
[22800 30310 22960 30760] on VIA6 is 65.264
[22800 30310 22960 30760] on VIA5 is 64.734
[22800 30310 22960 30760] on VIA4 is 64.203
[22800 30310 22960 30760] on VIA3 is 63.672
[22800 30310 22960 30760] on VIA2 is 63.142
[22800 30310 22960 30760] on VIA1 is 62.611
[22800 28035 22960 30535] on M1 is 68.384
[22800 25535 22960 28035] on M1 is 71.215
[22800 27810 22960 28260] on VIA1 is 69.495
[22800 27810 22960 28260] on VIA2 is 70.606
[22800 27810 22960 28260] on VIA3 is 71.718
[22800 27810 22960 28260] on VIA4 is 72.829
[22800 27810 22960 28260] on VIA5 is 73.94
[22800 27810 22960 28260] on VIA6 is 75.051
[22800 27810 22960 28260] on VIA7 is 76.162
[22800 27810 22960 28260] on VIA8 is 76.539
[22820 27810 22880 28260] on M9 is 76.539
[21020 27810 22820 28260] on M9 is 76.451
[22700 27810 22940 28260] on VIA8 is 76.451
[22700 25535 22940 28035] on M8 is 79.808
[22700 28035 22940 30535] on M8 is 75.553
[22700 30310 22940 30760] on VIA8 is 65.922
[21020 30310 22820 30760] on M9 is 65.922
[20000 30310 21020 30760] on M9 is 64.433
[20900 30310 21140 30760] on VIA8 is 64.433
[20900 28035 21140 30535] on M8 is 73.638
[20900 25535 21140 28035] on M8 is 77.825
[20900 27810 21140 28260] on VIA8 is 74.478
[20000 27810 21020 28260] on M9 is 74.478
[19220 27810 20000 28260] on M9 is 73.71
[19920 27810 20080 28260] on VIA8 is 80.534
[19920 27810 20080 28260] on VIA7 is 100.671
[19920 27810 20080 28260] on VIA6 is 120.807
[19920 27810 20080 28260] on VIA5 is 140.944
[19920 27810 20080 28260] on VIA4 is 161.08
[19920 27810 20080 28260] on VIA3 is 181.217
[19920 27810 20080 28260] on VIA2 is 201.354
[19920 27810 20080 28260] on VIA1 is 221.49
[19920 25535 20080 28035] on M1 is 256.515
[19920 28035 20080 28320] on M1 is 224.671
[19920 28320 20080 30535] on M1 is 224.671
[19920 30310 20080 30760] on VIA1 is 150.508
[19920 30310 20080 30760] on VIA2 is 138.673
[19920 30310 20080 30760] on VIA3 is 126.837
[19920 30310 20080 30760] on VIA4 is 115.002
[19920 30310 20080 30760] on VIA5 is 103.166
[19920 30310 20080 30760] on VIA6 is 91.331
[19920 30310 20080 30760] on VIA7 is 79.495
[19920 30310 20080 30760] on VIA8 is 67.66
[19220 30310 20000 30760] on M9 is 63.649
[17060 30310 19220 30760] on M9 is 61.773
[19100 30310 19340 30760] on VIA8 is 61.773
[19100 28035 19340 30535] on M8 is 70.187
[19100 25535 19340 28035] on M8 is 74.054
[19100 27810 19340 28260] on VIA8 is 70.951
[17060 27810 19220 28260] on M9 is 70.951
[15260 27810 17060 28260] on M9 is 63.982
[16940 27810 17180 28260] on VIA8 is 63.982
[16940 25535 17180 28035] on M8 is 66.399
[16940 28035 17180 30535] on M8 is 63.365
[16940 30310 17180 30760] on VIA8 is 56.71
[15260 30310 17060 30760] on M9 is 56.71
[13100 30310 15260 30760] on M9 is 52.622
[15140 30310 15380 30760] on VIA8 is 52.622
[15140 28035 15380 30535] on M8 is 58.106
[15140 25535 15380 28035] on M8 is 60.557
[15140 27810 15380 28260] on VIA8 is 58.629
[13100 27810 15260 28260] on M9 is 58.629
[12980 27810 13220 28260] on VIA8 is 52.666
[12980 25535 13220 28035] on M8 is 54.08
[12980 28035 13220 30535] on M8 is 52.231
[12980 30310 13220 30760] on VIA8 is 47.873
[12980 23035 13220 25535] on M8 is 54.08
[12980 25310 13220 25760] on VIA8 is 54.578
[13100 25310 15260 25760] on M9 is 61.193
[15260 25310 17060 25760] on M9 is 67.173
[15140 25310 15380 25760] on VIA8 is 61.193
[15140 23035 15380 25535] on M8 is 60.557
[15140 20535 15380 23035] on M8 is 59.096
[15140 22810 15380 23260] on VIA8 is 59.648
[15260 22810 17060 23260] on M9 is 65.315
[13100 22810 15260 23260] on M9 is 59.648
[12980 22810 13220 23260] on VIA8 is 53.333
[12980 20535 13220 23035] on M8 is 52.863
[12980 18035 13220 20535] on M8 is 48.757
[12980 20310 13220 20760] on VIA8 is 49.03
[13100 20310 15260 20760] on M9 is 54.581
[15260 20310 17060 20760] on M9 is 59.454
[15140 20310 15380 20760] on VIA8 is 54.581
[15140 18035 15380 20535] on M8 is 54.245
[15140 15035 15380 18035] on M8 is 47.33
[15140 17810 15380 18260] on VIA8 is 47.399
[15260 17810 17060 18260] on M9 is 51.059
[13100 17810 15260 18260] on M9 is 47.399
[12980 17810 13220 18260] on VIA8 is 43.069
[12980 15035 13220 18035] on M8 is 42.977
[12980 12535 13220 15035] on M8 is 35.365
[12980 14810 13220 15260] on VIA8 is 35.365
[13100 14810 15260 15260] on M9 is 38.418
[15260 14810 17060 15260] on M9 is 40.953
[15140 14810 15380 15260] on VIA8 is 38.523
[15140 12535 15380 15035] on M8 is 38.523
[15140 10035 15380 12535] on M8 is 31.827
[15140 12310 15380 12760] on VIA8 is 31.827
[15260 12310 17060 12760] on M9 is 33.499
[13100 12310 15260 12760] on M9 is 31.698
[11300 12310 13100 12760] on M9 is 29.422
[12980 12310 13220 12760] on VIA8 is 29.52
[12980 10035 13220 12535] on M8 is 29.52
[12980 7535 13220 10035] on M8 is 24.274
[12980 9810 13220 10260] on VIA8 is 24.274
[13100 9810 15260 10260] on M9 is 25.796
[11300 9810 13100 10260] on M9 is 24.157
[9140 9810 11300 10260] on M9 is 22.705
[11180 9810 11420 10260] on VIA8 is 22.818
[11180 7535 11420 10035] on M8 is 22.818
[11180 10035 11420 12535] on M8 is 27.527
[11180 12310 11420 12760] on VIA8 is 27.527
[11180 5035 11420 7535] on M8 is 18.801
[11180 7310 11420 7760] on VIA8 is 18.801
[11300 7310 13100 7760] on M9 is 19.697
[9140 7310 11300 7760] on M9 is 18.777
[9020 7310 9260 7760] on VIA8 is 17.65
[9020 5035 9260 7535] on M8 is 17.649
[9020 7535 9260 10035] on M8 is 20.985
[9020 9810 9260 10260] on VIA8 is 20.985
[9020 930 9260 5035] on M8 is 14.312
[9020 4810 9260 5260] on VIA8 is 14.38
[9140 4810 11300 5260] on M9 is 14.983
[11300 4810 13100 5260] on M9 is 15.519
[11180 4810 11420 5260] on VIA8 is 14.983
[11180 930 11420 5035] on M8 is 14.937
[11180 480 11420 930] on M8 is 8.132
[11180 480 11420 1380] on VIA8 is 8.132
[10210 480 11300 1380] on M9 is 7.458
[11300 480 13100 1380] on M9 is 7.938
[13100 480 15260 1380] on M9 is 8.213
[12980 480 13220 1380] on VIA8 is 8.622
[12980 480 13220 930] on M8 is 8.622
[12980 930 13220 5035] on M8 is 15.522
[12980 5035 13220 7535] on M8 is 19.747
[12980 4810 13220 5260] on VIA8 is 15.522
[13100 4810 15260 5260] on M9 is 16.159
[15260 4810 17060 5260] on M9 is 16.666
[15140 4810 15380 5260] on VIA8 is 16.194
[15140 930 15380 5035] on M8 is 16.194
[15140 5035 15380 7535] on M8 is 20.833
[15140 7535 15380 10035] on M8 is 25.927
[15140 7310 15380 7760] on VIA8 is 20.833
[15260 7310 17060 7760] on M9 is 21.589
[13100 7310 15260 7760] on M9 is 20.759
[12980 7310 13220 7760] on VIA8 is 19.747
[17060 7310 19220 7760] on M9 is 22.505
[16940 7310 17180 7760] on VIA8 is 21.68
[16940 5035 17180 7535] on M8 is 21.68
[16940 7535 17180 10035] on M8 is 27.214
[16940 10035 17180 12535] on M8 is 33.66
[16940 9810 17180 10260] on VIA8 is 27.214
[17060 9810 19220 10260] on M9 is 28.459
[15260 9810 17060 10260] on M9 is 27.066
[15140 9810 15380 10260] on VIA8 is 25.927
[19220 9810 20000 10260] on M9 is 28.907
[19100 9810 19340 10260] on VIA8 is 28.633
[19100 7535 19340 10035] on M8 is 28.633
[19100 10035 19340 12535] on M8 is 35.723
[19100 12535 19340 15035] on M8 is 44.067
[19100 12310 19340 12760] on VIA8 is 35.723
[19220 12310 20000 12760] on M9 is 36.184
[17060 12310 19220 12760] on M9 is 35.52
[16940 12310 17180 12760] on VIA8 is 33.66
[16940 12535 17180 15035] on M8 is 41.09
[16940 15035 17180 18035] on M8 is 51.02
[16940 14810 17180 15260] on VIA8 is 41.09
[17060 14810 19220 15260] on M9 is 43.874
[19220 14810 20000 15260] on M9 is 44.867
[19100 14810 19340 15260] on VIA8 is 44.067
[19100 15035 19340 18035] on M8 is 55.506
[19100 18035 19340 20535] on M8 is 65.173
[19100 17810 19340 18260] on VIA8 is 55.506
[19220 17810 20000 18260] on M9 is 57.075
[17060 17810 19220 18260] on M9 is 55.484
[16940 17810 17180 18260] on VIA8 is 51.059
[16940 18035 17180 20535] on M8 is 59.06
[16940 20535 17180 23035] on M8 is 64.68
[16940 20310 17180 20760] on VIA8 is 59.454
[17060 20310 19220 20760] on M9 is 65.648
[19220 20310 20000 20760] on M9 is 68.035
[19100 20310 19340 20760] on VIA8 is 65.648
[19100 20535 19340 23035] on M8 is 71.923
[19100 23035 19340 25535] on M8 is 74.054
[19100 22810 19340 23260] on VIA8 is 72.674
[19220 22810 20000 23260] on M9 is 75.571
[17060 22810 19220 23260] on M9 is 72.674
[16940 22810 17180 23260] on VIA8 is 65.315
[16940 23035 17180 25535] on M8 is 66.399
[16940 25310 17180 25760] on VIA8 is 67.173
[17060 25310 19220 25760] on M9 is 75.03
[19220 25310 20000 25760] on M9 is 78.177
[19100 25310 19340 25760] on VIA8 is 75.03
[20000 25310 21020 25760] on M9 is 78.867
[19920 25310 20080 25760] on VIA8 is 86.413
[19920 25310 20080 25760] on VIA7 is 110.713
[19920 25310 20080 25760] on VIA6 is 135.013
[19920 25310 20080 25760] on VIA5 is 159.314
[19920 25310 20080 25760] on VIA4 is 183.614
[19920 25310 20080 25760] on VIA3 is 207.915
[19920 25310 20080 25760] on VIA2 is 232.215
[19920 25310 20080 25760] on VIA1 is 256.515
[19920 24960 20080 25535] on M1 is 282.037
[19920 23035 20080 24960] on M1 is 282.037
[19920 21280 20080 23035] on M1 is 227.831
[19920 22810 20080 23260] on VIA1 is 227.831
[19920 22810 20080 23260] on VIA2 is 207.084
[19920 22810 20080 23260] on VIA3 is 186.337
[19920 22810 20080 23260] on VIA4 is 165.59
[19920 22810 20080 23260] on VIA5 is 144.843
[19920 22810 20080 23260] on VIA6 is 124.096
[19920 22810 20080 23260] on VIA7 is 103.349
[19920 22810 20080 23260] on VIA8 is 82.602
[20000 22810 21020 23260] on M9 is 76.433
[21020 22810 22820 23260] on M9 is 78.559
[20900 22810 21140 23260] on VIA8 is 76.433
[20900 20535 21140 23035] on M8 is 75.609
[20900 23035 21140 25535] on M8 is 77.825
[20900 25310 21140 25760] on VIA8 is 78.867
[21020 25310 22820 25760] on M9 is 80.848
[22820 25310 22880 25760] on M9 is 80.939
[22700 25310 22940 25760] on VIA8 is 80.848
[22700 23035 22940 25535] on M8 is 79.808
[22700 20535 22940 23035] on M8 is 77.674
[22700 22810 22940 23260] on VIA8 is 78.559
[22820 22810 22880 23260] on M9 is 78.652
[22880 22810 24980 23260] on M9 is 82.238
[22800 22810 22960 23260] on VIA8 is 78.652
[22800 22810 22960 23260] on VIA7 is 78.248
[22800 22810 22960 23260] on VIA6 is 77.056
[22800 22810 22960 23260] on VIA5 is 75.864
[22800 22810 22960 23260] on VIA4 is 74.673
[22800 22810 22960 23260] on VIA3 is 73.481
[22800 22810 22960 23260] on VIA2 is 72.289
[22800 22810 22960 23260] on VIA1 is 71.097
[22800 20535 22960 23035] on M1 is 69.905
[22800 23035 22960 25535] on M1 is 71.215
[22800 25310 22960 25760] on VIA1 is 72.54
[22800 25310 22960 25760] on VIA2 is 73.865
[22800 25310 22960 25760] on VIA3 is 75.19
[22800 25310 22960 25760] on VIA4 is 76.515
[22800 25310 22960 25760] on VIA5 is 77.84
[22800 25310 22960 25760] on VIA6 is 79.165
[22800 25310 22960 25760] on VIA7 is 80.49
[22800 25310 22960 25760] on VIA8 is 80.939
[22880 25310 24980 25760] on M9 is 84.525
[24980 25310 25760 25760] on M9 is 86.206
[24860 25310 25100 25760] on VIA8 is 84.525
[24860 23035 25100 25535] on M8 is 83.429
[24860 20535 25100 23035] on M8 is 81.235
[24860 22810 25100 23260] on VIA8 is 82.238
[24980 22810 25760 23260] on M9 is 83.889
[25760 22810 26780 23260] on M9 is 83.889
[25680 22810 25840 23260] on VIA8 is 98.109
[25680 22810 25840 23260] on VIA7 is 140.072
[25680 22810 25840 23260] on VIA6 is 182.034
[25680 22810 25840 23260] on VIA5 is 223.996
[25680 22810 25840 23260] on VIA4 is 265.959
[25680 22810 25840 23260] on VIA3 is 307.921
[25680 22810 25840 23260] on VIA2 is 349.884
[25680 22810 25840 23260] on VIA1 is 391.846
[25680 22080 25840 23035] on M1 is 420.538
[25680 23035 25840 24960] on M1 is 434.983
[25680 24960 25840 25535] on M1 is 434.983
[25680 25535 25840 27520] on M1 is 414.81
[25680 25310 25840 25760] on VIA1 is 406.156
[25680 25310 25840 25760] on VIA2 is 362.559
[25680 25310 25840 25760] on VIA3 is 318.963
[25680 25310 25840 25760] on VIA4 is 275.366
[25680 25310 25840 25760] on VIA5 is 231.77
[25680 25310 25840 25760] on VIA6 is 188.174
[25680 25310 25840 25760] on VIA7 is 144.577
[25680 25310 25840 25760] on VIA8 is 100.981
[25760 25310 26780 25760] on M9 is 86.206
[26780 25310 28940 25760] on M9 is 82.256
[26660 25310 26900 25760] on VIA8 is 82.256
[26660 23035 26900 25535] on M8 is 81.218
[26660 20535 26900 23035] on M8 is 79.167
[26660 22810 26900 23260] on VIA8 is 80.129
[26780 22810 28940 23260] on M9 is 80.129
[28940 22810 30740 23260] on M9 is 73.016
[28820 22810 29060 23260] on VIA8 is 73.016
[28820 20535 29060 23035] on M8 is 72.219
[28820 23035 29060 25535] on M8 is 73.929
[28820 25310 29060 25760] on VIA8 is 74.805
[28940 25310 30740 25760] on M9 is 74.805
[30740 25310 32900 25760] on M9 is 69.239
[30620 25310 30860 25760] on VIA8 is 69.239
[30620 23035 30860 25535] on M8 is 68.473
[30620 20535 30860 23035] on M8 is 66.985
[30620 22810 30860 23260] on VIA8 is 67.673
[30740 22810 32900 23260] on M9 is 67.673
[32900 22810 34700 23260] on M9 is 61.868
[32780 22810 33020 23260] on VIA8 is 61.868
[32780 20535 33020 23035] on M8 is 61.282
[32780 23035 33020 25535] on M8 is 62.573
[32780 25310 33020 25760] on VIA8 is 63.235
[32900 25310 34700 25760] on M9 is 63.235
[34700 25310 36860 25760] on M9 is 58.718
[34580 25310 34820 25760] on VIA8 is 58.718
[34580 23035 34820 25535] on M8 is 58.119
[34580 20535 34820 23035] on M8 is 56.94
[34580 22810 34820 23260] on VIA8 is 57.46
[34700 22810 36860 23260] on M9 is 57.46
[36860 22810 38660 23260] on M9 is 52.629
[36740 22810 36980 23260] on VIA8 is 52.629
[36740 20535 36980 23035] on M8 is 52.164
[36740 23035 36980 25535] on M8 is 53.275
[36740 25310 36980 25760] on VIA8 is 53.825
[36860 25310 38660 25760] on M9 is 53.825
[38660 25310 40460 25760] on M9 is 50.152
[38540 25310 38780 25760] on VIA8 is 50.152
[38540 23035 38780 25535] on M8 is 49.617
[38540 20535 38780 23035] on M8 is 48.505
[38540 22810 38780 23260] on VIA8 is 48.944
[38660 22810 40460 23260] on M9 is 48.944
[40460 22810 42620 23260] on M9 is 45.58
[40340 22810 40580 23260] on VIA8 is 45.58
[40340 20535 40580 23035] on M8 is 45.144
[40340 23035 40580 25535] on M8 is 46.323
[40340 25310 40580 25760] on VIA8 is 46.873
[40460 25310 42620 25760] on M9 is 46.873
[42620 25310 44420 25760] on M9 is 43.421
[42500 25310 42740 25760] on VIA8 is 43.421
[42500 23035 42740 25535] on M8 is 42.814
[42500 20535 42740 23035] on M8 is 41.457
[42500 22810 42740 23260] on VIA8 is 41.929
[42620 22810 44420 23260] on M9 is 41.929
[44420 22810 47920 23260] on M9 is 39.232
[44300 22810 44540 23260] on VIA8 is 39.232
[44300 20535 44540 23035] on M8 is 38.68
[44300 23035 44540 25535] on M8 is 40.29
[44300 25310 44540 25760] on VIA8 is 40.99
[44420 25310 47920 25760] on M9 is 40.99
[47920 25310 48160 25760] on M9 is 37.264
[47680 25310 48160 25760] on VIA8 is 37.264
[47680 25280 48160 25535] on M8 is 34.654
[47680 25535 48160 28035] on M8 is 34.654
[47680 28035 48160 30240] on M8 is 29.628
[47680 27810 48160 28260] on VIA8 is 33.069
[47920 27810 48160 28260] on M9 is 33.069
[47680 30000 48160 30480] on VIA8 is 15.865
[47920 30000 48640 30480] on M9 is 3.426
[47680 30000 47920 30480] on M9 is 3.426
[47680 23035 48160 25280] on M8 is 34.348
[47680 25040 48160 25520] on VIA8 is 34.348
[47680 20535 48160 23035] on M8 is 31.659
[47680 22810 48160 23260] on VIA8 is 34.778
[47920 22810 48160 23260] on M9 is 34.778
[47680 20320 48160 20535] on M8 is 19.076
[47680 20310 48160 20760] on VIA8 is 24.849
[47920 20310 48160 20760] on M9 is 24.849
[44420 20310 47920 20760] on M9 is 33.093
[42620 20310 44420 20760] on M9 is 36.903
[44300 20310 44540 20760] on VIA8 is 33.676
[44300 18035 44540 20535] on M8 is 33.676
[44300 15035 44540 18035] on M8 is 32.261
[44300 17810 44540 18260] on VIA8 is 32.488
[44420 17810 47920 18260] on M9 is 32.488
[42620 17810 44420 18260] on M9 is 34.912
[40460 17810 42620 18260] on M9 is 37.972
[42500 17810 42740 18260] on VIA8 is 34.912
[42500 15035 42740 18035] on M8 is 34.74
[42500 18035 42740 20535] on M8 is 37.197
[42500 20310 42740 20760] on VIA8 is 37.197
[40460 20310 42620 20760] on M9 is 41.218
[38660 20310 40460 20760] on M9 is 44.765
[40340 20310 40580 20760] on VIA8 is 41.284
[40340 18035 40580 20535] on M8 is 41.284
[40340 15035 40580 18035] on M8 is 37.832
[40340 17810 40580 18260] on VIA8 is 37.972
[38660 17810 40460 18260] on M9 is 40.625
[36860 17810 38660 18260] on M9 is 43.371
[38540 17810 38780 18260] on VIA8 is 40.625
[38540 15035 38780 18035] on M8 is 40.499
[38540 18035 38780 20535] on M8 is 44.7
[38540 20310 38780 20760] on VIA8 is 44.765
[36860 20310 38660 20760] on M9 is 48.359
[34700 20310 36860 20760] on M9 is 52.812
[36740 20310 36980 20760] on VIA8 is 48.359
[36740 18035 36980 20535] on M8 is 48.199
[36740 15035 36980 18035] on M8 is 43.253
[36740 17810 36980 18260] on VIA8 is 43.371
[34700 17810 36860 18260] on M9 is 46.77
[32900 17810 34700 18260] on M9 is 49.679
[34580 17810 34820 18260] on VIA8 is 46.77
[34580 15035 34820 18035] on M8 is 46.664
[34580 18035 34820 20535] on M8 is 52.564
[34580 20310 34820 20760] on VIA8 is 52.812
[32900 20310 34700 20760] on M9 is 56.706
[30740 20310 32900 20760] on M9 is 61.653
[32780 20310 33020 20760] on VIA8 is 56.706
[32780 18035 33020 20535] on M8 is 56.394
[32780 15035 33020 18035] on M8 is 49.59
[32780 17810 33020 18260] on VIA8 is 49.679
[30740 17810 32900 18260] on M9 is 53.249
[28940 17810 30740 18260] on M9 is 56.265
[30620 17810 30860 18260] on VIA8 is 53.249
[30620 15035 30860 18035] on M8 is 53.194
[30620 18035 30860 20535] on M8 is 61.269
[30620 20310 30860 20760] on VIA8 is 61.653
[28940 20310 30740 20760] on M9 is 66.057
[26780 20310 28940 20760] on M9 is 71.735
[28820 20310 29060 20760] on VIA8 is 66.057
[28820 18035 29060 20535] on M8 is 65.61
[28820 15035 29060 18035] on M8 is 56.257
[28820 17810 29060 18260] on VIA8 is 56.265
[26780 17810 28940 18260] on M9 is 59.89
[25760 17810 26780 18260] on M9 is 61.568
[26660 17810 26900 18260] on VIA8 is 59.973
[26660 15035 26900 18035] on M8 is 59.973
[26660 18035 26900 20535] on M8 is 71.204
[26660 20310 26900 20760] on VIA8 is 71.735
[25760 20310 26780 20760] on M9 is 74.638
[24980 20310 25760 20760] on M9 is 74.638
[25680 20310 25840 20760] on VIA8 is 85.383
[25680 20310 25840 20760] on VIA7 is 117.09
[25680 20310 25840 20760] on VIA6 is 148.796
[25680 20310 25840 20760] on VIA5 is 180.503
[25680 20310 25840 20760] on VIA4 is 212.21
[25680 20310 25840 20760] on VIA3 is 243.916
[25680 20310 25840 20760] on VIA2 is 275.623
[25680 20310 25840 20760] on VIA1 is 307.33
[25680 18035 25840 20535] on M1 is 307.33
[25680 20535 25840 21600] on M1 is 400.138
[25680 21600 25840 22080] on M1 is 420.538
[25680 15035 25840 18035] on M1 is 188.554
[25680 17810 25840 18260] on VIA1 is 188.554
[25680 17810 25840 18260] on VIA2 is 171.251
[25680 17810 25840 18260] on VIA3 is 153.948
[25680 17810 25840 18260] on VIA4 is 136.644
[25680 17810 25840 18260] on VIA5 is 119.341
[25680 17810 25840 18260] on VIA6 is 102.038
[25680 17810 25840 18260] on VIA7 is 84.735
[25680 17810 25840 18260] on VIA8 is 67.431
[24980 17810 25760 18260] on M9 is 61.568
[22880 17810 24980 18260] on M9 is 60.984
[24860 17810 25100 18260] on VIA8 is 61.092
[24860 15035 25100 18035] on M8 is 61.092
[24860 18035 25100 20535] on M8 is 72.88
[24860 20310 25100 20760] on VIA8 is 73.438
[22880 20310 24980 20760] on M9 is 73.438
[22820 20310 22880 20760] on M9 is 70.686
[22800 20310 22960 20760] on VIA8 is 70.686
[22800 20310 22960 20760] on VIA7 is 70.417
[22800 20310 22960 20760] on VIA6 is 69.625
[22800 20310 22960 20760] on VIA5 is 68.833
[22800 20310 22960 20760] on VIA4 is 68.04
[22800 20310 22960 20760] on VIA3 is 67.248
[22800 20310 22960 20760] on VIA2 is 66.456
[22800 20310 22960 20760] on VIA1 is 65.664
[22800 18035 22960 20535] on M1 is 64.871
[22800 15035 22960 18035] on M1 is 57.361
[22800 17810 22960 18260] on VIA1 is 57.628
[22800 17810 22960 18260] on VIA2 is 57.895
[22800 17810 22960 18260] on VIA3 is 58.162
[22800 17810 22960 18260] on VIA4 is 58.429
[22800 17810 22960 18260] on VIA5 is 58.696
[22800 17810 22960 18260] on VIA6 is 58.963
[22800 17810 22960 18260] on VIA7 is 59.23
[22800 17810 22960 18260] on VIA8 is 59.32
[22820 17810 22880 18260] on M9 is 59.32
[21020 17810 22820 18260] on M9 is 59.275
[22700 17810 22940 18260] on VIA8 is 59.322
[22700 15035 22940 18035] on M8 is 59.322
[22700 18035 22940 20535] on M8 is 70.094
[22700 20310 22940 20760] on VIA8 is 70.614
[21020 20310 22820 20760] on M9 is 70.614
[20000 20310 21020 20760] on M9 is 68.833
[20900 20310 21140 20760] on VIA8 is 68.833
[20900 18035 21140 20535] on M8 is 68.326
[20900 15035 21140 18035] on M8 is 57.922
[20900 17810 21140 18260] on VIA8 is 57.922
[20000 17810 21020 18260] on M9 is 57.881
[19920 17810 20080 18260] on VIA8 is 60.135
[19920 17810 20080 18260] on VIA7 is 69.165
[19920 17810 20080 18260] on VIA6 is 78.196
[19920 17810 20080 18260] on VIA5 is 87.227
[19920 17810 20080 18260] on VIA4 is 96.257
[19920 17810 20080 18260] on VIA3 is 105.288
[19920 17810 20080 18260] on VIA2 is 114.319
[19920 17810 20080 18260] on VIA1 is 123.349
[19920 15035 20080 18035] on M1 is 123.349
[19920 18035 20080 20535] on M1 is 189.008
[19920 20535 20080 21280] on M1 is 223.925
[19920 20310 20080 20760] on VIA1 is 189.008
[19920 20310 20080 20760] on VIA2 is 172.524
[19920 20310 20080 20760] on VIA3 is 156.041
[19920 20310 20080 20760] on VIA4 is 139.557
[19920 20310 20080 20760] on VIA5 is 123.073
[19920 20310 20080 20760] on VIA6 is 106.589
[19920 20310 20080 20760] on VIA7 is 90.105
[19920 20310 20080 20760] on VIA8 is 73.622
[19920 12535 20080 15035] on M1 is 78.423
[19920 14810 20080 15260] on VIA1 is 78.423
[19920 14810 20080 15260] on VIA2 is 73.851
[19920 14810 20080 15260] on VIA3 is 69.278
[19920 14810 20080 15260] on VIA4 is 64.706
[19920 14810 20080 15260] on VIA5 is 60.133
[19920 14810 20080 15260] on VIA6 is 55.561
[19920 14810 20080 15260] on VIA7 is 50.989
[19920 14810 20080 15260] on VIA8 is 46.416
[20000 14810 21020 15260] on M9 is 45.521
[21020 14810 22820 15260] on M9 is 46.516
[20900 14810 21140 15260] on VIA8 is 45.737
[20900 12535 21140 15035] on M8 is 45.737
[20900 10035 21140 12535] on M8 is 36.911
[20900 12310 21140 12760] on VIA8 is 36.911
[21020 12310 22820 12760] on M9 is 37.408
[20000 12310 21020 12760] on M9 is 36.687
[19920 12310 20080 12760] on VIA8 is 37.066
[19920 12310 20080 12760] on VIA7 is 39.667
[19920 12310 20080 12760] on VIA6 is 42.268
[19920 12310 20080 12760] on VIA5 is 44.869
[19920 12310 20080 12760] on VIA4 is 47.47
[19920 12310 20080 12760] on VIA3 is 50.072
[19920 12310 20080 12760] on VIA2 is 52.673
[19920 12310 20080 12760] on VIA1 is 55.274
[19920 10035 20080 12535] on M1 is 55.274
[19920 7535 20080 10035] on M1 is 40.253
[19920 9810 20080 10260] on VIA1 is 40.253
[19920 9810 20080 10260] on VIA2 is 38.707
[19920 9810 20080 10260] on VIA3 is 37.161
[19920 9810 20080 10260] on VIA4 is 35.615
[19920 9810 20080 10260] on VIA5 is 34.069
[19920 9810 20080 10260] on VIA6 is 32.523
[19920 9810 20080 10260] on VIA7 is 30.977
[19920 9810 20080 10260] on VIA8 is 29.431
[20000 9810 21020 10260] on M9 is 29.274
[21020 9810 22820 10260] on M9 is 29.785
[20900 9810 21140 10260] on VIA8 is 29.463
[20900 7535 21140 10035] on M8 is 29.463
[20900 5035 21140 7535] on M8 is 23.173
[20900 7310 21140 7760] on VIA8 is 23.173
[21020 7310 22820 7760] on M9 is 23.397
[20000 7310 21020 7760] on M9 is 23.05
[19220 7310 20000 7760] on M9 is 22.802
[19920 7310 20080 7760] on VIA8 is 23.137
[19920 7310 20080 7760] on VIA7 is 24.127
[19920 7310 20080 7760] on VIA6 is 25.116
[19920 7310 20080 7760] on VIA5 is 26.106
[19920 7310 20080 7760] on VIA4 is 27.095
[19920 7310 20080 7760] on VIA3 is 28.085
[19920 7310 20080 7760] on VIA2 is 29.075
[19920 7310 20080 7760] on VIA1 is 30.064
[19920 5035 20080 7535] on M1 is 30.064
[19920 930 20080 5035] on M1 is 22.967
[19920 4810 20080 5260] on VIA1 is 22.967
[19920 4810 20080 5260] on VIA2 is 22.214
[19920 4810 20080 5260] on VIA3 is 21.461
[19920 4810 20080 5260] on VIA4 is 20.708
[19920 4810 20080 5260] on VIA5 is 19.955
[19920 4810 20080 5260] on VIA6 is 19.202
[19920 4810 20080 5260] on VIA7 is 18.448
[19920 4810 20080 5260] on VIA8 is 17.695
[20000 4810 21020 5260] on M9 is 17.597
[19220 4810 20000 5260] on M9 is 17.44
[17060 4810 19220 5260] on M9 is 17.239
[19100 4810 19340 5260] on VIA8 is 17.257
[19100 930 19340 5035] on M8 is 17.257
[19100 5035 19340 7535] on M8 is 22.613
[19100 7310 19340 7760] on VIA8 is 22.613
[19100 480 19340 930] on M8 is 8.65
[19100 480 19340 1380] on VIA8 is 8.65
[19220 480 19940 1380] on M9 is 7.797
[17060 480 19220 1380] on M9 is 8.178
[16690 480 17060 1380] on M9 is 8.185
[16940 480 17180 1380] on VIA8 is 8.947
[16940 480 17180 930] on M8 is 8.947
[16940 930 17180 5035] on M8 is 16.706
[16940 4810 17180 5260] on VIA8 is 16.706
[15260 480 16690 1380] on M9 is 8.213
[16240 480 17140 1380] on VIA8 is 8.185
[15140 480 15380 1380] on VIA8 is 8.932
[15140 480 15380 930] on M8 is 8.932
[19940 480 20000 1380] on M9 is 7.581
[19490 480 20390 1380] on VIA8 is 7.545
[19490 0 20390 930] on M8 is 2.858
[19490 930 20390 1380] on M8 is 2.858
[20000 480 21020 1380] on M9 is 8.092
[19920 480 20080 1380] on VIA8 is 8.096
[19920 480 20080 1380] on VIA7 is 9.108
[19920 480 20080 1380] on VIA6 is 10.119
[19920 480 20080 1380] on VIA5 is 11.131
[19920 480 20080 1380] on VIA4 is 12.143
[19920 480 20080 1380] on VIA3 is 13.155
[19920 480 20080 1380] on VIA2 is 14.167
[19920 480 20080 1380] on VIA1 is 15.179
[19920 480 20080 930] on M1 is 15.179
[21020 480 22820 1380] on M9 is 8.678
[20900 480 21140 1380] on VIA8 is 8.953
[20900 480 21140 930] on M8 is 8.953
[20900 930 21140 5035] on M8 is 17.637
[20900 4810 21140 5260] on VIA8 is 17.637
[21020 4810 22820 5260] on M9 is 17.844
[22820 4810 22880 5260] on M9 is 17.85
[22700 4810 22940 5260] on VIA8 is 17.923
[22700 930 22940 5035] on M8 is 17.923
[22700 5035 22940 7535] on M8 is 23.534
[22700 7535 22940 10035] on M8 is 29.982
[22700 7310 22940 7760] on VIA8 is 23.534
[22820 7310 22880 7760] on M9 is 23.406
[22880 7310 24980 7760] on M9 is 23.592
[22800 7310 22960 7760] on VIA8 is 23.525
[22800 7310 22960 7760] on VIA7 is 23.877
[22800 7310 22960 7760] on VIA6 is 24.229
[22800 7310 22960 7760] on VIA5 is 24.581
[22800 7310 22960 7760] on VIA4 is 24.933
[22800 7310 22960 7760] on VIA3 is 25.285
[22800 7310 22960 7760] on VIA2 is 25.638
[22800 7310 22960 7760] on VIA1 is 25.99
[22800 5035 22960 7535] on M1 is 25.99
[22800 7535 22960 10035] on M1 is 32.165
[22800 10035 22960 12535] on M1 is 39.348
[22800 9810 22960 10260] on VIA1 is 32.165
[22800 9810 22960 10260] on VIA2 is 31.842
[22800 9810 22960 10260] on VIA3 is 31.519
[22800 9810 22960 10260] on VIA4 is 31.197
[22800 9810 22960 10260] on VIA5 is 30.874
[22800 9810 22960 10260] on VIA6 is 30.551
[22800 9810 22960 10260] on VIA7 is 30.229
[22800 9810 22960 10260] on VIA8 is 29.906
[22880 9810 24980 10260] on M9 is 30.129
[22820 9810 22880 10260] on M9 is 29.797
[22700 9810 22940 10260] on VIA8 is 29.982
[22700 10035 22940 12535] on M8 is 37.642
[22700 12535 22940 15035] on M8 is 46.741
[22700 12310 22940 12760] on VIA8 is 37.642
[22820 12310 22880 12760] on M9 is 37.427
[22880 12310 24980 12760] on M9 is 37.992
[22800 12310 22960 12760] on VIA8 is 37.515
[22800 12310 22960 12760] on VIA7 is 37.777
[22800 12310 22960 12760] on VIA6 is 38.039
[22800 12310 22960 12760] on VIA5 is 38.301
[22800 12310 22960 12760] on VIA4 is 38.562
[22800 12310 22960 12760] on VIA3 is 38.824
[22800 12310 22960 12760] on VIA2 is 39.086
[22800 12310 22960 12760] on VIA1 is 39.348
[22800 12535 22960 15035] on M1 is 47.349
[22800 14810 22960 15260] on VIA1 is 47.349
[22800 14810 22960 15260] on VIA2 is 47.239
[22800 14810 22960 15260] on VIA3 is 47.129
[22800 14810 22960 15260] on VIA4 is 47.02
[22800 14810 22960 15260] on VIA5 is 46.91
[22800 14810 22960 15260] on VIA6 is 46.8
[22800 14810 22960 15260] on VIA7 is 46.69
[22800 14810 22960 15260] on VIA8 is 46.581
[22880 14810 24980 15260] on M9 is 47.48
[22820 14810 22880 15260] on M9 is 46.543
[22700 14810 22940 15260] on VIA8 is 46.741
[24980 14810 25760 15260] on M9 is 47.743
[24860 14810 25100 15260] on VIA8 is 47.744
[24860 12535 25100 15035] on M8 is 47.744
[24860 10035 25100 12535] on M8 is 38.25
[24860 12310 25100 12760] on VIA8 is 38.25
[24980 12310 25760 12760] on M9 is 38.12
[25760 12310 26780 12760] on M9 is 38.12
[25680 12310 25840 12760] on VIA8 is 39.736
[25680 12310 25840 12760] on VIA7 is 44.503
[25680 12310 25840 12760] on VIA6 is 49.27
[25680 12310 25840 12760] on VIA5 is 54.037
[25680 12310 25840 12760] on VIA4 is 58.804
[25680 12310 25840 12760] on VIA3 is 63.571
[25680 12310 25840 12760] on VIA2 is 68.338
[25680 12310 25840 12760] on VIA1 is 73.105
[25680 10035 25840 12535] on M1 is 73.105
[25680 12535 25840 15035] on M1 is 110.911
[25680 14810 25840 15260] on VIA1 is 110.911
[25680 14810 25840 15260] on VIA2 is 102.303
[25680 14810 25840 15260] on VIA3 is 93.696
[25680 14810 25840 15260] on VIA4 is 85.089
[25680 14810 25840 15260] on VIA5 is 76.482
[25680 14810 25840 15260] on VIA6 is 67.874
[25680 14810 25840 15260] on VIA7 is 59.267
[25680 14810 25840 15260] on VIA8 is 50.66
[25760 14810 26780 15260] on M9 is 47.743
[26780 14810 28940 15260] on M9 is 46.874
[26660 14810 26900 15260] on VIA8 is 47.111
[26660 12535 26900 15035] on M8 is 47.111
[26660 10035 26900 12535] on M8 is 37.856
[26660 12310 26900 12760] on VIA8 is 37.856
[26780 12310 28940 12760] on M9 is 37.615
[28940 12310 30740 12760] on M9 is 36.334
[28820 12310 29060 12760] on VIA8 is 36.52
[28820 10035 29060 12535] on M8 is 36.52
[28820 12535 29060 15035] on M8 is 44.976
[28820 14810 29060 15260] on VIA8 is 44.976
[28940 14810 30740 15260] on M9 is 44.822
[30740 14810 32900 15260] on M9 is 43
[30620 14810 30860 15260] on VIA8 is 43.097
[30620 12535 30860 15035] on M8 is 43.097
[30620 10035 30860 12535] on M8 is 35.277
[30620 12310 30860 12760] on VIA8 is 35.277
[30740 12310 32900 12760] on M9 is 35.13
[32900 12310 34700 12760] on M9 is 33.556
[32780 12310 33020 12760] on VIA8 is 33.663
[32780 10035 33020 12535] on M8 is 33.663
[32780 12535 33020 15035] on M8 is 40.769
[32780 14810 33020 15260] on VIA8 is 40.769
[32900 14810 34700 15260] on M9 is 40.729
[34700 14810 36860 15260] on M9 is 38.807
[34580 14810 34820 15260] on VIA8 is 38.807
[34580 12535 34820 15035] on M8 is 38.805
[34580 10035 34820 12535] on M8 is 32.244
[34580 12310 34820 12760] on VIA8 is 32.244
[34700 12310 36860 12760] on M9 is 32.164
[36860 12310 38660 12760] on M9 is 30.425
[36740 12310 36980 12760] on VIA8 is 30.475
[36740 10035 36980 12535] on M8 is 30.475
[36740 12535 36980 15035] on M8 is 36.451
[36740 14810 36980 15260] on VIA8 is 36.501
[36860 14810 38660 15260] on M9 is 36.501
[38660 14810 40460 15260] on M9 is 34.618
[38540 14810 38780 15260] on VIA8 is 34.618
[38540 12535 38780 15035] on M8 is 34.523
[38540 10035 38780 12535] on M8 is 28.965
[38540 12310 38780 12760] on VIA8 is 28.965
[38660 12310 40460 12760] on M9 is 28.94
[40460 12310 42620 12760] on M9 is 27.435
[40340 12310 40580 12760] on VIA8 is 27.437
[40340 10035 40580 12535] on M8 is 27.437
[40340 12535 40580 15035] on M8 is 32.655
[40340 14810 40580 15260] on VIA8 is 32.803
[40460 14810 42620 15260] on M9 is 32.803
[42620 14810 44420 15260] on M9 is 30.754
[42500 14810 42740 15260] on VIA8 is 30.754
[42500 12535 42740 15035] on M8 is 30.524
[42500 10035 42740 12535] on M8 is 25.596
[42500 12310 42740 12760] on VIA8 is 25.627
[42620 12310 44420 12760] on M9 is 25.627
[44420 12310 47920 12760] on M9 is 24.143
[44300 12310 44540 12760] on VIA8 is 24.143
[44300 10035 44540 12535] on M8 is 24.074
[44300 12535 44540 15035] on M8 is 28.89
[44300 14810 44540 15260] on VIA8 is 29.216
[44420 14810 47920 15260] on M9 is 29.216
[47920 14810 48160 15260] on M9 is 26.692
[47680 14810 48160 15260] on VIA8 is 26.692
[47680 15035 48160 17010] on M8 is 24.991
[47680 12535 48160 15035] on M8 is 24.925
[47680 10400 48160 12535] on M8 is 19.408
[47680 12310 48160 12760] on VIA8 is 21.358
[47920 12310 48160 12760] on M9 is 21.358
[47680 10035 48160 10400] on M8 is 11.266
[47680 10160 48160 10640] on VIA8 is 9.577
[47920 10160 48640 10640] on M9 is 2.068
[47680 10160 47920 10640] on M9 is 2.068
[47680 7535 48160 10035] on M8 is 13.866
[47680 9810 48160 10260] on VIA8 is 14.185
[47920 9810 48160 10260] on M9 is 14.185
[44420 9810 47920 10260] on M9 is 18.352
[42620 9810 44420 10260] on M9 is 20.146
[44300 9810 44540 10260] on VIA8 is 18.828
[44300 7535 44540 10035] on M8 is 18.828
[44300 5035 44540 7535] on M8 is 16.508
[44300 7310 44540 7760] on VIA8 is 16.545
[44420 7310 47920 7760] on M9 is 16.545
[42620 7310 44420 7760] on M9 is 17.382
[40460 7310 42620 7760] on M9 is 18.384
[42500 7310 42740 7760] on VIA8 is 17.385
[42500 5035 42740 7535] on M8 is 17.385
[42500 7535 42740 10035] on M8 is 20.476
[42500 9810 42740 10260] on VIA8 is 20.476
[40460 9810 42620 10260] on M9 is 22.007
[38660 9810 40460 10260] on M9 is 23.394
[40340 9810 40580 10260] on VIA8 is 22.232
[40340 7535 40580 10035] on M8 is 22.232
[40340 5035 40580 7535] on M8 is 18.41
[40340 7310 40580 7760] on VIA8 is 18.41
[38660 7310 40460 7760] on M9 is 19.2
[36860 7310 38660 7760] on M9 is 19.986
[38540 7310 38780 7760] on VIA8 is 19.241
[38540 5035 38780 7535] on M8 is 19.241
[38540 7535 38780 10035] on M8 is 23.568
[38540 9810 38780 10260] on VIA8 is 23.568
[36860 9810 38660 10260] on M9 is 24.652
[34700 9810 36860 10260] on M9 is 26.03
[36740 9810 36980 10260] on VIA8 is 24.801
[36740 7535 36980 10035] on M8 is 24.801
[36740 5035 36980 7535] on M8 is 20.046
[36740 7310 36980 7760] on VIA8 is 20.046
[34700 7310 36860 7760] on M9 is 20.876
[32900 7310 34700 7760] on M9 is 21.561
[34580 7310 34820 7760] on VIA8 is 20.954
[34580 5035 34820 7535] on M8 is 20.954
[34580 7535 34820 10035] on M8 is 26.17
[34580 9810 34820 10260] on VIA8 is 26.17
[32900 9810 34700 10260] on M9 is 27.076
[30740 9810 32900 10260] on M9 is 28.206
[32780 9810 33020 10260] on VIA8 is 27.219
[32780 7535 33020 10035] on M8 is 27.219
[32780 5035 33020 7535] on M8 is 21.65
[32780 7310 33020 7760] on VIA8 is 21.65
[30740 7310 32900 7760] on M9 is 22.305
[28940 7310 30740 7760] on M9 is 22.852
[30620 7310 30860 7760] on VIA8 is 22.404
[30620 5035 30860 7535] on M8 is 22.404
[30620 7535 30860 10035] on M8 is 28.362
[30620 9810 30860 10260] on VIA8 is 28.362
[28940 9810 30740 10260] on M9 is 29.034
[26780 9810 28940 10260] on M9 is 29.873
[28820 9810 29060 10260] on VIA8 is 29.208
[28820 7535 29060 10035] on M8 is 29.208
[28820 5035 29060 7535] on M8 is 22.965
[28820 7310 29060 7760] on VIA8 is 22.965
[26780 7310 28940 7760] on M9 is 23.41
[25760 7310 26780 7760] on M9 is 23.615
[26660 7310 26900 7760] on VIA8 is 23.549
[26660 5035 26900 7535] on M8 is 23.549
[26660 7535 26900 10035] on M8 is 30.077
[26660 9810 26900 10260] on VIA8 is 30.077
[25760 9810 26780 10260] on M9 is 30.185
[24980 9810 25760 10260] on M9 is 30.185
[25680 9810 25840 10260] on VIA8 is 31.109
[25680 9810 25840 10260] on VIA7 is 33.836
[25680 9810 25840 10260] on VIA6 is 36.563
[25680 9810 25840 10260] on VIA5 is 39.29
[25680 9810 25840 10260] on VIA4 is 42.017
[25680 9810 25840 10260] on VIA3 is 44.743
[25680 9810 25840 10260] on VIA2 is 47.471
[25680 9810 25840 10260] on VIA1 is 50.197
[25680 7535 25840 10035] on M1 is 50.197
[25680 5035 25840 7535] on M1 is 35.811
[25680 7310 25840 7760] on VIA1 is 35.811
[25680 7310 25840 7760] on VIA2 is 34.149
[25680 7310 25840 7760] on VIA3 is 32.487
[25680 7310 25840 7760] on VIA4 is 30.825
[25680 7310 25840 7760] on VIA5 is 29.163
[25680 7310 25840 7760] on VIA6 is 27.502
[25680 7310 25840 7760] on VIA7 is 25.84
[25680 7310 25840 7760] on VIA8 is 24.178
[24980 7310 25760 7760] on M9 is 23.615
[24860 7310 25100 7760] on VIA8 is 23.74
[24860 5035 25100 7535] on M8 is 23.74
[24860 7535 25100 10035] on M8 is 30.342
[24860 9810 25100 10260] on VIA8 is 30.342
[24860 930 25100 5035] on M8 is 18.046
[24860 4810 25100 5260] on VIA8 is 18.046
[24980 4810 25760 5260] on M9 is 17.955
[22880 4810 24980 5260] on M9 is 17.949
[22800 4810 22960 5260] on VIA8 is 17.992
[22800 4810 22960 5260] on VIA7 is 18.409
[22800 4810 22960 5260] on VIA6 is 18.827
[22800 4810 22960 5260] on VIA5 is 19.245
[22800 4810 22960 5260] on VIA4 is 19.662
[22800 4810 22960 5260] on VIA3 is 20.08
[22800 4810 22960 5260] on VIA2 is 20.497
[22800 4810 22960 5260] on VIA1 is 20.915
[22800 930 22960 5035] on M1 is 20.915
[22800 480 22960 930] on M1 is 14.725
[22800 480 22960 1380] on VIA1 is 14.725
[22800 480 22960 1380] on VIA2 is 13.921
[22800 480 22960 1380] on VIA3 is 13.117
[22800 480 22960 1380] on VIA4 is 12.313
[22800 480 22960 1380] on VIA5 is 11.509
[22800 480 22960 1380] on VIA6 is 10.704
[22800 480 22960 1380] on VIA7 is 9.9
[22800 480 22960 1380] on VIA8 is 9.096
[22880 480 24800 1380] on M9 is 8.825
[22820 480 22880 1380] on M9 is 8.687
[22700 480 22940 1380] on VIA8 is 9.511
[22700 480 22940 930] on M8 is 9.511
[24800 480 24980 1380] on M9 is 8.838
[24350 480 25250 1380] on VIA8 is 8.825
[24980 480 25760 1380] on M9 is 8.838
[24860 480 25100 1380] on VIA8 is 9.668
[24860 480 25100 930] on M8 is 9.668
[25760 480 26780 1380] on M9 is 8.763
[25680 480 25840 1380] on VIA8 is 9.359
[25680 480 25840 1380] on VIA7 is 10.534
[25680 480 25840 1380] on VIA6 is 11.708
[25680 480 25840 1380] on VIA5 is 12.882
[25680 480 25840 1380] on VIA4 is 14.057
[25680 480 25840 1380] on VIA3 is 15.231
[25680 480 25840 1380] on VIA2 is 16.405
[25680 480 25840 1380] on VIA1 is 17.58
[25680 480 25840 930] on M1 is 17.58
[25680 930 25840 5035] on M1 is 26.618
[25680 4810 25840 5260] on VIA1 is 26.618
[25680 4810 25840 5260] on VIA2 is 25.437
[25680 4810 25840 5260] on VIA3 is 24.257
[25680 4810 25840 5260] on VIA4 is 23.077
[25680 4810 25840 5260] on VIA5 is 21.896
[25680 4810 25840 5260] on VIA6 is 20.716
[25680 4810 25840 5260] on VIA7 is 19.536
[25680 4810 25840 5260] on VIA8 is 18.355
[25760 4810 26780 5260] on M9 is 17.955
[26780 4810 28940 5260] on M9 is 17.797
[26660 4810 26900 5260] on VIA8 is 17.878
[26660 930 26900 5035] on M8 is 17.878
[26660 480 26900 930] on M8 is 9.381
[26660 480 26900 1380] on VIA8 is 9.381
[26780 480 28940 1380] on M9 is 8.539
[28940 480 29670 1380] on M9 is 7.695
[28820 480 29060 1380] on VIA8 is 8.571
[28820 480 29060 930] on M8 is 8.571
[28820 930 29060 5035] on M8 is 17.417
[28820 4810 29060 5260] on VIA8 is 17.417
[28940 4810 30740 5260] on M9 is 17.39
[30740 4810 32900 5260] on M9 is 17.032
[30620 4810 30860 5260] on VIA8 is 17.055
[30620 930 30860 5035] on M8 is 17.055
[30620 480 30860 930] on M8 is 8.504
[30620 480 30860 1380] on VIA8 is 8.504
[29670 480 30740 1380] on M9 is 7.657
[30740 480 32900 1380] on M9 is 8.046
[32900 480 32910 1380] on M9 is 8.046
[32780 480 33020 1380] on VIA8 is 8.819
[32780 480 33020 930] on M8 is 8.819
[32780 930 33020 5035] on M8 is 16.625
[32780 4810 33020 5260] on VIA8 is 16.625
[32900 4810 34700 5260] on M9 is 16.582
[34700 4810 36860 5260] on M9 is 16.174
[34580 4810 34820 5260] on VIA8 is 16.213
[34580 930 34820 5035] on M8 is 16.213
[34580 480 34820 930] on M8 is 8.818
[34580 480 34820 1380] on VIA8 is 8.818
[32910 480 34700 1380] on M9 is 8.086
[34700 480 36860 1380] on M9 is 8.086
[36860 480 38660 1380] on M9 is 7.811
[36740 480 36980 1380] on VIA8 is 8.519
[36740 480 36980 930] on M8 is 8.519
[36740 930 36980 5035] on M8 is 15.658
[36740 4810 36980 5260] on VIA8 is 15.658
[36860 4810 38660 5260] on M9 is 15.651
[38660 4810 40460 5260] on M9 is 15.21
[38540 4810 38780 5260] on VIA8 is 15.21
[38540 930 38780 5035] on M8 is 15.166
[38540 480 38780 930] on M8 is 8.03
[38540 480 38780 1380] on VIA8 is 8.03
[38660 480 39390 1380] on M9 is 7.323
[39390 480 40460 1380] on M9 is 7.527
[38940 480 39840 1380] on VIA8 is 7.019
[38940 0 39840 930] on M8 is 2.659
[38940 930 39840 1380] on M8 is 2.659
[40460 480 42620 1380] on M9 is 8.263
[40340 480 40580 1380] on VIA8 is 8.177
[40340 480 40580 930] on M8 is 8.177
[40340 930 40580 5035] on M8 is 14.747
[40340 4810 40580 5260] on VIA8 is 14.802
[40460 4810 42620 5260] on M9 is 14.802
[42620 4810 44420 5260] on M9 is 14.361
[42500 4810 42740 5260] on VIA8 is 14.361
[42500 930 42740 5035] on M8 is 14.315
[42500 480 42740 930] on M8 is 8.809
[42500 480 42740 1380] on VIA8 is 8.809
[42620 480 44420 1380] on M9 is 8.677
[44420 480 47920 1380] on M9 is 9.141
[44300 480 44540 1380] on VIA8 is 9.154
[44300 480 44540 930] on M8 is 9.154
[44300 930 44540 5035] on M8 is 13.964
[44300 4810 44540 5260] on VIA8 is 14.026
[44420 4810 47920 5260] on M9 is 14.026
[47920 4810 48160 5260] on M9 is 13.466
[47680 4810 48160 5260] on VIA8 is 13.466
[47680 930 48160 5035] on M8 is 13.073
[47680 5035 48160 7535] on M8 is 13.866
[47680 7310 48160 7760] on VIA8 is 14.969
[47920 7310 48160 7760] on M9 is 14.969
[47680 480 48160 930] on M8 is 9.792
[47680 480 48160 1380] on VIA8 is 9.792
[47920 480 48160 1380] on M9 is 9.141
[32460 480 33360 1380] on VIA8 is 8.046
[29220 480 30120 1380] on VIA8 is 7.279
[29220 0 30120 930] on M8 is 2.757
[29220 930 30120 1380] on M8 is 2.757
[47680 17010 48160 18035] on M8 is 25.026
[47680 16770 48160 17250] on VIA8 is 24.991
[47680 18035 48160 20320] on M8 is 25.026
[47680 17810 48160 18260] on VIA8 is 28.099
[47920 17810 48160 18260] on M9 is 28.099
[47680 20080 48160 20560] on VIA8 is 16.468
[47920 20080 48640 20560] on M9 is 3.556
[47680 20080 47920 20560] on M9 is 3.556
[9140 480 10210 1380] on M9 is 7.536
[9760 480 10660 1380] on VIA8 is 7.017
[9760 0 10660 930] on M8 is 2.658
[9760 930 10660 1380] on M8 is 2.658
[7340 480 9140 1380] on M9 is 8.185
[9020 480 9260 1380] on VIA8 is 8.147
[9020 480 9260 930] on M8 is 8.147
[7220 480 7460 1380] on VIA8 is 8.698
[7220 480 7460 930] on M8 is 8.698
[480 10160 960 10640] on VIA8 is 7.568
[720 10160 960 10640] on M9 is 1.634
[0 10160 720 10640] on M9 is 1.634
[38940 48220 39840 49120] on VIA8 is 7.155
[38940 48220 39840 48670] on M8 is 2.711
[38940 48670 39840 49600] on M8 is 2.711
[9760 48220 10660 49120] on VIA8 is 7.567
[9760 48220 10660 48670] on M8 is 2.866
[9760 48670 10660 49600] on M8 is 2.866
