[12:25:12.35] /o Custom Designer (TM) Version J-2014.12-SP2-2
              /c Build  (OPT) Config 2901729 compiled on Sun Jul 26 20:41:43 2015 for RHEL64 5.7
              /c Invocation: /usr/local/synopsys/customdesigner/J-2014.12-SP2-2/amd64/platform/bin/cdesigner
              /c Execution time: Wed Feb 21 12:23:45 2018
              /c Host: bender.engr.ucr.edu
              /c 
              /c Copyright © 2004-2015 Synopsys, Inc. All rights reserved.
              /c Your use of this program is subject to the terms and conditions of the written license agreement between you, or your company, and Synopsys.
              /c 
[12:26:33.70] /i db::setAttr geometry -of [gi::getFrames 0] -value 600x300+8+610
[12:36:00.47] /# gi::executeAction deOpenDesign -in [gi::getWindows 0]
[12:36:00.47] /i de::showOpenDesign
[12:36:01.10] /o oa:0x23876780
[12:36:01.45] /i gi::setActiveDialog [gi::getDialogs {deOpenDesign}]
[12:36:01.70] /i db::setAttr geometry -of [gi::getDialogs {deOpenDesign}] -value 645x491+529+226
[12:37:54.44] /i db::setAttr geometry -of [gi::getDialogs {deOpenDesign}] -value 645x491+638+174
[12:37:56.66] /i db::setAttr geometry -of [gi::getDialogs {deOpenDesign}] -value 645x491+448+227
[12:38:28.26] /i db::setAttr geometry -of [gi::getDialogs {deOpenDesign}] -value 645x491+957+257
[12:38:31.90] /i gi::setCurrentIndex {designLibs} -index {vlsi_lib} -in [gi::getDialogs {deOpenDesign}]
[12:38:32.08] /i gi::setItemSelection {designLibs} -index {vlsi_lib} -in [gi::getDialogs {deOpenDesign}]
[12:38:34.76] /i gi::setCurrentIndex {designCells} -index {inverter} -in [gi::getDialogs {deOpenDesign}]
[12:38:35.09] /i gi::setItemSelection {designCells} -index {inverter} -in [gi::getDialogs {deOpenDesign}]
[12:38:36.18] /i gi::setCurrentIndex {designViews} -index {layout} -in [gi::getDialogs {deOpenDesign}]
[12:38:36.20] /i gi::setItemSelection {designViews} -index {layout} -in [gi::getDialogs {deOpenDesign}]
[12:38:37.26] /i gi::pressButton {ok} -in [gi::getDialogs {deOpenDesign}]
[12:38:37.29] /# de::open [dm::findCellView {layout} -cellName {inverter} -libName {vlsi_lib}] -readOnly 0
[12:38:37.49] /m Information: License 'Layout Editor' checked out. (LICENSE-003)
[12:38:37.59] /o 	############################################
[12:38:37.59] /o 	--------------------------------------------
[12:38:37.59] /o 	PDK Name................... : SAED_PDK_90
[12:38:37.59] /o 	PDK Release Date........... : 29-Sep-2015
[12:38:37.59] /o 	PDK Custom Designer Version : J-2014.12-2
[12:38:37.59] /o 	--------------------------------------------
[12:38:37.59] /o 	############################################
[12:38:37.59] /o 
[12:38:37.59] /w Warning: Preference 'leActiveLPP' is deprecated and scheduled for removal in a future release with no replacement. For migration assistance, see the Custom Designer Tcl Reference Manual. (PREFERENCE-058)
[12:38:37.59] /o SAED PDK 90: Loaded callbacks
[12:38:37.60] /o SAED PDK 90: Loaded display resources
[12:38:37.90] /r giWindowId 1
[12:38:37.90] /r giWindowGeometry 1450x864
[12:38:40.35] /o 0.1
[12:38:45.18] /i db::setAttr dockSize -of [gi::getAssistants leObjectLayerPanel -from [gi::getWindows 1]] -value 190x714
[12:38:49.33] /i db::setAttr geometry -of [gi::getFrames 1] -value 1450x864+15+54
[12:39:26.29] /# gi::executeAction xtDRCSetup -in [gi::getWindows 1]
[12:39:26.29] /i xt::showDRCSetup -job drc -window 1
[12:40:29.02] /# db::setAttr geometry -of [gi::getDialogs {xtDRCSetup} -parent [gi::getWindows 1]] -value 428x457+658+366
[12:40:35.06] /# gi::setActiveDialog [gi::getDialogs {xtDRCSetup} -parent [gi::getWindows 1]]
[12:40:35.94] /# db::setAttr geometry -of [gi::getDialogs {xtDRCSetup} -parent [gi::getWindows 1]] -value 445x457+658+366
[12:41:15.90] /# gi::pressButton {/tabGroup/mainTab/runDir/browseButton} -in [gi::getDialogs {xtDRCSetup} -parent [gi::getWindows 1]]
[12:41:26.62] /r giFileDialog reject pvjob_vlsi_lib.inverter.icv.drc
[12:41:29.39] /# gi::setActiveTab {/tabGroup} -tabName {/tabGroup/controlVariablesTab} -in [gi::getDialogs {xtDRCSetup} -parent [gi::getWindows 1]]
[12:41:31.70] /# gi::pressButton {/ok} -in [gi::getDialogs {xtDRCSetup} -parent [gi::getWindows 1]]
[12:41:32.19] /w Warning: Attribute 'foreground' is deprecated for objects of type 'giCell' and scheduled for removal in a future release. See instead 'style.foreground'. For migration assistance, see the Custom Designer Tcl Reference Manual. (TCL_OBJECT-061)
[12:41:55.36] /# xt::physicalVerification::executePve drc 1
[12:41:58.32] /e Error: Error: The specified object does not have attribute 'defaultScopeName'. (TCL_OBJECT-003) (OPAL-006)
[12:42:01.43] /r giWindowId 2
[12:42:01.56] /r giWindowGeometry 800x600
[12:47:25.40] /e Error: Error: The object is invalid. It may have been destroyed or its database may be purged.  (TCL_OBJECT-007)
[12:47:25.47] /e Error: The object is invalid. It may have been destroyed or its database may be purged.  (TCL_OBJECT-007)
[12:47:25.86] /i db::setAttr geometry -of [gi::getFrames 2] -value 800x600+194+157
[12:48:08.09] /m Information: 
              /c =============================
              /c JobID: icv_drc_1
              /c Completed with no errors.
              /c =============================
              /c 
[12:50:18.78] /i gi::setActiveWindow 1
[12:50:18.81] /i gi::setActiveWindow 1 -raise true
[12:50:21.08] /i gi::setActiveWindow 2
[12:50:21.10] /i gi::setActiveWindow 2 -raise true
[12:50:23.95] /i gi::setActiveTab {tabs} -tabName {inverter.RESULTS} -in [gi::getWindows 2]
[12:50:26.26] /i gi::setActiveTab {tabs} -tabName {inverter.drc.cdesigner.rc} -in [gi::getWindows 2]
[12:50:27.37] /i gi::setActiveTab {tabs} -tabName {rules.drc.9m_saed90_icv.drc.rs} -in [gi::getWindows 2]
[12:50:28.87] /i gi::executeAction giCloseWindow -in [gi::getWindows 2]
[12:50:29.34] /i gi::setActiveWindow 1
[12:50:29.39] /i gi::setActiveWindow 1 -raise true
[12:57:56.61] /# gi::executeAction xtLPERun -in [gi::getWindows 1]
[12:57:56.61] /i xt::physicalVerification::executeRun lpe 1
[12:58:21.34] /# xt::physicalVerification::executePve lpe 1
[12:58:22.05] /e Error: xtLPEStarOutputRunset: preference value is empty in '/home/eemaj/bevans/eecs168/inverter.starrc.lpe_pve' scope.
[12:58:50.84] /w Warning: Preference 'xtStarNetlistFormat' is deprecated and scheduled for removal in a future release. Use 'xtLPEStarNetlistFormat' instead. For migration assistance, see the Custom Designer Tcl Reference Manual. (PREFERENCE-070)
[12:59:01.61] /i gi::setActiveDialog [gi::getDialogs {xtLPESetup} -parent [gi::getWindows 1]]
[12:59:02.12] /i db::setAttr geometry -of [gi::getDialogs {xtLPESetup} -parent [gi::getWindows 1]] -value 456x707+618+124
[13:00:49.90] /i db::setAttr geometry -of [gi::getDialogs {xtLPESetup} -parent [gi::getWindows 1]] -value 456x707+976+208
[13:01:05.90] /i gi::setActiveTab {/tabGroup} -tabName {/tabGroup/extractionOptionsTab} -in [gi::getDialogs {xtLPESetup} -parent [gi::getWindows 1]]
[13:01:14.70] /i gi::setField {/tabGroup/extractionOptionsTab/layoutExtractionGroup/lvsTool} -value {IC\ Validator} -in [gi::getDialogs {xtLPESetup} -parent [gi::getWindows 1]]
[13:01:24.65] /i gi::setField {/tabGroup/extractionOptionsTab/layoutExtractionGroup/icvRunsetReportFile/entryField} -value {./pex_runset_report} -in [gi::getDialogs {xtLPESetup} -parent [gi::getWindows 1]]
[13:01:43.32] /i gi::setField {/tabGroup/extractionOptionsTab/netlistGroundNodeName} -value {VSS} -in [gi::getDialogs {xtLPESetup} -parent [gi::getWindows 1]]
[13:01:43.77] /i gi::setActiveTab {/tabGroup} -tabName {/tabGroup/outputOptionsTab} -in [gi::getDialogs {xtLPESetup} -parent [gi::getWindows 1]]
[13:01:51.76] /i gi::setField {/tabGroup/outputOptionsTab/outputGroup/outputFormat} -value {OA} -in [gi::getDialogs {xtLPESetup} -parent [gi::getWindows 1]]
[13:01:57.28] /i gi::pressButton {/tabGroup/outputOptionsTab/outputGroup/layerMappingFile/browseButton} -in [gi::getDialogs {xtLPESetup} -parent [gi::getWindows 1]]
[13:02:19.56] /r giFileDialog reject vlsi_lib/inverter/layout
[13:02:21.93] /i gi::setField {/tabGroup/outputOptionsTab/outputGroup/layerMappingFile/entryField} -value {/usr/local/synopsys/pdk/SAED_PDK90nm/starrcxt/output_layer_map} -in [gi::getDialogs {xtLPESetup} -parent [gi::getWindows 1]]
[13:02:29.10] /i gi::setField {/tabGroup/outputOptionsTab/outputGroup/deviceMappingFile/entryField} -value {/usr/local/synopsys/pdk/SAED_PDK90nm/starrcxt/device_map} -in [gi::getDialogs {xtLPESetup} -parent [gi::getWindows 1]]
[13:02:34.78] /i gi::pressButton {/ok} -in [gi::getDialogs {xtLPESetup} -parent [gi::getWindows 1]]
[13:02:58.48] /# xt::physicalVerification::executePve lpe 1
[13:03:03.85] /r giWindowId 3
[13:03:04.03] /r giWindowGeometry 800x600
[13:03:05.29] /i db::setAttr geometry -of [gi::getFrames 3] -value 800x600+138+161
[13:03:09.46] /r giWindowId 4
[13:03:09.81] /r giWindowGeometry 800x600
[13:03:11.47] /e Error: The job 'starrc_lpe_1' started on host 'localhost' with process id 2845 failed to start or complete successfully; the job's return code is 255.
[13:03:12.60] /i db::setAttr geometry -of [gi::getFrames 4] -value 800x600+164+187
[13:03:17.06] /i gi::setActiveWindow 3
[13:03:17.09] /i gi::setActiveWindow 3 -raise true
[13:03:26.14] /i db::setAttr geometry -of [gi::getFrames 3] -value 800x600+483+298
[13:03:26.72] /i gi::executeAction giCloseWindow -in [gi::getWindows 3]
[13:03:27.33] /i gi::setActiveWindow 4
[13:03:27.39] /i gi::setActiveWindow 4 -raise true
[13:03:28.59] /i gi::executeAction giCloseWindow -in [gi::getWindows 4]
[13:03:46.65] /i gi::setActiveWindow 1
[13:03:46.68] /i gi::setActiveWindow 1 -raise true
[13:03:52.77] /# gi::executeAction xtLPESetup -in [gi::getWindows 1]
[13:03:52.77] /i xt::showLPESetup -job lpe -window 1
[13:04:59.67] /o oa:0x25000220
[13:05:04.02] /i db::setAttr geometry -of [gi::getDialogs {xtLPESetup} -parent [gi::getWindows 1]] -value 456x707+976+208
[13:05:06.54] /i gi::setActiveDialog [gi::getDialogs {xtLPESetup} -parent [gi::getWindows 1]]
[13:10:15.79] /i db::setAttr geometry -of [gi::getDialogs {xtLPESetup} -parent [gi::getWindows 1]] -value 456x707+720+159
[13:10:23.22] /i gi::setActiveTab {/tabGroup} -tabName {/tabGroup/extractionOptionsTab} -in [gi::getDialogs {xtLPESetup} -parent [gi::getWindows 1]]
[13:10:27.74] /i db::setAttr geometry -of [gi::getDialogs {xtLPESetup} -parent [gi::getWindows 1]] -value 456x707+1021+159
[13:10:37.38] /i gi::pressButton {/tabGroup/extractionOptionsTab/layoutExtractionGroup/icvRunsetReportFile/browseButton} -in [gi::getDialogs {xtLPESetup} -parent [gi::getWindows 1]]
[13:11:06.17] /r giFileDialog reject pex_runset_report
[13:11:16.07] /i gi::setField {/tabGroup/extractionOptionsTab/netlistGroundNodeName} -value {0} -in [gi::getDialogs {xtLPESetup} -parent [gi::getWindows 1]]
[13:11:31.06] /i gi::executeAction deObjectActivation -in [gi::getWindows 1]
[13:11:31.36] /w Warning: Nothing is bound to the 'Shift-v' in the current active set. (WINDOW-015)
[13:11:31.49] /# gi::executeAction dbShowFindReplace -in [gi::getWindows 1]
[13:11:31.49] /i db::showFindReplace -parent 1
[13:11:31.70] /r giWindowId 5
[13:11:32.54] /r giWindowGeometry 580x620
[13:11:53.84] /o oa:0x25a74560
[13:11:54.56] /# gi::executeAction dbShowFindReplace -in [gi::getWindows 1]
[13:11:54.56] /i db::showFindReplace -parent 1
[13:11:54.63] /r giWindowId 6
[13:11:55.10] /r giWindowGeometry 580x620
[13:12:12.10] /o oa:0x25d383d0
[13:12:12.19] /i gi::executeAction deObjectActivation -in [gi::getWindows 1]
[13:12:13.72] /# gi::executeAction dePanEast -in [gi::getWindows 1]
[13:12:13.72] /i de::pan -direction E -multiplier 0.5
[13:12:13.79] /o {1.505 -1.605} {8.445 2.463}
[13:12:13.90] /# gi::executeAction deFocusCommandOptionsFirst -in [gi::getWindows 1]
[13:12:14.01] /# gi::executeAction deFocusCommandOptionsFirst -in [gi::getWindows 1]
[13:12:14.72] /i gi::setActiveWindow 5
[13:12:14.73] /i gi::setActiveWindow 5 -raise true
[13:12:16.19] /i db::setAttr geometry -of [gi::getDialogs {xtLPESetup} -parent [gi::getWindows 1]] -value 456x707+975+142
[13:12:16.25] /i db::setAttr geometry -of [gi::getFrames 5] -value 606x620+190+213
[13:12:16.26] /i db::setAttr geometry -of [gi::getFrames 6] -value 606x620+216+239
[13:12:16.77] /i gi::setActiveWindow 6
[13:12:16.82] /i gi::setActiveWindow 6 -raise true
[13:12:17.13] /i db::setAttr geometry -of [gi::getFrames 6] -value 606x620+216+239
[13:14:28.43] /i gi::executeAction giCloseWindow -in [gi::getWindows 6]
[13:14:34.38] /i gi::setActiveWindow 5
[13:14:34.43] /i gi::setActiveWindow 5 -raise true
[13:14:35.82] /i gi::executeAction giCloseWindow -in [gi::getWindows 5]
[13:14:50.97] /i gi::setField {/tabGroup/extractionOptionsTab/netlistGroundNodeName} -value {VSS} -in [gi::getDialogs {xtLPESetup} -parent [gi::getWindows 1]]
[13:14:51.07] /i gi::pressButton {/ok} -in [gi::getDialogs {xtLPESetup} -parent [gi::getWindows 1]]
[13:15:24.81] /# xt::physicalVerification::executePve lpe 1
[13:15:30.46] /r giWindowId 7
[13:15:30.64] /r giWindowGeometry 800x600
[13:15:32.60] /i db::setAttr geometry -of [gi::getFrames 7] -value 800x600+34+57
[13:15:35.78] /r giWindowId 8
[13:15:35.97] /r giWindowGeometry 800x600
[13:15:36.77] /e Error: The job 'starrc_lpe_2' started on host 'localhost' with process id 3974 failed to start or complete successfully; the job's return code is 255.
[13:15:37.18] /i db::setAttr geometry -of [gi::getFrames 8] -value 800x600+34+57
[13:16:04.64] /i gi::executeAction giCloseWindow -in [gi::getWindows 8]
[13:16:07.68] /i gi::setActiveWindow 7
[13:16:07.70] /i gi::setActiveWindow 7 -raise true
[13:16:08.89] /i gi::executeAction giCloseWindow -in [gi::getWindows 7]
[13:16:11.62] /i gi::setActiveWindow 1
[13:16:11.64] /i gi::setActiveWindow 1 -raise true
[13:16:17.92] /# gi::executeAction xtLPERun -in [gi::getWindows 1]
[13:16:17.92] /i xt::physicalVerification::executeRun lpe 1
[13:16:35.20] /# xt::physicalVerification::executePve lpe 1
[13:16:38.95] /i gi::setActiveWindow 0
[13:16:39.15] /i gi::setActiveWindow 0 -raise true
[13:16:40.48] /r giWindowId 9
[13:16:40.87] /r giWindowGeometry 800x600
[13:16:42.86] /i db::setAttr geometry -of [gi::getFrames 9] -value 800x600+60+83
[13:16:47.08] /r giWindowId 10
[13:16:47.24] /r giWindowGeometry 800x600
[13:16:48.52] /e Error: The job 'starrc_lpe_3' started on host 'localhost' with process id 4149 failed to start or complete successfully; the job's return code is 255.
[13:16:48.97] /i db::setAttr geometry -of [gi::getFrames 10] -value 800x600+86+109
[13:20:18.97] /i gi::setActiveTab {tabs} -tabName {inverter.star_sum} -in [gi::getWindows 10]
[13:20:20.19] /i gi::setActiveTab {tabs} -tabName {saed90nm_1p9m_star_nominal.cdesigner.cmd} -in [gi::getWindows 10]
[13:20:41.40] /i gi::setActiveWindow 0
[13:20:41.43] /i gi::setActiveWindow 0 -raise true
[13:20:49.58] /i db::setAttr geometry -of [gi::getFrames 0] -value 600x300+20+578
[13:21:09.23] /i gi::setActiveWindow 9
[13:21:09.25] /i gi::setActiveWindow 9 -raise true
[13:21:13.96] /i gi::setActiveWindow 10
[13:21:13.98] /i gi::setActiveWindow 10 -raise true
[13:21:17.01] /i db::setAttr geometry -of [gi::getFrames 10] -value 800x600+607+175
[13:21:17.50] /i gi::setActiveWindow 9
[13:21:17.55] /i gi::setActiveWindow 9 -raise true
[13:21:17.56] /i gi::executeAction giCloseWindow -in [gi::getWindows 9]
[13:21:17.92] /i gi::setActiveWindow 10
[13:21:17.94] /i gi::setActiveWindow 10 -raise true
[13:21:39.33] /i gi::setActiveTab {tabs} -tabName {inverter.star_sum} -in [gi::getWindows 10]
[13:21:40.75] /i gi::setActiveTab {tabs} -tabName {stdout.lpe.log} -in [gi::getWindows 10]
[13:22:15.18] /i db::setAttr geometry -of [gi::getFrames 10] -value 800x604+607+171
[13:22:23.03] /i db::setAttr geometry -of [gi::getFrames 10] -value 800x604+714+164
[13:22:26.16] /i db::setAttr geometry -of [gi::getFrames 10] -value 800x604+893+194
[13:22:30.13] /i gi::setActiveTab {tabs} -tabName {inverter.star_sum} -in [gi::getWindows 10]
[13:22:32.48] /i gi::executeAction giCloseWindow -in [gi::getWindows 10]
[13:22:32.91] /i gi::setActiveWindow 0
[13:22:32.95] /i gi::setActiveWindow 0 -raise true
[13:22:43.02] /i gi::setActiveWindow 1
[13:22:43.05] /i gi::setActiveWindow 1 -raise true
[13:22:48.76] /# gi::executeAction xtLPESetup -in [gi::getWindows 1]
[13:22:48.76] /i xt::showLPESetup -job lpe -window 1
[13:23:44.20] /o oa:0x24f4cb80
[13:23:48.76] /i gi::setActiveWindow 0
[13:23:48.79] /i gi::setActiveWindow 0 -raise true
[13:23:50.30] /i gi::setActiveWindow 1
[13:23:51.07] /i gi::setActiveWindow 1 -raise true
[13:23:54.37] /# gi::executeAction deZoomOutAtPoint -in [gi::getWindows 1]
[13:23:54.37] /i de::zoom -window 1 -factor 0.5 -center {3.596 0.521}
[13:23:54.43] /o {-0.587 -3.732} {13.293 4.406}
[13:23:54.45] /# gi::executeAction deZoomInAtPoint -in [gi::getWindows 1]
[13:23:54.45] /i de::zoom -window 1 -factor 2.0 -center {15.758 3.34}
[13:23:54.51] /o {7.586 -0.196} {14.526 3.873}
[13:23:55.90] /i gi::setActiveDialog [gi::getDialogs {xtLPESetup} -parent [gi::getWindows 1]]
[13:23:56.74] /i db::setAttr geometry -of [gi::getDialogs {xtLPESetup} -parent [gi::getWindows 1]] -value 456x707+1028+134
[13:24:12.54] /i gi::setActiveTab {/tabGroup} -tabName {/tabGroup/extractionOptionsTab} -in [gi::getDialogs {xtLPESetup} -parent [gi::getWindows 1]]
[13:24:23.10] /i gi::setActiveTab {/tabGroup} -tabName {/tabGroup/mainTab} -in [gi::getDialogs {xtLPESetup} -parent [gi::getWindows 1]]
[13:24:29.61] /i db::setAttr geometry -of [gi::getFrames 1] -value 1450x864+0+0
[13:24:33.18] /i gi::setActiveTab {/tabGroup} -tabName {/tabGroup/extractionOptionsTab} -in [gi::getDialogs {xtLPESetup} -parent [gi::getWindows 1]]
[13:24:34.20] /i gi::setActiveTab {/tabGroup} -tabName {/tabGroup/outputOptionsTab} -in [gi::getDialogs {xtLPESetup} -parent [gi::getWindows 1]]
[13:24:46.00] /i gi::setField {/tabGroup/outputOptionsTab/outputGroup/outputFormat} -value {OA} -in [gi::getDialogs {xtLPESetup} -parent [gi::getWindows 1]]
[13:24:50.82] /i gi::setActiveTab {/tabGroup} -tabName {/tabGroup/extractionOptionsTab} -in [gi::getDialogs {xtLPESetup} -parent [gi::getWindows 1]]
[13:25:07.06] /i gi::setActiveTab {/tabGroup} -tabName {/tabGroup/mainTab} -in [gi::getDialogs {xtLPESetup} -parent [gi::getWindows 1]]
[13:25:15.53] /i gi::pressButton {/ok} -in [gi::getDialogs {xtLPESetup} -parent [gi::getWindows 1]]
[13:25:34.55] /# xt::physicalVerification::executePve lpe 1
[13:25:40.32] /i db::setAttr geometry -of [gi::getFrames 1] -value 1450x864+15+54
[13:25:42.23] /r giWindowId 11
[13:25:42.57] /r giWindowGeometry 800x600
[13:25:45.25] /i db::setAttr geometry -of [gi::getFrames 11] -value 800x600+112+135
[13:25:48.57] /r giWindowId 12
[13:25:48.78] /r giWindowGeometry 800x600
[13:25:50.03] /e Error: The job 'starrc_lpe_4' started on host 'localhost' with process id 5248 failed to start or complete successfully; the job's return code is 255.
[13:25:50.47] /i db::setAttr geometry -of [gi::getFrames 12] -value 800x600+138+161
[13:27:51.45] /# gi::executeAction giPostContextMenu -in [gi::getWindows 12]
[13:28:08.73] /i gi::setActiveWindow 11
[13:28:08.78] /i gi::setActiveWindow 11 -raise true
[13:28:27.83] /i gi::setActiveWindow 12
[13:28:27.87] /i gi::setActiveWindow 12 -raise true
[13:28:31.43] /i gi::executeAction giCloseWindow -in [gi::getWindows 12]
[13:28:32.03] /i gi::setActiveWindow 11
[13:28:32.06] /i gi::setActiveWindow 11 -raise true
[13:28:32.66] /i gi::executeAction giCloseWindow -in [gi::getWindows 11]
[13:28:34.32] /i gi::setActiveWindow 1
[13:28:34.34] /i gi::setActiveWindow 1 -raise true
[13:28:42.77] /# gi::executeAction xtLVSRun -in [gi::getWindows 1]
[13:28:42.77] /i xt::physicalVerification::executeRun lvs 1
[13:28:59.72] /# xt::physicalVerification::executePve lvs 1
[13:29:01.17] /m Information: "Starting netlisting for design "vlsi_lib/inverter/schematic"..." (NETLISTING-010)
[13:29:02.98] /o No Design Integrity rule violations found in "vlsi_lib/inverter/schematic"
[13:29:11.48] /m Information: "Netlisting design "vlsi_lib/inverter/schematic" finished successfully." (NETLISTING-012)
[13:29:14.85] /r giWindowId 13
[13:29:15.48] /r giWindowGeometry 800x600
[13:29:18.17] /i gi::setActiveWindow 0
[13:29:18.20] /i gi::setActiveWindow 0 -raise true
[13:29:18.61] /i gi::setActiveWindow 13
[13:29:18.65] /i gi::setActiveWindow 13 -raise true
[13:29:18.89] /i db::setAttr geometry -of [gi::getFrames 13] -value 800x600+164+187
[13:29:21.75] /i gi::setActiveWindow 0
[13:29:21.78] /i gi::setActiveWindow 0 -raise true
[13:29:28.06] /i gi::setActiveWindow 13
[13:29:28.08] /i gi::setActiveWindow 13 -raise true
[13:29:28.10] /i gi::executeAction giCloseWindow -in [gi::getWindows 13]
[13:29:28.69] /i gi::setActiveWindow 0
[13:29:28.72] /i gi::setActiveWindow 0 -raise true
[13:29:35.52] /# gi::executeAction xtLPERun -in [gi::getWindows 1]
[13:29:35.52] /i xt::physicalVerification::executeRun lpe 1
[13:30:25.75] /# xt::physicalVerification::executePve lpe 1
[13:30:35.35] /r giWindowId 14
[13:30:35.51] /r giWindowGeometry 800x600
[13:30:38.62] /i db::setAttr geometry -of [gi::getFrames 14] -value 800x600+190+213
[13:30:39.16] /r giWindowId 15
[13:30:39.46] /r giWindowGeometry 800x600
[13:30:41.04] /e Error: The job 'starrc_lpe_5' started on host 'localhost' with process id 5860 failed to start or complete successfully; the job's return code is 255.
[13:30:41.49] /i db::setAttr geometry -of [gi::getFrames 15] -value 800x600+216+239
[13:32:10.42] /i gi::setActiveWindow 14
[13:32:10.43] /i gi::setActiveWindow 14 -raise true
[13:32:12.16] /i gi::executeAction giCloseWindow -in [gi::getWindows 14]
[13:32:12.44] /i gi::setActiveWindow 15
[13:32:12.48] /i gi::setActiveWindow 15 -raise true
[13:32:13.56] /i gi::executeAction giCloseWindow -in [gi::getWindows 15]
[13:32:15.61] /i gi::setActiveWindow 1
[13:32:15.63] /i gi::setActiveWindow 1 -raise true
[13:32:23.98] /# gi::executeAction xtPVEOptions -in [gi::getWindows 1]
[13:32:23.98] /i xt::showPveOptions
[13:32:24.27] /o oa:0x22d6f250
[13:32:24.56] /i gi::setActiveDialog [gi::getDialogs {xtShowPveOptions}]
[13:32:25.01] /i db::setAttr geometry -of [gi::getDialogs {xtShowPveOptions}] -value 428x125+774+423
[13:32:27.03] /i gi::pressButton {/cancel} -in [gi::getDialogs {xtShowPveOptions}]
[13:32:43.31] /# gi::executeAction leShowDRDOptions -in [gi::getWindows 1]
[13:32:43.31] /i le::showDRDOptions
[13:32:43.98] /o oa:0x251c1af0
[13:32:44.41] /i gi::setActiveDialog [gi::getDialogs {leDRDOptions} -parent [gi::getWindows 1]]
[13:32:44.76] /i db::setAttr geometry -of [gi::getDialogs {leDRDOptions} -parent [gi::getWindows 1]] -value 484x658+496+148
[13:32:47.38] /i gi::closeWindows [gi::getDialogs {leDRDOptions} -parent [gi::getWindows 1]]
[13:32:52.29] /i gi::setField {drcMode} -value {Assist} -in [gi::getToolbars {leDRCToolbar} -from [gi::getWindows 1]]
[13:32:54.80] /# gi::executeAction deZoomOutAtPoint -in [gi::getWindows 1]
[13:32:54.80] /i de::zoom -window 1 -factor 0.5 -center {9.786 2.561}
[13:32:54.85] /o {5.385 -2.953} {19.265 5.185}
[13:32:55.25] /# gi::executeAction deZoomOutAtPoint -in [gi::getWindows 1]
[13:32:55.25] /i de::zoom -window 1 -factor 0.5 -center {9.798 2.56}
[13:32:55.30] /o {0.973 -8.466} {28.733 7.81}
[13:32:55.30] /# gi::executeAction deZoomOutAtPoint -in [gi::getWindows 1]
[13:32:55.30] /i de::zoom -window 1 -factor 0.5 -center {9.798 2.56}
[13:32:55.44] /o {-7.853 -19.492} {47.667 13.06}
[13:32:55.44] /# gi::executeAction deZoomOutAtPoint -in [gi::getWindows 1]
[13:32:55.44] /i de::zoom -window 1 -factor 0.5 -center {9.798 2.561}
[13:32:55.52] /o {-25.504 -41.544} {85.537 23.558}
[13:32:55.78] /# gi::executeAction deZoomInAtPoint -in [gi::getWindows 1]
[13:32:55.78] /i de::zoom -window 1 -factor 2.0 -center {9.798 2.56}
[13:32:55.85] /o {-7.853 -19.492} {47.667 13.059}
[13:32:56.13] /# gi::executeAction deZoomInAtPoint -in [gi::getWindows 1]
[13:32:56.13] /i de::zoom -window 1 -factor 2.0 -center {9.798 2.56}
[13:32:56.17] /o {0.973 -8.466} {28.733 7.81}
[13:32:56.17] /# gi::executeAction deZoomInAtPoint -in [gi::getWindows 1]
[13:32:56.17] /i de::zoom -window 1 -factor 2.0 -center {9.798 2.56}
[13:32:56.30] /o {5.385 -2.953} {19.265 5.185}
[13:32:56.97] /# gi::executeAction deZoomOutAtPoint -in [gi::getWindows 1]
[13:32:56.97] /i de::zoom -window 1 -factor 0.5 -center {5.477 1.127}
[13:32:56.99] /o {5.294 -7.033} {33.054 9.243}
[13:32:57.51] /# gi::executeAction deZoomOutAtPoint -in [gi::getWindows 1]
[13:32:57.51] /i de::zoom -window 1 -factor 0.5 -center {6.096 1.403}
[13:32:57.55] /o {4.491 -15.469} {60.011 17.082}
[13:32:57.92] /# gi::executeAction deZoomOutAtPoint -in [gi::getWindows 1]
[13:32:57.92] /i de::zoom -window 1 -factor 0.5 -center {6.233 1.586}
[13:32:58.10] /o {2.749 -32.524} {113.79 32.578}
[13:32:58.29] /# gi::executeAction deZoomOutAtPoint -in [gi::getWindows 1]
[13:32:58.29] /i de::zoom -window 1 -factor 0.5 -center {6.417 1.861}
[13:32:58.35] /o {-0.919 -66.909} {221.162 63.295}
[13:32:58.39] /# gi::executeAction deZoomOutAtPoint -in [gi::getWindows 1]
[13:32:58.39] /i de::zoom -window 1 -factor 0.5 -center {6.417 1.861}
[13:32:58.43] /o {-8.254 -135.679} {435.908 124.729}
[13:32:59.48] /# gi::executeAction deZoomInAtPoint -in [gi::getWindows 1]
[13:32:59.48] /i de::zoom -window 1 -factor 2.0 -center {0.915 0.393}
[13:32:59.60] /o {-3.67 -67.643} {218.411 62.561}
[13:32:59.60] /# gi::executeAction deZoomInAtPoint -in [gi::getWindows 1]
[13:32:59.60] /i de::zoom -window 1 -factor 2.0 -center {0.915 0.393}
[13:32:59.71] /o {-1.377 -33.625} {109.663 31.477}
[13:33:00.35] /# gi::executeAction deZoomInAtPoint -in [gi::getWindows 1]
[13:33:00.35] /i de::zoom -window 1 -factor 2.0 -center {-0.552 -0.34}
[13:33:00.42] /o {-0.965 -16.983} {54.556 15.569}
[13:33:00.81] /# gi::executeAction deZoomInAtPoint -in [gi::getWindows 1]
[13:33:00.81] /i de::zoom -window 1 -factor 2.0 -center {-0.552 -0.34}
[13:33:00.85] /o {-0.758 -8.661} {27.002 7.614}
[13:33:02.29] /# gi::executeAction deZoomInAtPoint -in [gi::getWindows 1]
[13:33:02.29] /i de::zoom -window 1 -factor 2.0 -center {-0.552 -0.34}
[13:33:02.39] /o {-0.655 -4.501} {13.225 3.637}
[13:33:02.39] /# gi::executeAction deZoomInAtPoint -in [gi::getWindows 1]
[13:33:02.39] /i de::zoom -window 1 -factor 2.0 -center {-0.575 -0.088}
[13:33:02.52] /o {-0.615 -2.294} {6.325 1.775}
[13:33:02.52] /# gi::executeAction deZoomInAtPoint -in [gi::getWindows 1]
[13:33:02.52] /i de::zoom -window 1 -factor 2.0 -center {-0.575 -0.088}
[13:33:02.61] /o {-0.595 -1.191} {2.875 0.843}
[13:33:02.61] /# gi::executeAction deZoomInAtPoint -in [gi::getWindows 1]
[13:33:02.61] /i de::zoom -window 1 -factor 2.0 -center {-0.575 -0.088}
[13:33:02.77] /o {-0.585 -0.64} {1.15 0.378}
[13:33:04.18] /# gi::executeAction deZoomInAtPoint -in [gi::getWindows 1]
[13:33:04.19] /i de::zoom -window 1 -factor 2.0 -center {-0.575 -0.088}
[13:33:04.26] /o {-0.58 -0.364} {0.287 0.145}
[13:33:04.27] /# gi::executeAction deZoomInAtPoint -in [gi::getWindows 1]
[13:33:04.27] /i de::zoom -window 1 -factor 2.0 -center {-0.561 -0.054}
[13:33:04.38] /o {-0.571 -0.209} {-0.137 0.045}
[13:33:04.38] /# gi::executeAction deZoomInAtPoint -in [gi::getWindows 1]
[13:33:04.38] /i de::zoom -window 1 -factor 2.0 -center {-0.561 -0.054}
[13:33:04.49] /o {-0.566 -0.131} {-0.349 -0.004}
[13:33:04.49] /# gi::executeAction deZoomInAtPoint -in [gi::getWindows 1]
[13:33:04.49] /i de::zoom -window 1 -factor 2.0 -center {-0.561 -0.054}
[13:33:04.54] /o {-0.563 -0.093} {-0.455 -0.029}
[13:33:04.54] /# gi::executeAction deZoomInAtPoint -in [gi::getWindows 1]
[13:33:04.54] /i de::zoom -window 1 -factor 2.0 -center {-0.561 -0.054}
[13:33:04.63] /o {-0.562 -0.073} {-0.508 -0.042}
[13:33:05.34] /# gi::executeAction deZoomOutAtPoint -in [gi::getWindows 1]
[13:33:05.34] /i de::zoom -window 1 -factor 0.5 -center {-0.526 -0.051}
[13:33:05.38] /o {-0.598 -0.096} {-0.49 -0.032}
[13:33:06.36] /# gi::executeAction deZoomOutAtPoint -in [gi::getWindows 1]
[13:33:06.36] /i de::zoom -window 1 -factor 0.5 -center {-0.527 -0.052}
[13:33:06.40] /o {-0.67 -0.139} {-0.453 -0.012}
[13:33:06.56] /# gi::executeAction deZoomOutAtPoint -in [gi::getWindows 1]
[13:33:06.56] /i de::zoom -window 1 -factor 0.5 -center {-0.526 -0.053}
[13:33:06.60] /o {-0.814 -0.226} {-0.38 0.028}
[13:33:07.15] /# gi::executeAction deZoomOutAtPoint -in [gi::getWindows 1]
[13:33:07.15] /i de::zoom -window 1 -factor 0.5 -center {-0.527 -0.052}
[13:33:07.20] /o {-1.1 -0.4} {-0.233 0.109}
[13:33:08.03] /# gi::executeAction deZoomOutAtPoint -in [gi::getWindows 1]
[13:33:08.03] /i de::zoom -window 1 -factor 0.5 -center {-0.286 0.009}
[13:33:08.09] /o {-1.914 -0.809} {-0.179 0.209}
[13:33:08.71] /# gi::executeAction deZoomOutAtPoint -in [gi::getWindows 1]
[13:33:08.71] /i de::zoom -window 1 -factor 0.5 -center {-0.212 0.031}
[13:33:08.83] /o {-3.616 -1.648} {-0.146 0.386}
[13:33:08.86] /# gi::executeAction deZoomOutAtPoint -in [gi::getWindows 1]
[13:33:08.86] /i de::zoom -window 1 -factor 0.5 -center {-0.149 0.163}
[13:33:08.97] /o {-7.083 -3.459} {-0.143 0.61}
[13:33:09.40] /# gi::executeAction deZoomOutAtPoint -in [gi::getWindows 1]
[13:33:09.40] /i de::zoom -window 1 -factor 0.5 -center {-0.177 0.197}
[13:33:09.48] /o {-13.989 -7.116} {-0.109 1.022}
[13:33:09.69] /# gi::executeAction deZoomOutAtPoint -in [gi::getWindows 1]
[13:33:09.69] /i de::zoom -window 1 -factor 0.5 -center {-0.292 0.128}
[13:33:09.79] /o {-27.686 -14.359} {0.074 1.916}
[13:33:11.19] /# gi::executeAction deZoomInAtPoint -in [gi::getWindows 1]
[13:33:11.19] /i de::zoom -window 1 -factor 2.0 -center {-0.018 0.931}
[13:33:11.28] /o {-13.852 -6.714} {0.028 1.424}
[13:33:11.28] /# gi::executeAction deZoomInAtPoint -in [gi::getWindows 1]
[13:33:11.29] /i de::zoom -window 1 -factor 2.0 -center {-0.018 0.931}
[13:33:11.33] /o {-6.935 -2.892} {0.005 1.177}
[13:33:11.34] /# gi::executeAction deZoomInAtPoint -in [gi::getWindows 1]
[13:33:11.34] /i de::zoom -window 1 -factor 2.0 -center {-0.018 0.931}
[13:33:11.40] /o {-3.477 -0.98} {-0.007 1.054}
[13:33:12.42] /# gi::executeAction deZoomOutAtPoint -in [gi::getWindows 1]
[13:33:12.42] /i de::zoom -window 1 -factor 0.5 -center {-0.11 0.793}
[13:33:12.50] /o {-6.843 -2.754} {0.097 1.315}
[13:33:12.56] /# gi::executeAction deZoomOutAtPoint -in [gi::getWindows 1]
[13:33:12.56] /i de::zoom -window 1 -factor 0.5 -center {-0.109 0.794}
[13:33:12.65] /o {-13.577 -6.301} {0.303 1.837}
[13:33:12.78] /# gi::executeAction deZoomOutAtPoint -in [gi::getWindows 1]
[13:33:12.78] /i de::zoom -window 1 -factor 0.5 -center {-0.133 0.782}
[13:33:12.91] /o {-27.021 -13.384} {0.739 2.891}
[13:33:12.91] /# gi::executeAction deZoomOutAtPoint -in [gi::getWindows 1]
[13:33:12.91] /i de::zoom -window 1 -factor 0.5 -center {-0.247 0.714}
[13:33:12.99] /o {-53.796 -27.483} {1.725 5.069}
[13:33:13.00] /# gi::executeAction deZoomOutAtPoint -in [gi::getWindows 1]
[13:33:13.00] /i de::zoom -window 1 -factor 0.5 -center {-0.201 0.713}
[13:33:13.05] /o {-107.39 -55.678} {3.65 9.424}
[13:33:13.43] /# gi::executeAction deZoomOutAtPoint -in [gi::getWindows 1]
[13:33:13.43] /i de::zoom -window 1 -factor 0.5 -center {-0.201 0.713}
[13:33:13.57] /o {-214.58 -112.069} {7.501 18.135}
[13:33:13.57] /# gi::executeAction deZoomOutAtPoint -in [gi::getWindows 1]
[13:33:13.57] /i de::zoom -window 1 -factor 0.5 -center {-1.301 -0.387}
[13:33:13.65] /o {-427.858 -223.751} {16.304 36.657}
[13:33:13.65] /# gi::executeAction deZoomOutAtPoint -in [gi::getWindows 1]
[13:33:13.65] /i de::zoom -window 1 -factor 0.5 -center {-1.301 -0.387}
[13:33:13.92] /o {-854.416 -447.116} {33.909 73.702}
[13:33:13.92] /# gi::executeAction deZoomOutAtPoint -in [gi::getWindows 1]
[13:33:13.93] /i de::zoom -window 1 -factor 0.5 -center {-1.302 -0.386}
[13:33:14.09] /o {-1707.53 -893.846} {69.119 147.79}
[13:33:14.09] /# gi::executeAction deZoomOutAtPoint -in [gi::getWindows 1]
[13:33:14.09] /i de::zoom -window 1 -factor 0.5 -center {-1.301 -0.387}
[13:33:14.17] /o {-3413.758 -1787.305} {139.54 295.967}
[13:33:14.17] /# gi::executeAction deZoomOutAtPoint -in [gi::getWindows 1]
[13:33:14.17] /i de::zoom -window 1 -factor 0.5 -center {-1.301 -0.386}
[13:33:14.32] /w Warning: Could not zoom to factor '0.00017' because the length and width of the design must both remain at least one pixel in size. (CANVAS-002)
[13:33:14.38] /o {-3972.946 -2080.121} {162.619 344.529}
[13:33:15.87] /# gi::executeAction deZoomInAtPoint -in [gi::getWindows 1]
[13:33:15.87] /i de::zoom -window 1 -factor 2.0 -center {36.264 -7.216}
[13:33:15.94] /o {-1968.341 -1043.669} {99.441 168.656}
[13:33:16.00] /# gi::executeAction deZoomInAtPoint -in [gi::getWindows 1]
[13:33:16.00] /i de::zoom -window 1 -factor 2.0 -center {37.971 -7.216}
[13:33:16.11] /o {-965.185 -525.442} {68.706 80.72}
[13:33:16.22] /# gi::executeAction deZoomInAtPoint -in [gi::getWindows 1]
[13:33:16.22] /i de::zoom -window 1 -factor 2.0 -center {36.264 -7.216}
[13:33:16.29] /o {-464.461 -266.329} {52.485 36.752}
[13:33:16.52] /# gi::executeAction deZoomInAtPoint -in [gi::getWindows 1]
[13:33:16.52] /i de::zoom -window 1 -factor 2.0 -center {42.24 -5.935}
[13:33:16.56] /o {-211.11 -136.132} {47.363 15.409}
[13:33:16.85] /# gi::executeAction deZoomInAtPoint -in [gi::getWindows 1]
[13:33:16.85] /i de::zoom -window 1 -factor 2.0 -center {39.465 -7.002}
[13:33:16.92] /o {-85.823 -71.567} {43.414 4.203}
[13:33:18.33] /# gi::executeAction deZoomInAtPoint -in [gi::getWindows 1]
[13:33:18.33] /i de::zoom -window 1 -factor 2.0 -center {1.367 1.215}
[13:33:18.38] /o {-42.228 -35.176} {22.39 2.709}
[13:33:18.38] /# gi::executeAction deZoomInAtPoint -in [gi::getWindows 1]
[13:33:18.38] /i de::zoom -window 1 -factor 2.0 -center {1.367 1.268}
[13:33:18.43] /o {-20.43 -16.954} {11.879 1.989}
[13:33:19.30] /# gi::executeAction deZoomInAtPoint -in [gi::getWindows 1]
[13:33:19.30] /i de::zoom -window 1 -factor 2.0 -center {1.74 1.562}
[13:33:19.33] /o {-9.345 -7.696} {6.809 1.775}
[13:33:20.23] /# gi::executeAction deZoomInAtPoint -in [gi::getWindows 1]
[13:33:20.23] /i de::zoom -window 1 -factor 2.0 -center {1.74 0.975}
[13:33:20.32] /o {-3.803 -3.361} {4.275 1.375}
[13:33:20.32] /# gi::executeAction deZoomInAtPoint -in [gi::getWindows 1]
[13:33:20.32] /i de::zoom -window 1 -factor 2.0 -center {1.787 1.088}
[13:33:20.39] /o {-1.008 -1.136} {3.031 1.232}
[13:33:20.39] /# gi::executeAction deZoomInAtPoint -in [gi::getWindows 1]
[13:33:20.39] /i de::zoom -window 1 -factor 2.0 -center {1.794 1.115}
[13:33:20.43] /o {0.393 -0.011} {2.412 1.173}
[13:33:20.88] /# gi::executeAction deZoomInAtPoint -in [gi::getWindows 1]
[13:33:20.88] /i de::zoom -window 1 -factor 2.0 -center {1.792 1.13}
[13:33:20.94] /o {1.093 0.56} {2.102 1.152}
[13:33:21.07] /# gi::executeAction deZoomInAtPoint -in [gi::getWindows 1]
[13:33:21.07] /i de::zoom -window 1 -factor 2.0 -center {1.792 1.13}
[13:33:21.12] /o {1.442 0.845} {1.947 1.141}
[13:33:21.88] /# gi::executeAction deZoomOutAtPoint -in [gi::getWindows 1]
[13:33:21.89] /i de::zoom -window 1 -factor 0.5 -center {1.785 1.104}
[13:33:21.95] /o {1.1 0.586} {2.109 1.178}
[13:33:22.02] /# gi::executeAction deZoomOutAtPoint -in [gi::getWindows 1]
[13:33:22.02] /i de::zoom -window 1 -factor 0.5 -center {1.786 1.1}
[13:33:22.08] /o {0.413 0.071} {2.432 1.255}
[13:33:22.08] /# gi::executeAction deZoomOutAtPoint -in [gi::getWindows 1]
[13:33:22.08] /i de::zoom -window 1 -factor 0.5 -center {1.785 1.094}
[13:33:22.12] /o {-0.959 -0.951} {3.08 1.417}
[13:33:22.75] /# gi::executeAction deZoomOutAtPoint -in [gi::getWindows 1]
[13:33:22.75] /i de::zoom -window 1 -factor 0.5 -center {1.786 1.1}
[13:33:22.80] /o {-3.704 -3.003} {4.374 1.733}
[13:33:22.80] /# gi::executeAction deZoomOutAtPoint -in [gi::getWindows 1]
[13:33:22.80] /i de::zoom -window 1 -factor 0.5 -center {1.786 1.086}
[13:33:22.87] /o {-9.193 -7.091} {6.961 2.38}
[13:33:23.58] /# gi::executeAction deZoomInAtPoint -in [gi::getWindows 1]
[13:33:23.58] /i de::zoom -window 1 -factor 2.0 -center {1.692 1.073}
[13:33:23.64] /o {-3.751 -3.009} {4.327 1.727}
[13:33:23.64] /# gi::executeAction deZoomInAtPoint -in [gi::getWindows 1]
[13:33:23.64] /i de::zoom -window 1 -factor 2.0 -center {1.752 1.126}
[13:33:23.71] /o {-0.999 -0.942} {3.039 1.426}
[13:33:25.29] /# gi::executeAction deZoomInAtPoint -in [gi::getWindows 1]
[13:33:25.29] /i de::zoom -window 1 -factor 2.0 -center {1.295 1.059}
[13:33:25.32] /o {0.148 0.059} {2.167 1.243}
[13:33:42.60] /# gi::executeAction xtLPEViewOutputs -in [gi::getWindows 1]
[13:33:42.62] /i xt::physicalVerification::viewJobOutputs lpe 1
[13:33:42.98] /r giWindowId 16
[13:33:43.26] /r giWindowGeometry 800x600
[13:33:44.34] /o oa:0x2521bba0
[13:33:45.22] /i db::setAttr geometry -of [gi::getFrames 16] -value 800x600+34+57
[13:33:57.95] /i db::setAttr geometry -of [gi::getFrames 16] -value 800x600+21+141
[13:34:09.81] /i gi::executeAction giCloseWindow -in [gi::getWindows 16]
[13:34:10.35] /i gi::setActiveWindow 1
[13:34:10.40] /i gi::setActiveWindow 1 -raise true
[13:34:13.87] /# gi::executeAction xtLPESetup -in [gi::getWindows 1]
[13:34:13.88] /i xt::showLPESetup -job lpe -window 1
[13:34:48.14] /o oa:0x25355060
[13:34:50.19] /i db::setAttr geometry -of [gi::getDialogs {xtLPESetup} -parent [gi::getWindows 1]] -value 456x707+1028+134
[13:34:52.69] /i gi::setActiveWindow 0
[13:34:52.71] /i gi::setActiveWindow 0 -raise true
[13:34:55.14] /i gi::setActiveWindow 1
[13:34:55.20] /i gi::setActiveWindow 1 -raise true
[13:34:55.74] /i gi::setActiveDialog [gi::getDialogs {xtLPESetup} -parent [gi::getWindows 1]]
[13:35:01.03] /i gi::setActiveTab {/tabGroup} -tabName {/tabGroup/extractionOptionsTab} -in [gi::getDialogs {xtLPESetup} -parent [gi::getWindows 1]]
[13:35:02.76] /m Information: 
              /c =============================
              /c JobID: icv_lvs_1
              /c --- EXTRACT ERROR SUMMARY ---
              /c LAYOUT ERRORS RESULTS: CLEAN
              /c --- COMPARE ERROR SUMMARY ---
              /c 
              /c =============================
              /c 
[13:35:19.96] /m Information: Connection established with 'IC Validator VUE' running on 'bender.engr.ucr.edu'.
[13:35:20.02] /i gi::setField {/tabGroup/extractionOptionsTab/netlistGroundNodeName} -value {0} -in [gi::getDialogs {xtLPESetup} -parent [gi::getWindows 1]]
[13:35:20.05] /i gi::pressButton {/tabGroup/extractionOptionsTab/layoutExtractionGroup/icvRunsetReportFile/browseButton} -in [gi::getDialogs {xtLPESetup} -parent [gi::getWindows 1]]
[13:35:37.32] /r giWindowId 17
[13:35:37.65] /r giWindowGeometry 1450x864
[13:35:53.66] /i db::setAttr geometry -of [gi::getFrames 17] -value 1450x864+0+0
[13:35:58.81] /m Information: Connection closed with 'IC Validator VUE' running on 'bender.engr.ucr.edu'.
[13:36:33.32] /r giFileDialog accept pvjob_vlsi_lib.inverter.icv.lvs/pex_runset_report
[13:36:41.01] /i gi::setField {/tabGroup/extractionOptionsTab/netlistGroundNodeName} -value {VSS} -in [gi::getDialogs {xtLPESetup} -parent [gi::getWindows 1]]
[13:36:41.15] /i gi::setActiveTab {/tabGroup} -tabName {/tabGroup/outputOptionsTab} -in [gi::getDialogs {xtLPESetup} -parent [gi::getWindows 1]]
[13:36:47.51] /i gi::setField {/tabGroup/outputOptionsTab/outputGroup/outputFormat} -value {OA} -in [gi::getDialogs {xtLPESetup} -parent [gi::getWindows 1]]
[13:36:52.18] /i gi::setActiveTab {/tabGroup} -tabName {/tabGroup/mainTab} -in [gi::getDialogs {xtLPESetup} -parent [gi::getWindows 1]]
[13:36:56.97] /i gi::setActiveTab {/tabGroup} -tabName {/tabGroup/extractionOptionsTab} -in [gi::getDialogs {xtLPESetup} -parent [gi::getWindows 1]]
[13:36:59.30] /i gi::pressButton {/ok} -in [gi::getDialogs {xtLPESetup} -parent [gi::getWindows 1]]
[13:37:29.64] /# xt::physicalVerification::executePve lpe 1
[13:37:32.13] /w Warning: OA_LAYER_MAPPING_FILE '/usr/local/synopsys/pdk/SAED_PDK90nm/starrcxt/output_layer_map' will override lpp_map_file specified in '/home/eemaj/bevans/eecs168/pvjob_vlsi_lib.inverter.icv.lvs/pex_runset_report'.
[13:37:38.36] /i gi::executeAction giCloseWindow -in [gi::getWindows 17]
[13:37:44.30] /r giWindowId 18
[13:37:44.47] /r giWindowGeometry 800x600
[13:37:47.51] /i db::setAttr geometry -of [gi::getFrames 18] -value 800x600+86+109
[13:37:52.69] /i gi::setActiveWindow 0
[13:37:52.72] /i gi::setActiveWindow 0 -raise true
[13:38:11.96] /i gi::setActiveWindow 18
[13:38:11.99] /i gi::setActiveWindow 18 -raise true
[13:38:15.42] /i gi::setActiveTab {tabs} -tabName {inverter.star_sum} -in [gi::getWindows 18]
[13:38:17.69] /i gi::setActiveTab {tabs} -tabName {saed90nm_1p9m_star_nominal.cdesigner.cmd} -in [gi::getWindows 18]
[13:38:24.57] /i gi::setActiveWindow 0
[13:38:24.61] /i gi::setActiveWindow 0 -raise true
[13:38:49.08] /i gi::setActiveTab {ConsoleTabs} -tabName {HistoryTab} -in [gi::getWindows 0]
[13:38:50.29] /i gi::setActiveTab {ConsoleTabs} -tabName {LogTab} -in [gi::getWindows 0]
[13:38:52.99] /i gi::setActiveWindow 18
[13:38:53.00] /i gi::setActiveWindow 18 -raise true
[13:38:56.86] /i gi::executeAction giCloseWindow -in [gi::getWindows 18]
[13:38:57.25] /i gi::setActiveWindow 0
[13:38:57.29] /i gi::setActiveWindow 0 -raise true
[13:39:00.50] /i gi::setActiveWindow 1
[13:39:00.53] /i gi::setActiveWindow 1 -raise true
[13:39:06.26] /# gi::executeAction xtLPERun -in [gi::getWindows 1]
[13:39:06.26] /i xt::physicalVerification::executeRun lpe 1
[13:39:21.51] /# xt::physicalVerification::executePve lpe 1
[13:39:22.89] /w Warning: OA_LAYER_MAPPING_FILE '/usr/local/synopsys/pdk/SAED_PDK90nm/starrcxt/output_layer_map' will override lpp_map_file specified in '/home/eemaj/bevans/eecs168/pvjob_vlsi_lib.inverter.icv.lvs/pex_runset_report'.
[13:39:25.57] /i gi::setActiveWindow 0
[13:39:25.63] /i gi::setActiveWindow 0 -raise true
[13:39:26.43] /r giWindowId 19
[13:39:27.23] /r giWindowGeometry 800x600
[13:39:30.68] /i db::setAttr geometry -of [gi::getFrames 1] -value 1450x864+203+31
[13:39:31.20] /i db::setAttr geometry -of [gi::getFrames 19] -value 800x600+112+135
[13:39:37.67] /r giWindowId 20
[13:39:38.00] /r giWindowGeometry 800x600
[13:39:39.28] /e Error: The job 'starrc_lpe_7' started on host 'localhost' with process id 7305 failed to start or complete successfully; the job's return code is 255.
[13:39:40.30] /i db::setAttr geometry -of [gi::getFrames 20] -value 800x600+138+161
[13:39:45.31] /i gi::setActiveWindow 19
[13:39:45.32] /i gi::setActiveWindow 19 -raise true
[13:39:47.05] /m Information: 
              /c =============================
              /c JobID: starrc_lpe_6
              /c Completed with no errors.
              /c =============================
              /c 
[13:39:47.58] /r giWindowId 21
[13:39:47.59] /r giWindowGeometry 1450x864
[13:39:48.47] /i db::setAttr dockSize -of [gi::getAssistants leObjectLayerPanel -from [gi::getWindows 21]] -value 190x714
[13:39:48.90] /i db::setAttr geometry -of [gi::getFrames 21] -value 1450x864+51+90
[13:39:50.83] /i gi::setActiveWindow 0
[13:39:50.85] /i gi::setActiveWindow 0 -raise true
[13:39:55.46] /i gi::setActiveWindow 21
[13:39:55.46] /i gi::setActiveWindow 21 -raise true
[13:39:58.88] /i db::setAttr geometry -of [gi::getFrames 21] -value 1450x864+139+46
[13:40:16.92] /i gi::setActiveWindow 19
[13:40:16.96] /i gi::setActiveWindow 19 -raise true
[13:40:20.70] /i gi::setActiveWindow 21
[13:40:20.73] /i gi::setActiveWindow 21 -raise true
[13:40:22.83] /i gi::executeAction deSaveDesign -in [gi::getWindows 21]
[13:40:23.05] /m Information: Saving design 'vlsi_lib inverter starrc'. (DESIGN_WINDOW-004)
[13:48:11.46] /i gi::setActiveWindow 19
[13:48:11.48] /i gi::setActiveWindow 19 -raise true
[13:48:12.97] /i gi::setActiveWindow 20
[13:48:12.98] /i gi::setActiveWindow 20 -raise true
[13:48:15.77] /i gi::setActiveWindow 21
[13:48:15.79] /i gi::setActiveWindow 21 -raise true
[13:48:18.47] /# gi::executeAction deZoomInAtPoint -in [gi::getWindows 21]
[13:48:18.47] /i de::zoom -window 21 -factor 2.0 -center {1.663 -0.251}
[13:48:18.55] /o {0.624 -0.569} {2.749 0.677}
[13:48:18.55] /# gi::executeAction deZoomInAtPoint -in [gi::getWindows 21]
[13:48:18.55] /i de::zoom -window 21 -factor 2.0 -center {1.672 -0.267}
[13:48:18.62] /o {1.148 -0.418} {2.211 0.205}
[13:48:20.18] /# gi::executeAction deZoomInAtPoint -in [gi::getWindows 21]
[13:48:20.18] /i de::zoom -window 21 -factor 2.0 -center {1.651 -0.245}
[13:48:20.34] /o {1.4 -0.331} {1.931 -0.02}
[13:48:22.73] /# gi::executeAction deZoomInAtPoint -in [gi::getWindows 21]
[13:48:22.73] /i de::zoom -window 21 -factor 2.0 -center {1.651 -0.245}
[13:48:22.90] /o {1.525 -0.288} {1.791 -0.132}
[13:48:22.90] /# gi::executeAction deZoomInAtPoint -in [gi::getWindows 21]
[13:48:22.90] /i de::zoom -window 21 -factor 2.0 -center {1.65 -0.253}
[13:48:23.15] /o {1.588 -0.271} {1.72 -0.193}
[13:48:23.18] /# gi::executeAction deZoomOutAtPoint -in [gi::getWindows 21]
[13:48:23.18] /i de::zoom -window 21 -factor 0.5 -center {1.65 -0.253}
[13:48:23.26] /o {1.525 -0.288} {1.791 -0.132}
[13:48:23.26] /# gi::executeAction deZoomOutAtPoint -in [gi::getWindows 21]
[13:48:23.26] /i de::zoom -window 21 -factor 0.5 -center {1.65 -0.253}
[13:48:23.31] /o {1.401 -0.323} {1.932 -0.012}
[13:48:24.08] /# gi::executeAction deZoomOutAtPoint -in [gi::getWindows 21]
[13:48:24.08] /i de::zoom -window 21 -factor 0.5 -center {1.651 -0.258}
[13:48:24.12] /o {1.15 -0.389} {2.213 0.234}
[13:48:24.84] /# gi::executeAction deZoomOutAtPoint -in [gi::getWindows 21]
[13:48:24.84] /i de::zoom -window 21 -factor 0.5 -center {1.649 -0.258}
[13:48:24.89] /o {0.651 -0.52} {2.776 0.726}
[13:48:26.03] /# gi::executeAction deZoomOutAtPoint -in [gi::getWindows 21]
[13:48:26.03] /i de::zoom -window 21 -factor 0.5 -center {1.651 -0.271}
[13:48:26.17] /o {-0.349 -0.769} {3.902 1.724}
[13:48:28.69] /# gi::executeAction deZoomInAtPoint -in [gi::getWindows 21]
[13:48:28.69] /i de::zoom -window 21 -factor 2.0 -center {1.245 1.197}
[13:48:28.75] /o {0.448 0.214} {2.573 1.46}
[13:48:28.78] /# gi::executeAction deZoomInAtPoint -in [gi::getWindows 21]
[13:48:28.78] /i de::zoom -window 21 -factor 2.0 -center {1.254 1.195}
[13:48:28.83] /o {0.851 0.705} {1.914 1.328}
[13:48:30.59] /# gi::executeAction deZoomInAtPoint -in [gi::getWindows 21]
[13:48:30.59] /i de::zoom -window 21 -factor 2.0 -center {1.345 1.27}
[13:48:30.66] /o {1.098 0.987} {1.629 1.299}
[13:48:32.96] /# gi::executeAction deZoomInAtPoint -in [gi::getWindows 21]
[13:48:32.96] /i de::zoom -window 21 -factor 2.0 -center {1.344 1.269}
[13:48:33.01] /o {1.221 1.128} {1.487 1.284}
[13:48:33.01] /# gi::executeAction deZoomInAtPoint -in [gi::getWindows 21]
[13:48:33.01] /i de::zoom -window 21 -factor 2.0 -center {1.317 1.212}
[13:48:33.12] /o {1.269 1.17} {1.402 1.248}
[13:48:36.13] /# gi::executeAction deZoomOutAtPoint -in [gi::getWindows 21]
[13:48:36.13] /i de::zoom -window 21 -factor 0.5 -center {1.351 1.212}
[13:48:36.21] /o {1.187 1.128} {1.453 1.284}
[13:48:36.22] /# gi::executeAction deZoomOutAtPoint -in [gi::getWindows 21]
[13:48:36.22] /i de::zoom -window 21 -factor 0.5 -center {1.325 1.216}
[13:48:36.33] /o {1.049 1.04} {1.58 1.352}
[13:48:36.33] /# gi::executeAction deZoomOutAtPoint -in [gi::getWindows 21]
[13:48:36.33] /i de::zoom -window 21 -factor 0.5 -center {1.281 1.212}
[13:48:36.56] /o {0.817 0.869} {1.88 1.492}
[13:48:36.56] /# gi::executeAction deZoomOutAtPoint -in [gi::getWindows 21]
[13:48:36.56] /i de::zoom -window 21 -factor 0.5 -center {0.915 1.194}
[13:48:36.62] /o {0.719 0.543} {2.844 1.789}
[13:51:16.34] /i db::setAttr geometry -of [gi::getFrames 21] -value 953x864+3+58
[13:51:16.37] /i db::setAttr geometry -of [gi::getFrames 20] -value 800x600+82+262
[13:51:16.39] /i db::setAttr geometry -of [gi::getFrames 19] -value 800x600+67+216
[13:51:16.45] /i db::setAttr geometry -of [gi::getFrames 0] -value 600x300+15+1004
[13:51:16.49] /i db::setAttr geometry -of [gi::getFrames 1] -value 953x864+3+31
