                                        
                                PYDB_Server (R)
                                        
           Version K-2015.12-3 for linux64 - Dec 17, 2015 cl#3052145
                                        
                    Copyright (c) 2007 - 2015 Synopsys, Inc.
   This software and the associated documentation are proprietary to Synopsys,
 Inc. This software may only be used in accordance with the terms and conditions
 of a written license agreement with Synopsys, Inc. All other use, reproduction,
            or distribution of this software is strictly prohibited.

NFS filesystem detected
Removing old database /home/eemaj/bevans/eecs168/pvjob_vlsi_lib.inverter.icv.lvs/TOPCELLNAME_err/PYDB_inverter
Listening for connections on port 8076
PYDB_Server Started on host bender.engr.ucr.edu, Fri 02/02/2018 03:35:56
Client bender.engr.ucr.edu(25423):6 connected (1 total client)
Verified current licenses.
Client bender.engr.ucr.edu(25462):15 connected (2 total clients)
Client bender.engr.ucr.edu(25462):15 disconnected (1 client remains)
Shutdown requested by client bender.engr.ucr.edu(25423):6
0 clients remain connected
Overall server Time=0:00:07  User=0.04 Sys=0.08 Mem=9.858 MySQL=33.219 Unpooled=0.028
                                        
                                PYDB_Server (R)
                                        
           Version K-2015.12-3 for linux64 - Dec 17, 2015 cl#3052145
                                        
                    Copyright (c) 2007 - 2015 Synopsys, Inc.
   This software and the associated documentation are proprietary to Synopsys,
 Inc. This software may only be used in accordance with the terms and conditions
 of a written license agreement with Synopsys, Inc. All other use, reproduction,
            or distribution of this software is strictly prohibited.

NFS filesystem detected
Listening for connections on port 7765
PYDB_Server Started on host bender.engr.ucr.edu, Fri 02/02/2018 03:36:13
Client bender.engr.ucr.edu(25524):6 connected (1 total client)
Verified current licenses.
Shutdown requested by client bender.engr.ucr.edu(25524):6
0 clients remain connected
Overall server Time=0:05:14  User=0.01 Sys=0.01 Mem=9.749 MySQL=32.443 Unpooled=0.022
