                                        
                                PYDB_Server (R)
                                        
           Version K-2015.12-3 for linux64 - Dec 17, 2015 cl#3052145
                                        
                    Copyright (c) 2007 - 2015 Synopsys, Inc.
   This software and the associated documentation are proprietary to Synopsys,
 Inc. This software may only be used in accordance with the terms and conditions
 of a written license agreement with Synopsys, Inc. All other use, reproduction,
            or distribution of this software is strictly prohibited.

NFS filesystem detected
Removing old database /home/eemaj/bevans/eecs168/pvjob_vlsi_lib.inverter.icv.drc/run_details/pydb/PYDB_inverter
Listening for connections on port 7477
PYDB_Server Started on host bender.engr.ucr.edu, Wed 02/21/2018 12:47:19
Client bender.engr.ucr.edu(32215):6 connected (1 total client)
Verified current licenses.
Client bender.engr.ucr.edu(588):16 connected (2 total clients)
Client bender.engr.ucr.edu(592):17 connected (3 total clients)
Client bender.engr.ucr.edu(592):17 disconnected (2 clients remain)
Client bender.engr.ucr.edu(592):17 connected (3 total clients)
Client bender.engr.ucr.edu(588):16 disconnected (2 clients remain)
Client bender.engr.ucr.edu(588):16 connected (3 total clients)
Client bender.engr.ucr.edu(592):17 disconnected (2 clients remain)
Client bender.engr.ucr.edu(588):16 disconnected (1 client remains)
Shutdown requested by client bender.engr.ucr.edu(32215):6
0 clients remain connected
Overall server Time=0:00:48  User=0.33 Sys=1.05 Mem=9.858 MySQL=33.219 Unpooled=0.028
