
Name of design : fa_4bit
Number of cell instance masters in the library : 3
Number of cell instances in the design : 8
Processing net VDD ...
Average power dissipation in fa_4bit :  1000.00 mW
Power supply voltage :     1.20 V
Average current in fa_4bit :   833.33 mA
Number of power pad nodes reaching to the power ports of the leaf cells or blocks : 80
Maximum IR drop in fa_4bit : 415.50 mV
Maximum current in fa_4bit : 156.324 mA
Number of power pad nodes reaching to the power ports of the leaf cells or blocks : 76
Maximum IR drop in fa_4bit : 416.38 mV
Maximum current in fa_4bit : 156.453 mA
Number of power pad nodes reaching to the power ports of the leaf cells or blocks : 72
Maximum IR drop in fa_4bit : 417.22 mV
Maximum current in fa_4bit : 156.575 mA
Number of power pad nodes reaching to the power ports of the leaf cells or blocks : 80
Maximum IR drop in fa_4bit : 415.50 mV
Maximum current in fa_4bit : 156.324 mA
Processing net VSS ...
Average power dissipation in fa_4bit :  1000.00 mW
Power supply voltage :     1.20 V
Average current in fa_4bit :   833.33 mA
Number of power pad nodes reaching to the power ports of the leaf cells or blocks : 80
Maximum IR drop in fa_4bit : 486.70 mV
Maximum current in fa_4bit : 173.447 mA
Memory usage for design data :      36372.480 Kbytes
Overall takes     0.13 seconds
