[11:39:50.92] /o Custom Designer (TM) Version J-2014.12-SP2-2
              /c Build  (OPT) Config 2901729 compiled on Sun Jul 26 20:41:43 2015 for RHEL64 5.7
              /c Invocation: /usr/local/synopsys/customdesigner/J-2014.12-SP2-2/amd64/platform/bin/cdesigner
              /c Execution time: Wed Feb 28 11:39:21 2018
              /c Host: bender.engr.ucr.edu
              /c 
              /c Copyright © 2004-2015 Synopsys, Inc. All rights reserved.
              /c Your use of this program is subject to the terms and conditions of the written license agreement between you, or your company, and Synopsys.
              /c 
[11:40:24.60] /i db::setAttr geometry -of [gi::getFrames 0] -value 600x300+8+610
[11:40:41.56] /i db::setAttr geometry -of [gi::getFrames 0] -value 600x300+0+0
[11:40:42.81] /i db::setAttr geometry -of [gi::getFrames 0] -value 600x300+8+610
[11:40:50.88] /# gi::executeAction deRecentFile_vlsi_lib_1bitfulladder_schematic_Editing -in [gi::getWindows 0]
[11:40:50.92] /a de::open vlsi_lib/1bitfulladder/schematic -readOnly false
[11:40:51.31] /o 	############################################
[11:40:51.31] /o 	--------------------------------------------
[11:40:51.32] /o 	PDK Name................... : SAED_PDK_90
[11:40:51.33] /o 	PDK Release Date........... : 29-Sep-2015
[11:40:51.33] /o 	PDK Custom Designer Version : J-2014.12-2
[11:40:51.33] /o 	--------------------------------------------
[11:40:51.33] /o 	############################################
[11:40:51.33] /o 
[11:40:51.33] /w Warning: Preference 'leActiveLPP' is deprecated and scheduled for removal in a future release with no replacement. For migration assistance, see the Custom Designer Tcl Reference Manual. (PREFERENCE-058)
[11:40:51.44] /o SAED PDK 90: Loaded callbacks
[11:40:51.54] /o SAED PDK 90: Loaded display resources
[11:40:52.19] /m Information: License 'Schematic Editor' checked out. (LICENSE-003)
[11:40:53.71] /r giWindowId 1
[11:40:53.73] /r giWindowGeometry 1450x864
[11:40:58.08] /o oa:0x2618a010
[11:41:02.95] /i de::finishEvalTextRendering -window [gi::getWindows 1]
[11:41:03.60] /i db::setAttr geometry -of [gi::getFrames 1] -value 1450x864+15+54
[11:41:10.19] /i db::setAttr geometry -of [gi::getFrames 1] -value 1450x864+99+54
[11:41:10.76] /i gi::setActiveWindow 0
[11:41:10.78] /i gi::setActiveWindow 0 -raise true
[11:41:16.20] /# gi::executeAction deOpenDesign -in [gi::getWindows 0]
[11:41:16.20] /i de::showOpenDesign
[11:41:16.60] /o oa:0x26652120
[11:41:16.92] /i gi::setActiveDialog [gi::getDialogs {deOpenDesign}]
[11:41:17.11] /i db::setAttr geometry -of [gi::getDialogs {deOpenDesign}] -value 645x491+529+226
[11:41:19.43] /i gi::setCurrentIndex {designLibs} -index {vlsi_lib} -in [gi::getDialogs {deOpenDesign}]
[11:41:19.61] /i gi::setItemSelection {designLibs} -index {vlsi_lib} -in [gi::getDialogs {deOpenDesign}]
[11:41:24.51] /i gi::setCurrentIndex {designCells} -index {inverter} -in [gi::getDialogs {deOpenDesign}]
[11:41:25.06] /i gi::setItemSelection {designCells} -index {inverter} -in [gi::getDialogs {deOpenDesign}]
[11:41:30.75] /i gi::setCurrentIndex {designViews} -index {symbol} -in [gi::getDialogs {deOpenDesign}]
[11:41:30.82] /i gi::setItemSelection {designViews} -index {symbol} -in [gi::getDialogs {deOpenDesign}]
[11:41:31.46] /i gi::setCurrentIndex {designViews} -index {starrc} -in [gi::getDialogs {deOpenDesign}]
[11:41:31.54] /i gi::setItemSelection {designViews} -index {starrc} -in [gi::getDialogs {deOpenDesign}]
[11:41:32.28] /i gi::setCurrentIndex {designViews} -index {schematic} -in [gi::getDialogs {deOpenDesign}]
[11:41:32.39] /i gi::setItemSelection {designViews} -index {schematic} -in [gi::getDialogs {deOpenDesign}]
[11:41:33.54] /i gi::setCurrentIndex {designViews} -index {starrc} -in [gi::getDialogs {deOpenDesign}]
[11:41:33.63] /i gi::setItemSelection {designViews} -index {starrc} -in [gi::getDialogs {deOpenDesign}]
[11:41:34.46] /i gi::pressButton {ok} -in [gi::getDialogs {deOpenDesign}]
[11:41:34.48] /# de::open [dm::findCellView {starrc} -cellName {inverter} -libName {vlsi_lib}] -readOnly 0
[11:41:34.59] /m Information: License 'Layout Editor' checked out. (LICENSE-003)
[11:41:36.06] /r giWindowId 2
[11:41:36.14] /r giWindowGeometry 1450x864
[11:41:45.85] /o 0.1
[11:41:46.15] /i db::setAttr dockSize -of [gi::getAssistants leObjectLayerPanel -from [gi::getWindows 2]] -value 190x714
[11:41:46.69] /i db::setAttr geometry -of [gi::getFrames 2] -value 1450x864+33+72
[11:41:58.11] /i db::setAttr geometry -of [gi::getFrames 2] -value 1450x864+205+63
[11:42:07.96] /# gi::executeAction deOpenDesign -in [gi::getWindows 0]
[11:42:07.96] /i de::showOpenDesign
[11:42:08.03] /o oa:0x26ce2640
[11:42:08.04] /i gi::setActiveWindow 0
[11:42:08.12] /i gi::setActiveWindow 0 -raise true
[11:42:08.38] /i db::setAttr geometry -of [gi::getDialogs {deOpenDesign}] -value 645x491+529+226
[11:42:08.39] /i gi::setActiveDialog [gi::getDialogs {deOpenDesign}]
[11:42:10.18] /i gi::setCurrentIndex {designCells} -index {4bitadder} -in [gi::getDialogs {deOpenDesign}]
[11:42:10.52] /i gi::setItemSelection {designCells} -index {4bitadder} -in [gi::getDialogs {deOpenDesign}]
[11:42:12.10] /i gi::setCurrentIndex {designViews} -index {schematic} -in [gi::getDialogs {deOpenDesign}]
[11:42:12.18] /i gi::setItemSelection {designViews} -index {schematic} -in [gi::getDialogs {deOpenDesign}]
[11:42:12.29] /i gi::pressButton {ok} -in [gi::getDialogs {deOpenDesign}]
[11:42:12.33] /# de::open [dm::findCellView {schematic} -cellName {4bitadder} -libName {vlsi_lib}] -readOnly 0
[11:42:13.43] /r giWindowId 3
[11:42:13.81] /r giWindowGeometry 1450x864
[11:42:28.45] /i db::setAttr geometry -of [gi::getFrames 3] -value 1450x864+281+71
[11:42:28.84] /i db::setAttr geometry -of [gi::getFrames 3] -value 1450x864+281+71
[11:44:15.26] /i gi::setActiveWindow 2
[11:44:15.29] /i gi::setActiveWindow 2 -raise true
[11:44:23.13] /i gi::setActiveWindow 1
[11:44:23.15] /i gi::setActiveWindow 1 -raise true
[11:44:32.13] /# gi::executeAction deOpenDesign -in [gi::getWindows 0]
[11:44:32.13] /i de::showOpenDesign
[11:44:32.18] /o oa:0x2737d2f0
[11:44:32.18] /i gi::setActiveWindow 0
[11:44:32.27] /i gi::setActiveWindow 0 -raise true
[11:44:32.39] /i gi::setActiveDialog [gi::getDialogs {deOpenDesign}]
[11:44:33.63] /i gi::setActiveWindow 1
[11:44:33.65] /i gi::setActiveWindow 1 -raise true
[11:44:43.37] /# gi::executeAction deSelectActive -in [gi::getWindows 1]
[11:44:48.89] /i db::setAttr geometry -of [gi::getFrames 1] -value 1450x864+0+0
[11:44:50.95] /i gi::setActiveWindow 2
[11:44:50.98] /i gi::setActiveWindow 2 -raise true
[11:44:54.74] /# gi::executeAction deSetViewport -in [gi::getWindows 2]
[11:44:54.92] /i ide::setViewport 2
[11:44:55.53] /# gi::executeAction deStartDrag -in [gi::getWindows 2]
[11:44:55.53] /i de::startDrag {1.077 1.441} -window 2
[11:44:55.95] /# gi::executeAction deEndDrag -in [gi::getWindows 2]
[11:44:55.95] /i de::endDrag {1.632 1.016} -window 2
[11:44:59.83] /# gi::executeAction deZoomOut -in [gi::getWindows 2]
[11:44:59.83] /i de::zoom -window 2 -factor 0.5
[11:44:59.86] /o {0.63 0.804} {2.079 1.654}
[11:45:03.12] /# gi::executeAction deZoomOut -in [gi::getWindows 2]
[11:45:03.12] /i de::zoom -window 2 -factor 0.5
[11:45:03.16] /o {-0.095 0.379} {2.804 2.079}
[11:45:20.19] /i db::setAttr geometry -of [gi::getFrames 2] -value 1450x864+0+0
[11:45:23.83] /i gi::sortItems {designCells} -column {Cells} -order {descending} -in [gi::getDialogs {deOpenDesign}]
[11:45:24.57] /i gi::setCurrentIndex {designCells} -index {nand_testbench} -in [gi::getDialogs {deOpenDesign}]
[11:45:24.70] /i gi::setItemSelection {designCells} -index {nand_testbench} -in [gi::getDialogs {deOpenDesign}]
[11:45:25.27] /i gi::sortItems {designCells} -column {Cells} -order {ascending} -in [gi::getDialogs {deOpenDesign}]
[11:45:25.97] /i gi::setCurrentIndex {designCells} -index {1bitfulladder} -in [gi::getDialogs {deOpenDesign}]
[11:45:26.12] /i gi::setItemSelection {designCells} -index {1bitfulladder} -in [gi::getDialogs {deOpenDesign}]
[11:45:28.04] /i gi::setCurrentIndex {designViews} -index {layout} -in [gi::getDialogs {deOpenDesign}]
[11:45:28.09] /i gi::setItemSelection {designViews} -index {layout} -in [gi::getDialogs {deOpenDesign}]
[11:45:30.84] /i gi::pressButton {ok} -in [gi::getDialogs {deOpenDesign}]
[11:45:30.86] /# de::open [dm::findCellView {layout} -cellName {1bitfulladder} -libName {vlsi_lib}] -readOnly 0
[11:45:31.25] /r giWindowId 4
[11:45:31.48] /r giWindowGeometry 1450x864
[11:45:35.71] /o 1
[11:45:35.78] /i db::setAttr dockSize -of [gi::getAssistants leObjectLayerPanel -from [gi::getWindows 4]] -value 190x714
[11:45:38.74] /i db::setAttr geometry -of [gi::getFrames 4] -value 1450x864+69+108
[11:45:41.93] /i db::setAttr geometry -of [gi::getFrames 4] -value 1450x864+116+67
[11:45:49.56] /i gi::setActiveWindow 3
[11:45:49.57] /i gi::setActiveWindow 3 -raise true
[11:45:50.24] /i gi::setActiveWindow 4
[11:45:50.25] /i gi::setActiveWindow 4 -raise true
[11:45:50.46] /i db::setAttr geometry -of [gi::getFrames 3] -value 1450x864+0+0
[11:45:52.63] /i db::setAttr geometry -of [gi::getFrames 4] -value 1450x864+224+56
[11:45:55.01] /i gi::setActiveWindow 1
[11:45:55.02] /i gi::setActiveWindow 1 -raise true
[11:45:55.24] /i db::setAttr geometry -of [gi::getFrames 1] -value 1450x864+99+54
[11:45:58.39] /i db::setAttr geometry -of [gi::getFrames 1] -value 1450x864+-22+105
[11:46:01.17] /i gi::setActiveWindow 4
[11:46:01.18] /i gi::setActiveWindow 4 -raise true
[11:46:01.38] /i db::setAttr geometry -of [gi::getFrames 4] -value 1450x864+500+68
[11:46:03.34] /i db::setAttr geometry -of [gi::getFrames 4] -value 1450x864+694+79
[11:50:12.66] /# gi::executeAction deSelectByWindow -in [gi::getWindows 4]
[11:50:12.66] /i de::deselectAll [db::getNext [de::getContexts -window 4]]; ide::selectByRegion -region rectangle -select true -point {-12.105 -0.435} 
[11:50:13.86] /# gi::executeAction deEndDrag -in [gi::getWindows 4]
[11:50:13.86] /i de::endDrag {-1.516 -1.792} -window 4
[11:51:27.16] /# gi::executeAction leDelete -in [gi::getWindows 4]
[11:51:27.17] /i ile::delete
[11:51:28.77] /# gi::executeAction deSelectActive -in [gi::getWindows 4]
[11:51:28.77] /i de::select [de::getActiveFigure [gi::getWindows 4] -point {-10.61 -0.887} -index 0 -intent none] -replace true
[11:51:28.85] /o oa:0x279b3a00
[11:51:29.51] /# gi::executeAction leDelete -in [gi::getWindows 4]
[11:51:29.51] /i ile::delete
[11:51:30.45] /# gi::executeAction deSelectActive -in [gi::getWindows 4]
[11:51:30.45] /i de::select [de::getActiveFigure [gi::getWindows 4] -point {-3.28 -0.865} -index 0 -intent none] -replace true
[11:51:30.49] /o oa:0x273bfac0
[11:51:30.97] /# gi::executeAction leDelete -in [gi::getWindows 4]
[11:51:30.98] /i ile::delete
[11:51:31.61] /# gi::executeAction deSelectByWindow -in [gi::getWindows 4]
[11:51:31.62] /i de::deselectAll [db::getNext [de::getContexts -window 4]]; ide::selectByRegion -region rectangle -select true -point {-5.77 1.125} 
[11:51:32.42] /# gi::executeAction deEndDrag -in [gi::getWindows 4]
[11:51:32.42] /i de::endDrag {-2.647 -0.865} -window 4
[11:51:32.67] /# gi::executeAction deSelectActive -in [gi::getWindows 4]
[11:51:32.67] /i de::deselectAll [db::getNext [de::getContexts -window 4]]
[11:51:33.23] /# gi::executeAction deSelectByWindow -in [gi::getWindows 4]
[11:51:33.23] /i de::deselectAll [db::getNext [de::getContexts -window 4]]; ide::selectByRegion -region rectangle -select true -point {-5.95 2.37} 
[11:51:34.59] /# gi::executeAction deEndDrag -in [gi::getWindows 4]
[11:51:34.59] /i de::endDrag {-2.489 -0.978} -window 4
[11:51:35.86] /# gi::executeAction deSelectByWindow -in [gi::getWindows 4]
[11:51:35.87] /i de::deselectAll [db::getNext [de::getContexts -window 4]]; ide::selectByRegion -region rectangle -select true -point {-3.62 0.605} 
[11:51:36.80] /# gi::executeAction deEndDrag -in [gi::getWindows 4]
[11:51:36.80] /i de::endDrag {-4.23 0.289} -window 4
[11:51:37.40] /# gi::executeAction deSelectByWindow -in [gi::getWindows 4]
[11:51:37.40] /i de::deselectAll [db::getNext [de::getContexts -window 4]]; ide::selectByRegion -region rectangle -select true -point {-4.48 0.785} 
[11:51:38.25] /# gi::executeAction deEndDrag -in [gi::getWindows 4]
[11:51:38.25] /i de::endDrag {-2.783 -0.367} -window 4
[11:51:38.68] /# gi::executeAction deSelectByWindow -in [gi::getWindows 4]
[11:51:38.68] /i de::deselectAll [db::getNext [de::getContexts -window 4]]; ide::selectByRegion -region rectangle -select true -point {-5.09 1.535} 
[11:51:39.79] /# gi::executeAction deEndDrag -in [gi::getWindows 4]
[11:51:39.79] /i de::endDrag {-2.828 -0.593} -window 4
[11:51:41.76] /# gi::executeAction leStretch -in [gi::getWindows 4]
[11:51:41.76] /i ile::stretch
[11:51:48.70] /# gi::executeAction leMove -in [gi::getWindows 4]
[11:51:48.70] /i ile::move
[11:51:50.10] /# gi::executeAction deStartDrag -in [gi::getWindows 4]
[11:51:50.10] /i de::startDrag {-3.733 0.719} -window 4
[11:51:53.15] /# gi::executeAction deEndDrag -in [gi::getWindows 4]
[11:51:53.15] /i de::endDrag {-3.914 0.561} -window 4
[11:51:54.94] /# gi::executeAction deUndo -in [gi::getWindows 4]
[11:51:54.95] /i de::undoTransaction -design [db::getAttr editDesign -of [db::getNext [de::getContexts -window 4]]]
[11:51:56.96] /# gi::executeAction deSelectActive -in [gi::getWindows 4]
[11:51:56.96] /i de::deselectAll [db::getNext [de::getContexts -window 4]]
[11:51:57.54] /# gi::executeAction deSelectByWindow -in [gi::getWindows 4]
[11:51:57.54] /i de::deselectAll [db::getNext [de::getContexts -window 4]]; ide::selectByRegion -region rectangle -select true -point {-6.085 2.1} 
[11:51:58.61] /# gi::executeAction deEndDrag -in [gi::getWindows 4]
[11:51:58.61] /i de::endDrag {-2.353 -0.797} -window 4
[11:52:01.81] /# gi::executeAction leStretch -in [gi::getWindows 4]
[11:52:01.83] /i ile::stretch
[11:52:03.75] /# gi::executeAction deStartDrag -in [gi::getWindows 4]
[11:52:03.75] /i de::startDrag {-3.688 0.606} -window 4
[11:52:17.72] /# gi::executeAction deEndDrag -in [gi::getWindows 4]
[11:52:17.72] /i de::endDrag {-8.121 0.312} -window 4
[11:52:18.94] /# gi::executeAction deSelectActive -in [gi::getWindows 4]
[11:52:18.94] /i de::deselectAll [db::getNext [de::getContexts -window 4]]
[11:52:19.81] /# gi::executeAction deSelectByWindow -in [gi::getWindows 4]
[11:52:19.81] /i de::deselectAll [db::getNext [de::getContexts -window 4]]; ide::selectByRegion -region rectangle -select true -point {-5.565 2.53} 
[11:52:20.51] /# gi::executeAction deEndDrag -in [gi::getWindows 4]
[11:52:20.51] /i de::endDrag {-0.475 -1.294} -window 4
[11:52:39.37] /i db::setAttr geometry -of [gi::getFrames 4] -value 1450x864+273+40
[11:52:50.17] /i gi::setActiveWindow 1
[11:52:50.19] /i gi::setActiveWindow 1 -raise true
[11:52:55.19] /# gi::executeAction deZoomInCursor -in [gi::getWindows 1]
[11:52:55.19] /i ide::setViewport 1 -direction in -point {2.925 3.1625}
[11:52:55.92] /# gi::executeAction deEndDrag -in [gi::getWindows 1]
[11:52:55.92] /i de::endDrag {5.2875 0.4125} -window 1
[11:53:28.55] /i gi::setActiveWindow 4
[11:53:28.57] /i gi::setActiveWindow 4 -raise true
[11:54:47.48] /i gi::setActiveWindow 1
[11:54:47.53] /i gi::setActiveWindow 1 -raise true
[11:54:48.15] /# gi::executeAction deZoomOutAtPoint -in [gi::getWindows 1]
[11:54:48.15] /i de::zoom -window 1 -factor 0.5 -center {2.69375 1.80625}
[11:54:48.20] /o {0.30625 -0.98125} {10.73125 4.51875}
[11:54:48.73] /# gi::executeAction deZoomOutAtPoint -in [gi::getWindows 1]
[11:54:48.73] /i de::zoom -window 1 -factor 0.5 -center {2.69375 1.80625}
[11:54:48.78] /o {-2.0875 -3.76875} {18.775 7.23125}
[11:54:48.79] /# gi::executeAction deZoomOutAtPoint -in [gi::getWindows 1]
[11:54:48.79] /i de::zoom -window 1 -factor 0.5 -center {3.90625 -1.54375}
[11:54:48.83] /o {-8.075 -5.99375} {33.6375 16.00625}
[11:54:49.52] /# gi::executeAction deZoomInAtPoint -in [gi::getWindows 1]
[11:54:49.52] /i de::zoom -window 1 -factor 2.0 -center {3.04375 0.5}
[11:54:49.57] /o {-2.51875 -2.74375} {18.34375 8.25625}
[11:54:49.68] /# gi::executeAction deZoomInAtPoint -in [gi::getWindows 1]
[11:54:49.68] /i de::zoom -window 1 -factor 2.0 -center {3.075 0.31875}
[11:54:49.72] /o {0.28125 -1.2125} {10.70625 4.2875}
[11:55:04.34] /# gi::executeAction deZoomOutAtPoint -in [gi::getWindows 1]
[11:55:04.34] /i de::zoom -window 1 -factor 0.5 -center {3.3625 1.13125}
[11:55:04.34] /o {-2.80625 -3.55625} {18.05625 7.44375}
[11:55:04.47] /# gi::executeAction deZoomOutAtPoint -in [gi::getWindows 1]
[11:55:04.47] /i de::zoom -window 1 -factor 0.5 -center {3.3625 0.9625}
[11:55:04.48] /o {-8.96875 -8.08125} {32.74375 13.91875}
[11:55:04.88] /# gi::executeAction deZoomInAtPoint -in [gi::getWindows 1]
[11:55:04.88] /i de::zoom -window 1 -factor 2.0 -center {3.24375 -5.5625}
[11:55:04.89] /o {-2.8625 -6.81875} {17.99375 4.18125}
[11:55:04.97] /# gi::executeAction deZoomInAtPoint -in [gi::getWindows 1]
[11:55:04.97] /i de::zoom -window 1 -factor 2.0 -center {3.33125 -5.475}
[11:55:04.97] /o {0.23125 -6.15} {10.6625 -0.65}
[11:55:05.72] /# gi::executeAction deZoomOutAtPoint -in [gi::getWindows 1]
[11:55:05.72] /i de::zoom -window 1 -factor 0.5 -center {3.85625 -2.325}
[11:55:05.73] /o {-3.3875 -9.96875} {17.46875 1.03125}
[11:55:06.44] /# gi::executeAction deZoomOutAtPoint -in [gi::getWindows 1]
[11:55:06.44] /i de::zoom -window 1 -factor 0.5 -center {4.2625 -0.05625}
[11:55:06.45] /o {-11.0375 -19.8875} {30.675 2.1125}
[11:55:06.51] /# gi::executeAction deZoomOutAtPoint -in [gi::getWindows 1]
[11:55:06.51] /i de::zoom -window 1 -factor 0.5 -center {4.2875 0.1875}
[11:55:06.52] /o {-26.36875 -39.9625} {57.06875 4.0375}
[11:55:07.06] /# gi::executeAction deZoomInAtPoint -in [gi::getWindows 1]
[11:55:07.06] /i de::zoom -window 1 -factor 2.0 -center {4.88125 2.79375}
[11:55:07.07] /o {-10.74375 -18.58125} {30.975 3.41875}
[11:55:07.49] /# gi::executeAction deZoomInAtPoint -in [gi::getWindows 1]
[11:55:07.49] /i de::zoom -window 1 -factor 2.0 -center {4.88125 2.7625}
[11:55:07.49] /o {-2.93125 -7.9125} {17.925 3.0875}
[11:55:07.53] /# gi::executeAction deZoomInAtPoint -in [gi::getWindows 1]
[11:55:07.53] /i de::zoom -window 1 -factor 2.0 -center {4.88125 2.7625}
[11:55:07.54] /o {0.975 -2.575} {11.40625 2.925}
[11:55:08.00] /# gi::executeAction deZoomOutAtPoint -in [gi::getWindows 1]
[11:55:08.00] /i de::zoom -window 1 -factor 0.5 -center {4.88125 2.7625}
[11:55:08.01] /o {-2.93125 -7.9125} {17.925 3.0875}
[11:55:10.18] /# gi::executeAction dePan -in [gi::getWindows 1]
[11:55:10.18] /i ide::pan 1
[11:55:11.66] /# gi::executeAction deAddPoint -in [gi::getWindows 1]
[11:55:11.66] /i de::addPoint {6.15625 1.075} -window 1
[11:55:12.76] /# gi::executeAction deAddPoint -in [gi::getWindows 1]
[11:55:12.76] /i de::addPoint {6.1625 0.49375} -window 1
[11:56:17.09] /i gi::setActiveWindow 4
[11:56:17.11] /i gi::setActiveWindow 4 -raise true
[11:56:51.98] /i gi::setActiveWindow 0
[11:56:52.00] /i gi::setActiveWindow 0 -raise true
[11:58:01.43] /i gi::setActiveWindow 4
[11:58:01.45] /i gi::setActiveWindow 4 -raise true
[11:58:39.45] /i gi::setCurrentIndex {lpps} -index {0,0} -in [gi::getAssistants leObjectLayerPanel -from [gi::getWindows 4]]
[11:58:39.47] /i gi::setItemSelection {lpps} -index {0,0} -in [gi::getAssistants leObjectLayerPanel -from [gi::getWindows 4]]
[11:58:39.48] /i gi::executeAction leOLPSelect -in [gi::getAssistants leObjectLayerPanel -from [gi::getWindows 4]]
[11:58:39.50] /# gi::setItemSelection {lpps} -index {} -in [gi::getAssistants leObjectLayerPanel -from [gi::getWindows 4]]
[11:58:39.50] /# gi::setItemSelection {lpps} -index {0,0} -in [gi::getAssistants leObjectLayerPanel -from [gi::getWindows 4]]
[11:58:39.56] /i gi::executeAction leOLPSetActiveLPP -in [gi::getAssistants leObjectLayerPanel -from [gi::getWindows 4]]
[11:58:40.40] /# gi::executeAction deSelectByWindow -in [gi::getWindows 4]
[11:58:40.40] /i de::deselectAll [db::getNext [de::getContexts -window 4]]; ide::selectByRegion -region rectangle -select true -point {-12.895 -1.725} 
[11:58:40.58] /# gi::executeAction deEndDrag -in [gi::getWindows 4]
[11:58:40.58] /i de::endDrag {-7.216 -4.733} -window 4
[12:00:28.09] /# gi::executeAction leRectangle -in [gi::getWindows 4]
[12:00:28.10] /i ile::createRectangle
[12:00:30.65] /i gi::setCurrentIndex {lpps} -index {11,0} -in [gi::getAssistants leObjectLayerPanel -from [gi::getWindows 4]]
[12:00:30.67] /i gi::setItemSelection {lpps} -index {11,0} -in [gi::getAssistants leObjectLayerPanel -from [gi::getWindows 4]]
[12:00:30.70] /i gi::executeAction leOLPSelect -in [gi::getAssistants leObjectLayerPanel -from [gi::getWindows 4]]
[12:00:30.73] /# gi::setItemSelection {lpps} -index {} -in [gi::getAssistants leObjectLayerPanel -from [gi::getWindows 4]]
[12:00:30.73] /# gi::setItemSelection {lpps} -index {11,0} -in [gi::getAssistants leObjectLayerPanel -from [gi::getWindows 4]]
[12:00:30.77] /i gi::executeAction leOLPSetActiveLPP -in [gi::getAssistants leObjectLayerPanel -from [gi::getWindows 4]]
[12:00:34.18] /# gi::executeAction deStartDrag -in [gi::getWindows 4]
[12:00:34.18] /i de::startDrag {-8.732 1.307} -window 4
[12:00:35.08] /# gi::executeAction deEndDrag -in [gi::getWindows 4]
[12:00:35.08] /i de::endDrag {-8.393 -2.72} -window 4
[12:00:35.87] /# gi::executeAction deStartDrag -in [gi::getWindows 4]
[12:00:35.87] /i de::startDrag {-7.895 1.398} -window 4
[12:00:37.88] /# gi::executeAction deEndDrag -in [gi::getWindows 4]
[12:00:37.89] /i de::endDrag {-7.578 -2.72} -window 4
[12:00:47.75] /i gi::setCurrentIndex {lpps} -index {10,0} -in [gi::getAssistants leObjectLayerPanel -from [gi::getWindows 4]]
[12:00:47.77] /i gi::setItemSelection {lpps} -index {10,0} -in [gi::getAssistants leObjectLayerPanel -from [gi::getWindows 4]]
[12:00:47.79] /i gi::executeAction leOLPSelect -in [gi::getAssistants leObjectLayerPanel -from [gi::getWindows 4]]
[12:00:47.80] /# gi::setItemSelection {lpps} -index {} -in [gi::getAssistants leObjectLayerPanel -from [gi::getWindows 4]]
[12:00:47.80] /# gi::setItemSelection {lpps} -index {10,0} -in [gi::getAssistants leObjectLayerPanel -from [gi::getWindows 4]]
[12:00:47.90] /i gi::executeAction leOLPSetActiveLPP -in [gi::getAssistants leObjectLayerPanel -from [gi::getWindows 4]]
[12:00:49.76] /# gi::executeAction deStartDrag -in [gi::getWindows 4]
[12:00:49.76] /i de::startDrag {-8.823 0.493} -window 4
[12:00:51.71] /# gi::executeAction deEndDrag -in [gi::getWindows 4]
[12:00:51.71] /i de::endDrag {-8.913 3.705} -window 4
[12:00:55.20] /# gi::executeAction deStartDrag -in [gi::getWindows 4]
[12:00:55.20] /i de::startDrag {-7.397 0.764} -window 4
[12:00:57.13] /# gi::executeAction deEndDrag -in [gi::getWindows 4]
[12:00:57.13] /i de::endDrag {-7.239 -2.177} -window 4
[12:02:57.08] /i gi::setActiveWindow 3
[12:02:57.09] /i gi::setActiveWindow 3 -raise true
[12:02:57.35] /i db::setAttr geometry -of [gi::getFrames 3] -value 1450x864+281+71
[12:03:00.84] /i gi::setActiveWindow 1
[12:03:00.85] /i gi::setActiveWindow 1 -raise true
[12:03:30.69] /i gi::executeAction giCloseWindow -in [gi::getWindows 1]
[12:03:32.72] /i gi::setActiveWindow 3
[12:03:32.75] /i gi::setActiveWindow 3 -raise true
[12:03:33.80] /i db::setAttr geometry -of [gi::getFrames 3] -value 1450x864+158+112
[12:03:39.23] /i gi::setActiveWindow 2
[12:03:39.25] /i gi::setActiveWindow 2 -raise true
[12:03:39.45] /i db::setAttr geometry -of [gi::getFrames 2] -value 1450x864+205+63
[12:03:40.35] /i gi::executeAction giCloseWindow -in [gi::getWindows 2]
[12:16:58.72] /i gi::executeAction giCloseWindow -in [gi::getWindows 3]
[12:17:00.40] /m Information: License 'Schematic Editor' checked in. (LICENSE-004)
[12:17:03.52] /i gi::executeAction giCloseWindow -in [gi::getWindows 0]
[12:17:03.77] /r giDialog gi::setActiveDialog [gi::getDialogs {deExitDialog}]
[12:17:03.98] /r giDialog db::setAttr geometry -of [gi::getDialogs {deExitDialog}] -value 371x218+666+362
[12:17:05.70] /r giDialog gi::pressButton {ok} -in [gi::getDialogs {deExitDialog}]
[12:17:06.01] /r giDialog gi::setActiveDialog [gi::getDialogs {deCloseDesign}]
[12:17:06.28] /r giDialog db::setAttr geometry -of [gi::getDialogs {deCloseDesign}] -value 453x89+625+427
[12:17:12.17] /r giDialog gi::pressButton {discard} -in [gi::getDialogs {deCloseDesign}]
[12:17:14.44] /m Information: License 'Layout Editor' checked in. (LICENSE-004)
[12:17:14.60] /o Shutdown time: Wed Feb 28 12:17:14 2018
[12:17:14.60] /o Elapsed session real time: 37.38 minutes
[12:17:14.60] /o Session terminated. Log is at /home/eemaj/bevans/eecs168/cdesigner.log
