[13:40:48.82] /o Custom Designer (TM) Version J-2014.12-SP2-2
              /c Build  (OPT) Config 2901729 compiled on Sun Jul 26 20:41:43 2015 for RHEL64 5.7
              /c Invocation: /usr/local/synopsys/customdesigner/J-2014.12-SP2-2/amd64/platform/bin/cdesigner
              /c Execution time: Wed Jan 17 13:40:44 2018
              /c Host: bender.engr.ucr.edu
              /c 
              /c Copyright © 2004-2015 Synopsys, Inc. All rights reserved.
              /c Your use of this program is subject to the terms and conditions of the written license agreement between you, or your company, and Synopsys.
              /c 
[13:40:51.34] /i db::setAttr geometry -of [gi::getFrames 0] -value 600x300+8+610
[13:40:53.23] /i gi::setActiveTab {ConsoleTabs} -tabName {HistoryTab} -in [gi::getWindows 0]
[13:40:55.78] /i gi::setActiveTab {ConsoleTabs} -tabName {LogTab} -in [gi::getWindows 0]
[13:41:01.15] /# gi::executeAction deRecentFile_vlsi_lib_inverter_testbench_schematic_Editing -in [gi::getWindows 0]
[13:41:01.15] /a de::open vlsi_lib/inverter_testbench/schematic -readOnly false
[13:41:01.20] /o 	############################################
[13:41:01.20] /o 	--------------------------------------------
[13:41:01.20] /o 	PDK Name................... : SAED_PDK_90
[13:41:01.20] /o 	PDK Release Date........... : 29-Sep-2015
[13:41:01.20] /o 	PDK Custom Designer Version : J-2014.12-2
[13:41:01.20] /o 	--------------------------------------------
[13:41:01.20] /o 	############################################
[13:41:01.20] /o 
[13:41:01.20] /w Warning: Preference 'leActiveLPP' is deprecated and scheduled for removal in a future release with no replacement. For migration assistance, see the Custom Designer Tcl Reference Manual. (PREFERENCE-058)
[13:41:01.21] /o SAED PDK 90: Loaded callbacks
[13:41:01.21] /o SAED PDK 90: Loaded display resources
[13:41:01.28] /m Information: License 'Schematic Editor' checked out. (LICENSE-003)
[13:41:01.29] /m Information: License 'Schematic Editor' checked in. (LICENSE-004)
[13:41:01.39] /r giDialog gi::setActiveDialog [gi::getDialogs {deOpenFailed}]
[13:41:01.68] /r giDialog db::setAttr geometry -of [gi::getDialogs {deOpenFailed}] -value 496x89+603+427
[13:41:06.63] /r giDialog gi::pressButton {cancel} -in [gi::getDialogs {deOpenFailed}]
[13:41:31.79] /# gi::executeAction deRecentFile_vlsi_lib_inverter_testbench_schematic_Editing -in [gi::getWindows 0]
[13:41:31.80] /a de::open vlsi_lib/inverter_testbench/schematic -readOnly false
[13:41:31.85] /m Information: License 'Schematic Editor' checked out. (LICENSE-003)
[13:41:31.85] /m Information: License 'Schematic Editor' checked in. (LICENSE-004)
[13:41:31.96] /r giDialog gi::setActiveDialog [gi::getDialogs {deOpenFailed}]
[13:41:32.23] /r giDialog db::setAttr geometry -of [gi::getDialogs {deOpenFailed}] -value 496x89+603+427
[13:41:34.03] /r giDialog gi::pressButton {cancel} -in [gi::getDialogs {deOpenFailed}]
[13:41:50.28] /i gi::setActiveTab {ConsoleTabs} -tabName {ErrorTab} -in [gi::getWindows 0]
[13:41:55.18] /# gi::executeAction deRecentFile_vlsi_lib_inverter_testbench_schematic_Editing -in [gi::getWindows 0]
[13:41:55.18] /a de::open vlsi_lib/inverter_testbench/schematic -readOnly false
[13:41:55.23] /m Information: License 'Schematic Editor' checked out. (LICENSE-003)
[13:41:55.23] /m Information: License 'Schematic Editor' checked in. (LICENSE-004)
[13:41:55.36] /r giDialog gi::setActiveDialog [gi::getDialogs {deOpenFailed}]
[13:41:55.66] /r giDialog db::setAttr geometry -of [gi::getDialogs {deOpenFailed}] -value 496x89+603+427
[13:41:56.66] /r giDialog gi::pressButton {ok} -in [gi::getDialogs {deOpenFailed}]
[13:41:56.77] /r giWindowId 1
[13:41:56.77] /r giWindowGeometry 1450x864
[13:41:57.34] /o oa:0x23432fd0
[13:41:58.01] /i gi::setActiveWindow 0
[13:41:58.02] /i gi::setActiveWindow 0 -raise true
[13:41:58.41] /i gi::setActiveWindow 1
[13:41:58.44] /i gi::setActiveWindow 1 -raise true
[13:41:58.49] /i db::setAttr geometry -of [gi::getFrames 1] -value 1450x864+15+54
[13:42:00.39] /i db::setAttr geometry -of [gi::getFrames 1] -value 1450x864+224+50
[13:42:05.99] /# gi::executeAction seShowConsoleForWindow -in [gi::getWindows 1]
[13:42:05.99] /i sa::showConsole -context [db::getNext [de::getContexts -window 1]]
[13:42:07.25] /m Information: License 'Simulation & Analysis Environment' checked out. (LICENSE-003)
[13:42:07.28] /r giWindowId 2
[13:42:07.28] /r giWindowGeometry 600x500
[13:42:07.61] /o oa:0x286362b0
[13:42:07.97] /i db::setAttr geometry -of [gi::getFrames 2] -value 600x500+34+57
[13:42:10.05] /i gi::executeAction menuPreShow -in [gi::getWindows 2]
[13:42:10.06] /r giMenuAccess db::getNext [gi::getMenus saConsoleSessionMenu -from [gi::getWindows 2]]
[13:42:11.79] /# gi::executeAction saLoadState -in [gi::getWindows 2]
[13:42:11.79] /i sa::showLoadState -parent 2
[13:42:12.12] /o oa:0x286174f0
[13:42:12.41] /i gi::setActiveDialog [gi::getDialogs {saShowLoadState} -parent [gi::getWindows 2]]
[13:42:12.76] /i db::setAttr geometry -of [gi::getDialogs {saShowLoadState} -parent [gi::getWindows 2]] -value 600x645+154+157
[13:42:16.52] /i gi::setField {/loadFrom/openAccess} -value {true} -in [gi::getDialogs {saShowLoadState} -parent [gi::getWindows 2]]
[13:42:16.96] /i db::setAttr geometry -of [gi::getDialogs {saShowLoadState} -parent [gi::getWindows 2]] -value 600x616+154+157
[13:42:18.52] /i gi::pressButton {/ok} -in [gi::getDialogs {saShowLoadState} -parent [gi::getWindows 2]]
[13:42:20.74] /i gi::executeAction menuPreShow -in [gi::getWindows 2]
[13:42:20.75] /r giMenuAccess db::getNext [gi::getMenus saConsoleSimMenu -from [gi::getWindows 2]]
[13:42:21.74] /# gi::executeAction saNetlistAndRun -in [gi::getWindows 2]
[13:42:21.74] /i isa::netlistAndRun -testbench [sa::findActiveTestbench -window 2]
[13:42:21.79] /m Information: "Starting incremental netlisting for design "vlsi_lib/inverter_testbench/schematic"..." (NETLISTING-010)
[13:42:21.83] /o No Design Integrity rule violations found in "vlsi_lib/inverter_testbench/schematic"
[13:42:21.90] /m Information: "Netlisting design "vlsi_lib/inverter_testbench/schematic" finished successfully." (NETLISTING-012)
[13:42:21.91] /m Information: "Composing simulator input file for design "vlsi_lib/inverter_testbench/schematic"..."
[13:42:22.00] /m Information: "Simulator input file composed successfully for design "vlsi_lib/inverter_testbench/schematic""
[13:42:22.36] /r giWindowId 3
[13:42:22.36] /r giWindowGeometry 800x600
[13:42:23.04] /# gi::expand {jobMonitorTable} -index {0,0} -in [gi::getWindows 3]
[13:42:23.04] /# gi::expand {jobMonitorTable} -index {0.0,0} -in [gi::getWindows 3]
[13:42:23.10] /m Information: "Starting HSPICE simulation for design: vlsi_lib/inverter_testbench/schematic"
[13:42:23.10] /# gi::collapse {jobMonitorTable} -index {0.0,0} -in [gi::getWindows 3]
[13:42:23.15] /o 1
[13:42:23.15] /i gi::expand {jobMonitorTable} -index {0.0,0} -in [gi::getWindows 3]
[13:42:23.35] /i db::setAttr geometry -of [gi::getFrames 3] -value 800x600+34+57
[13:42:23.56] /m Information: "Simulation completed successfully for design: vlsi_lib/inverter_testbench/schematic "
[13:42:24.96] /m Information: Measurement calculations completed for testbench: default in 0s
[13:42:24.98] /m Information: "Evaluating and plotting outputs..."
[13:42:25.02] /m Information: Launching Waveform Viewer "cd /home/eemaj/bevans/simulation/vlsi_lib/inverter_testbench/schematic/HSPICE/nominal/results && wv -k -cdesigner > /home/eemaj/bevans/simulation/vlsi_lib/inverter_testbench/schematic/HSPICE/nominal/results/viewer.log 2>&1"
[13:42:43.57] /i gi::setActiveWindow 1
[13:42:43.58] /i gi::setActiveWindow 1 -raise true
[13:42:43.72] /i db::setAttr geometry -of [gi::getFrames 1] -value 852x888+854+31
[13:42:47.72] /i gi::setActiveWindow 2
[13:42:47.77] /i gi::setActiveWindow 2 -raise true
[13:42:52.01] /i gi::setActiveWindow 1
[13:42:52.02] /i gi::setActiveWindow 1 -raise true
[13:42:52.93] /# gi::executeAction deSelectActive -in [gi::getWindows 1]
[13:44:19.87] /i gi::setActiveWindow 2
[13:44:19.89] /i gi::setActiveWindow 2 -raise true
[13:44:22.29] /i gi::executeAction menuPreShow -in [gi::getWindows 2]
[13:44:22.29] /r giMenuAccess db::getNext [gi::getMenus saConsoleSimMenu -from [gi::getWindows 2]]
[13:46:05.51] /i gi::setCurrentIndex {analysisPane} -index {1,3} -in [gi::getWindows 2]
[13:46:05.52] /i gi::setItemSelection {analysisPane} -index {1,3} -in [gi::getWindows 2]
[13:46:06.00] /i gi::setActiveDialog [gi::getDialogs {saEditAnalysesDialogXsaeSession0} -parent [gi::getWindows 2]]
[13:46:06.26] /i db::setAttr geometry -of [gi::getDialogs {saEditAnalysesDialogXsaeSession0} -parent [gi::getWindows 2]] -value 511x500+140+181
[13:46:20.56] /i gi::setField {/analysesGroups/tabGeneral/anaPane/source} -value {/V2} -in [gi::getDialogs {saEditAnalysesDialogXsaeSession0} -parent [gi::getWindows 2]]
[13:46:20.76] /i gi::pressButton {/ok} -in [gi::getDialogs {saEditAnalysesDialogXsaeSession0} -parent [gi::getWindows 2]]
[13:46:20.84] /i gi::setCurrentIndex {analysisPane} -index {0,0} -in [gi::getWindows 2]
[13:46:23.04] /# gi::executeAction saNetlistAndRun -in [gi::getWindows 2]
[13:46:23.04] /i isa::netlistAndRun -testbench [sa::findActiveTestbench -window 2]
[13:46:23.09] /m Information: "Starting incremental netlisting for design "vlsi_lib/inverter_testbench/schematic"..." (NETLISTING-010)
[13:46:23.13] /o No Design Integrity rule violations found in "vlsi_lib/inverter_testbench/schematic"
[13:46:23.21] /m Information: "Netlisting design "vlsi_lib/inverter_testbench/schematic" finished successfully." (NETLISTING-012)
[13:46:23.22] /m Information: "Composing simulator input file for design "vlsi_lib/inverter_testbench/schematic"..."
[13:46:23.31] /m Information: "Simulator input file composed successfully for design "vlsi_lib/inverter_testbench/schematic""
[13:46:23.89] /m Information: "Starting HSPICE simulation for design: vlsi_lib/inverter_testbench/schematic"
[13:46:23.90] /# gi::collapse {jobMonitorTable} -index {0.0,0} -in [gi::getWindows 3]
[13:46:23.93] /o 1
[13:46:23.93] /i gi::expand {jobMonitorTable} -index {0.0,0} -in [gi::getWindows 3]
[13:46:24.29] /m Information: "Simulation completed successfully for design: vlsi_lib/inverter_testbench/schematic "
[13:46:24.57] /m Information: Measurement calculations completed for testbench: default in 0s
[13:46:24.58] /m Information: "Evaluating and plotting outputs..."
[13:46:52.30] /i gi::setActiveWindow 1
[13:46:52.31] /i gi::setActiveWindow 1 -raise true
[13:46:52.37] /# gi::executeAction dePan -in [gi::getWindows 1]
[13:46:52.37] /i ide::pan 1
[13:46:52.98] /# gi::executeAction deStartDrag -in [gi::getWindows 1]
[13:46:52.99] /i de::startDrag {2.19375 3.2} -window 1
[13:46:53.59] /# gi::executeAction deEndDrag -in [gi::getWindows 1]
[13:46:53.59] /i de::endDrag {2.18125 3.19375} -window 1
[13:46:53.60] /r dePanToPoint {2.6625 2.25}
[13:46:54.47] /# gi::executeAction deAddPoint -in [gi::getWindows 1]
[13:46:54.47] /i de::addPoint {3.41875 2.3375} -window 1
[13:46:54.58] /# gi::executeAction deCompleteShape -in [gi::getWindows 1]
[13:46:54.58] /i de::completeShape -window 1
[13:46:54.74] /w Warning: Nothing is bound to the 'Button1-Triple' in the current active set. (WINDOW-015)
[13:46:56.81] /# gi::executeAction deAddPoint -in [gi::getWindows 1]
[13:46:56.81] /i de::addPoint {3.48125 2.4} -window 1
[13:46:56.97] /# gi::executeAction deCompleteShape -in [gi::getWindows 1]
[13:46:56.97] /i de::completeShape -window 1
[13:46:57.66] /# gi::executeAction deAddPoint -in [gi::getWindows 1]
[13:46:57.66] /i de::addPoint {3.5375 2.40625} -window 1
[13:46:58.85] /# gi::executeAction deAbortCommand -in [gi::getWindows 1]
[13:46:58.85] /i de::abortCommand -window 1
[13:47:00.29] /# gi::executeAction deSelectActive -in [gi::getWindows 1]
[13:47:00.29] /i de::select [de::getActiveFigure [gi::getWindows 1] -point {3.55 2.36875} -index 0 -intent none] -replace true
[13:47:00.30] /o oa:0x28ce2400
[13:47:00.46] /# gi::executeAction deDescend -in [gi::getWindows 1]
[13:47:00.46] /i ide::descend 1 -inPlace false -promptView false -readOnly [expr ![de::isEditable [db::getNext [de::getContexts -window 1]]]]
[13:47:00.47] /e Error: Could not descend in pre-selection mode, because the selected object is not an instance. (DESIGN_COMMANDS-036)
[13:47:01.40] /# gi::executeAction deAddPoint -in [gi::getWindows 1]
[13:47:01.40] /i de::addPoint {3.35625 2.325} -window 1
[13:47:01.41] /# Navigating to vlsi_lib/inverter/schematic (I0)
[13:47:01.64] /# gi::executeAction deSelectActive -in [gi::getWindows 1]
[13:47:28.27] /m Information: Waveform Viewer exited normally.
[13:47:30.17] /i gi::executeAction giCloseWindow -in [gi::getWindows 1]
[13:47:30.71] /i gi::setActiveWindow 2
[13:47:30.72] /i gi::setActiveWindow 2 -raise true
[13:47:33.28] /i gi::executeAction giCloseWindow -in [gi::getWindows 2]
[13:47:33.42] /r giDialog gi::setActiveDialog [gi::getDialogs {giPrompt} -parent [gi::getWindows 2]]
[13:47:33.71] /r giDialog db::setAttr geometry -of [gi::getDialogs {giPrompt} -parent [gi::getWindows 2]] -value 305x99+180+249
[13:47:38.22] /r giDialog gi::pressButton {save} -in [gi::getDialogs {giPrompt} -parent [gi::getWindows 2]]
[13:47:38.72] /r giDialog gi::setActiveDialog [gi::getDialogs {saShowSaveState} -parent [gi::getWindows 2]]
[13:47:38.98] /r giDialog db::setAttr geometry -of [gi::getDialogs {saShowSaveState} -parent [gi::getWindows 2]] -value 506x565+113+128
[13:47:41.46] /r giDialog gi::pressButton {/ok} -in [gi::getDialogs {saShowSaveState} -parent [gi::getWindows 2]]
[13:47:41.75] /i gi::setActiveWindow 3
[13:47:41.76] /i gi::setActiveWindow 3 -raise true
[13:47:43.34] /i gi::executeAction giCloseWindow -in [gi::getWindows 3]
[13:47:43.39] /i gi::setActiveWindow 0
[13:47:43.41] /i gi::setActiveWindow 0 -raise true
[13:47:45.13] /i gi::executeAction giCloseWindow -in [gi::getWindows 0]
[13:47:45.21] /r giDialog gi::setActiveDialog [gi::getDialogs {deExitDialog}]
[13:47:45.49] /r giDialog db::setAttr geometry -of [gi::getDialogs {deExitDialog}] -value 371x218+666+362
[13:47:48.18] /r giDialog gi::setField {saveState} -value {true} -in [gi::getDialogs {deExitDialog}]
[13:47:50.30] /r giDialog gi::pressButton {ok} -in [gi::getDialogs {deExitDialog}]
[13:47:50.56] /o Shutdown time: Wed Jan 17 13:47:50 2018
[13:47:50.56] /o Elapsed session real time: 7.01 minutes
[13:47:50.56] /o Session terminated. Log is at /home/eemaj/bevans/eecs168/cdesigner.bevans.17_1_13_32.log
