ICV_VUE Info : + INFO: Filter has been loaded successfully.
        '/usr/local/synopsys/icvalidator/K-2015.12-3/lib-u/LINUX.64/VUE/Layout/libhiCDesignerLE.so'
ICV_VUE Info : + INFO: Filter version checking passed. (is: v2, expected: v2)
DEBUG: ConnectToServer: bender.engr.ucr.edu 57504
DEBUG: connect back to cdesigner: 'bender.engr.ucr.edu:57504'

< LAYOUT: start_vue >
V SET_COLOR white       white
V SET_COLOR red         red
V SET_COLOR darkRed     maroon
V SET_COLOR green       lime
V SET_COLOR darkGreen   forest
V SET_COLOR blue        blue
V SET_COLOR darkBlue    navy
V SET_COLOR cyan        cyan
V SET_COLOR darkCyan    cadetBlue
V SET_COLOR magenta     magenta
V SET_COLOR darkMagenta purple
V SET_COLOR yellow      yellow
V SET_FILL  blank       blank
V SET_FILL  solid       solid
V SET_FILL  backSlash   backSlash
V SET_FILL  slash       slash
V SET_FILL  dot         dots
V SET_FILL  diagCross   X
V SET_FILL  brick       brick
V SET_FILL  horizontal  hLine
V SET_FILL  vertical    vLine
L CDESIGNER::StartFilter LAY
L set topLayLCV  ""
L set curLayLCV  ""

< LAYOUT: start_filter >
L CDESIGNER::SendCommand setWorkingDir "[pwd]"

< LAYOUT: load_hercules >
L set topLayLCV "vlsi_lib/nand/layout"
L set curLayLCV "$topLayLCV"
L CDESIGNER::SendCommand setWorkingDir "/home/eemaj/bevans/eecs168/pvjob_vlsi_lib.nand.icv.drc"
L CDESIGNER::SendCommand setTopLayLCV "$topLayLCV"
L CDESIGNER::SendCommand openLCV "$curLayLCV"
DEBUG: PushBackXprobeMessage{vueSetDbu 0.001
}

< LAYOUT: remove_hilites >
L CDESIGNER::SendCommand clearAllHighlights $curLayLCV

< LAYOUT: new_block >
V ZOOM_EXTENTS_RESET
L CDESIGNER::SendCommand clearAllHighlights "$curLayLCV"
L set curLayLCV "vlsi_lib/nand/layout"
L CDESIGNER::SendCommand openLCV "$curLayLCV"
DEBUG: PushBackXprobeMessage{vueSetDbu 0.001
}

< LAYOUT: before_hilite >
V ZOOM_EXTENTS_RESET

< LAYOUT: primary_hilite >
L CDESIGNER::SendCommand setHighlightProperty "yellow" "brick"

< LAYOUT: poly_group_begin >

< LAYOUT: poly_begin >
L CDESIGNER::SendCommandNB addPolygonBegin $curLayLCV "3"

< LAYOUT: poly_point_set >
L CDESIGNER::AddPolygonPoints $curLayLCV {2.81 4.641 2.81 4.61 2.835 4.61 }

< LAYOUT: poly_end >
L CDESIGNER::SendCommandNB addPolygonEnd $curLayLCV

< LAYOUT: poly_group_end >

< LAYOUT: zoom_extents >
L CDESIGNER::SendCommand setViewPort $curLayLCV [list 2.806875 4.606125 2.838125 4.644875]

< LAYOUT: drc_error >
L CDESIGNER::SendCommand addErrorDescription $curLayLCV {"Distance: 0.025"}

< LAYOUT: after_hilite >
L CDESIGNER::SendCommand drawHighlights $curLayLCV

< LAYOUT: before_hilite >
V ZOOM_EXTENTS_RESET

< LAYOUT: primary_hilite >
L CDESIGNER::SendCommand setHighlightProperty "yellow" "brick"

< LAYOUT: poly_group_begin >

< LAYOUT: poly_begin >
L CDESIGNER::SendCommandNB addPolygonBegin $curLayLCV "4"

< LAYOUT: poly_point_set >
L CDESIGNER::AddPolygonPoints $curLayLCV {3.38 4.48 3.38 4.61 3.51 4.61 3.51 4.48}

< LAYOUT: poly_end >
L CDESIGNER::SendCommandNB addPolygonEnd $curLayLCV

< LAYOUT: poly_group_end >

< LAYOUT: zoom_extents >
L CDESIGNER::SendCommand setViewPort $curLayLCV [list 3.36375 4.46375 3.52625 4.62625]

< LAYOUT: drc_error >
L CDESIGNER::SendCommand addErrorDescription $curLayLCV {""}

< LAYOUT: after_hilite >
L CDESIGNER::SendCommand drawHighlights $curLayLCV

< LAYOUT: before_hilite >
V ZOOM_EXTENTS_RESET

< LAYOUT: primary_hilite >
L CDESIGNER::SendCommand setHighlightProperty "yellow" "brick"

< LAYOUT: poly_group_begin >

< LAYOUT: poly_begin >
L CDESIGNER::SendCommandNB addPolygonBegin $curLayLCV "4"

< LAYOUT: poly_point_set >
L CDESIGNER::AddPolygonPoints $curLayLCV {3.38 4.48 3.38 4.61 3.51 4.61 3.51 4.48}

< LAYOUT: poly_end >
L CDESIGNER::SendCommandNB addPolygonEnd $curLayLCV

< LAYOUT: poly_group_end >

< LAYOUT: zoom_extents >
L CDESIGNER::SendCommand setViewPort $curLayLCV [list 3.36375 4.46375 3.52625 4.62625]

< LAYOUT: drc_error >
L CDESIGNER::SendCommand addErrorDescription $curLayLCV {""}

< LAYOUT: after_hilite >
L CDESIGNER::SendCommand drawHighlights $curLayLCV

< LAYOUT: before_hilite >
V ZOOM_EXTENTS_RESET

< LAYOUT: primary_hilite >
L CDESIGNER::SendCommand setHighlightProperty "yellow" "brick"

< LAYOUT: poly_group_begin >

< LAYOUT: poly_begin >
L CDESIGNER::SendCommandNB addPolygonBegin $curLayLCV "4"

< LAYOUT: poly_point_set >
L CDESIGNER::AddPolygonPoints $curLayLCV {3.38 4.48 3.38 4.61 3.51 4.61 3.51 4.48}

< LAYOUT: poly_end >
L CDESIGNER::SendCommandNB addPolygonEnd $curLayLCV

< LAYOUT: poly_group_end >

< LAYOUT: zoom_extents >
L CDESIGNER::SendCommand setViewPort $curLayLCV [list 3.36375 4.46375 3.52625 4.62625]

< LAYOUT: drc_error >
L CDESIGNER::SendCommand addErrorDescription $curLayLCV {""}

< LAYOUT: after_hilite >
L CDESIGNER::SendCommand drawHighlights $curLayLCV

< LAYOUT: before_hilite >
V ZOOM_EXTENTS_RESET

< LAYOUT: primary_hilite >
L CDESIGNER::SendCommand setHighlightProperty "yellow" "brick"

< LAYOUT: poly_group_begin >

< LAYOUT: poly_begin >
L CDESIGNER::SendCommandNB addPolygonBegin $curLayLCV "4"

< LAYOUT: poly_point_set >
L CDESIGNER::AddPolygonPoints $curLayLCV {2.835 4.48 2.835 4.61 2.965 4.61 2.965 4.48}

< LAYOUT: poly_end >
L CDESIGNER::SendCommandNB addPolygonEnd $curLayLCV

< LAYOUT: poly_group_end >

< LAYOUT: zoom_extents >
L CDESIGNER::SendCommand setViewPort $curLayLCV [list 2.81875 4.46375 2.98125 4.62625]

< LAYOUT: drc_error >
L CDESIGNER::SendCommand addErrorDescription $curLayLCV {""}

< LAYOUT: after_hilite >
L CDESIGNER::SendCommand drawHighlights $curLayLCV

< LAYOUT: remove_hilites >
L CDESIGNER::SendCommand clearAllHighlights $curLayLCV

< LAYOUT: remove_hilites >
L CDESIGNER::SendCommand clearAllHighlights $curLayLCV

< LAYOUT: remove_hilites >
L CDESIGNER::SendCommand clearAllHighlights $curLayLCV
